{"C:\\Users\\poffy\\Desktop\\Università\\Magistrale\\Software2\\Participium\\server\\router\\category.mjs": {"path":"C:\\Users\\poffy\\Desktop\\Università\\Magistrale\\Software2\\Participium\\server\\router\\category.mjs","statementMap":{"0":{"start":{"line":4,"column":15},"end":{"line":4,"column":23}},"1":{"start":{"line":8,"column":0},"end":{"line":18,"column":3}},"2":{"start":{"line":9,"column":2},"end":{"line":17,"column":3}},"3":{"start":{"line":10,"column":4},"end":{"line":12,"column":5}},"4":{"start":{"line":11,"column":6},"end":{"line":11,"column":66}},"5":{"start":{"line":13,"column":23},"end":{"line":13,"column":47}},"6":{"start":{"line":14,"column":2},"end":{"line":14,"column":42}},"7":{"start":{"line":16,"column":4},"end":{"line":16,"column":87}}},"fnMap":{"0":{"name":"(anonymous_0)","decl":{"start":{"line":8,"column":26},"end":{"line":8,"column":27}},"loc":{"start":{"line":8,"column":46},"end":{"line":18,"column":1}},"line":8}},"branchMap":{"0":{"loc":{"start":{"line":10,"column":4},"end":{"line":12,"column":5}},"type":"if","locations":[{"start":{"line":10,"column":4},"end":{"line":12,"column":5}},{"start":{},"end":{}}],"line":10}},"s":{"0":3,"1":3,"2":3,"3":3,"4":1,"5":2,"6":1,"7":1},"f":{"0":3},"b":{"0":[1,2]},"inputSourceMap":null,"_coverageSchema":"1a1c01bbd47fc00a2c39e90264f33305004495a9","hash":"9945e86dfbd9551aa367529361d282ad334c6fb1"}
,"C:\\Users\\poffy\\Desktop\\Università\\Magistrale\\Software2\\Participium\\server\\router\\citizen.mjs": {"path":"C:\\Users\\poffy\\Desktop\\Università\\Magistrale\\Software2\\Participium\\server\\router\\citizen.mjs","statementMap":{"0":{"start":{"line":11,"column":15},"end":{"line":11,"column":23}},"1":{"start":{"line":16,"column":0},"end":{"line":43,"column":3}},"2":{"start":{"line":27,"column":17},"end":{"line":27,"column":38}},"3":{"start":{"line":28,"column":2},"end":{"line":30,"column":3}},"4":{"start":{"line":29,"column":4},"end":{"line":29,"column":60}},"5":{"start":{"line":32,"column":2},"end":{"line":42,"column":3}},"6":{"start":{"line":33,"column":86},"end":{"line":33,"column":94}},"7":{"start":{"line":34,"column":17},"end":{"line":34,"column":104}},"8":{"start":{"line":35,"column":2},"end":{"line":35,"column":36}},"9":{"start":{"line":37,"column":4},"end":{"line":41,"column":5}},"10":{"start":{"line":38,"column":4},"end":{"line":38,"column":79}},"11":{"start":{"line":40,"column":4},"end":{"line":40,"column":82}},"12":{"start":{"line":46,"column":0},"end":{"line":59,"column":3}},"13":{"start":{"line":47,"column":2},"end":{"line":58,"column":3}},"14":{"start":{"line":48,"column":4},"end":{"line":49,"column":66}},"15":{"start":{"line":49,"column":6},"end":{"line":49,"column":66}},"16":{"start":{"line":50,"column":19},"end":{"line":50,"column":30}},"17":{"start":{"line":51,"column":4},"end":{"line":52,"column":64}},"18":{"start":{"line":52,"column":6},"end":{"line":52,"column":64}},"19":{"start":{"line":53,"column":17},"end":{"line":53,"column":46}},"20":{"start":{"line":54,"column":4},"end":{"line":54,"column":72}},"21":{"start":{"line":54,"column":15},"end":{"line":54,"column":72}},"22":{"start":{"line":55,"column":2},"end":{"line":55,"column":36}},"23":{"start":{"line":57,"column":2},"end":{"line":57,"column":81}},"24":{"start":{"line":62,"column":0},"end":{"line":85,"column":3}},"25":{"start":{"line":63,"column":2},"end":{"line":84,"column":3}},"26":{"start":{"line":64,"column":4},"end":{"line":65,"column":66}},"27":{"start":{"line":65,"column":6},"end":{"line":65,"column":66}},"28":{"start":{"line":66,"column":19},"end":{"line":66,"column":30}},"29":{"start":{"line":67,"column":20},"end":{"line":67,"column":28}},"30":{"start":{"line":69,"column":4},"end":{"line":71,"column":5}},"31":{"start":{"line":70,"column":6},"end":{"line":70,"column":74}},"32":{"start":{"line":73,"column":24},"end":{"line":73,"column":61}},"33":{"start":{"line":75,"column":4},"end":{"line":79,"column":5}},"34":{"start":{"line":76,"column":6},"end":{"line":78,"column":65}},"35":{"start":{"line":81,"column":2},"end":{"line":81,"column":31}},"36":{"start":{"line":83,"column":2},"end":{"line":83,"column":66}},"37":{"start":{"line":90,"column":0},"end":{"line":110,"column":3}},"38":{"start":{"line":91,"column":2},"end":{"line":109,"column":3}},"39":{"start":{"line":92,"column":4},"end":{"line":93,"column":66}},"40":{"start":{"line":93,"column":6},"end":{"line":93,"column":66}},"41":{"start":{"line":94,"column":19},"end":{"line":94,"column":30}},"42":{"start":{"line":95,"column":4},"end":{"line":98,"column":6}},"43":{"start":{"line":99,"column":4},"end":{"line":100,"column":64}},"44":{"start":{"line":100,"column":6},"end":{"line":100,"column":64}},"45":{"start":{"line":102,"column":23},"end":{"line":102,"column":66}},"46":{"start":{"line":104,"column":4},"end":{"line":104,"column":48}},"47":{"start":{"line":106,"column":4},"end":{"line":108,"column":77}},"48":{"start":{"line":112,"column":0},"end":{"line":129,"column":3}},"49":{"start":{"line":113,"column":2},"end":{"line":128,"column":3}},"50":{"start":{"line":114,"column":4},"end":{"line":115,"column":66}},"51":{"start":{"line":115,"column":6},"end":{"line":115,"column":66}},"52":{"start":{"line":116,"column":19},"end":{"line":116,"column":30}},"53":{"start":{"line":117,"column":21},"end":{"line":117,"column":29}},"54":{"start":{"line":118,"column":4},"end":{"line":119,"column":64}},"55":{"start":{"line":119,"column":6},"end":{"line":119,"column":64}},"56":{"start":{"line":120,"column":4},"end":{"line":121,"column":70}},"57":{"start":{"line":121,"column":6},"end":{"line":121,"column":70}},"58":{"start":{"line":122,"column":20},"end":{"line":122,"column":55}},"59":{"start":{"line":123,"column":4},"end":{"line":124,"column":72}},"60":{"start":{"line":124,"column":6},"end":{"line":124,"column":72}},"61":{"start":{"line":125,"column":2},"end":{"line":125,"column":29}},"62":{"start":{"line":127,"column":2},"end":{"line":127,"column":85}}},"fnMap":{"0":{"name":"(anonymous_0)","decl":{"start":{"line":25,"column":3},"end":{"line":25,"column":4}},"loc":{"start":{"line":25,"column":23},"end":{"line":43,"column":1}},"line":25},"1":{"name":"(anonymous_1)","decl":{"start":{"line":46,"column":24},"end":{"line":46,"column":25}},"loc":{"start":{"line":46,"column":44},"end":{"line":59,"column":1}},"line":46},"2":{"name":"(anonymous_2)","decl":{"start":{"line":62,"column":24},"end":{"line":62,"column":25}},"loc":{"start":{"line":62,"column":44},"end":{"line":85,"column":1}},"line":62},"3":{"name":"(anonymous_3)","decl":{"start":{"line":90,"column":43},"end":{"line":90,"column":44}},"loc":{"start":{"line":90,"column":63},"end":{"line":110,"column":1}},"line":90},"4":{"name":"(anonymous_4)","decl":{"start":{"line":112,"column":38},"end":{"line":112,"column":39}},"loc":{"start":{"line":112,"column":58},"end":{"line":129,"column":1}},"line":112}},"branchMap":{"0":{"loc":{"start":{"line":28,"column":2},"end":{"line":30,"column":3}},"type":"if","locations":[{"start":{"line":28,"column":2},"end":{"line":30,"column":3}},{"start":{},"end":{}}],"line":28},"1":{"loc":{"start":{"line":37,"column":4},"end":{"line":41,"column":5}},"type":"if","locations":[{"start":{"line":37,"column":4},"end":{"line":41,"column":5}},{"start":{"line":39,"column":11},"end":{"line":41,"column":5}}],"line":37},"2":{"loc":{"start":{"line":48,"column":4},"end":{"line":49,"column":66}},"type":"if","locations":[{"start":{"line":48,"column":4},"end":{"line":49,"column":66}},{"start":{},"end":{}}],"line":48},"3":{"loc":{"start":{"line":51,"column":4},"end":{"line":52,"column":64}},"type":"if","locations":[{"start":{"line":51,"column":4},"end":{"line":52,"column":64}},{"start":{},"end":{}}],"line":51},"4":{"loc":{"start":{"line":54,"column":4},"end":{"line":54,"column":72}},"type":"if","locations":[{"start":{"line":54,"column":4},"end":{"line":54,"column":72}},{"start":{},"end":{}}],"line":54},"5":{"loc":{"start":{"line":64,"column":4},"end":{"line":65,"column":66}},"type":"if","locations":[{"start":{"line":64,"column":4},"end":{"line":65,"column":66}},{"start":{},"end":{}}],"line":64},"6":{"loc":{"start":{"line":69,"column":4},"end":{"line":71,"column":5}},"type":"if","locations":[{"start":{"line":69,"column":4},"end":{"line":71,"column":5}},{"start":{},"end":{}}],"line":69},"7":{"loc":{"start":{"line":69,"column":8},"end":{"line":69,"column":53}},"type":"binary-expr","locations":[{"start":{"line":69,"column":8},"end":{"line":69,"column":16}},{"start":{"line":69,"column":20},"end":{"line":69,"column":53}}],"line":69},"8":{"loc":{"start":{"line":75,"column":4},"end":{"line":79,"column":5}},"type":"if","locations":[{"start":{"line":75,"column":4},"end":{"line":79,"column":5}},{"start":{},"end":{}}],"line":75},"9":{"loc":{"start":{"line":92,"column":4},"end":{"line":93,"column":66}},"type":"if","locations":[{"start":{"line":92,"column":4},"end":{"line":93,"column":66}},{"start":{},"end":{}}],"line":92},"10":{"loc":{"start":{"line":99,"column":4},"end":{"line":100,"column":64}},"type":"if","locations":[{"start":{"line":99,"column":4},"end":{"line":100,"column":64}},{"start":{},"end":{}}],"line":99},"11":{"loc":{"start":{"line":114,"column":4},"end":{"line":115,"column":66}},"type":"if","locations":[{"start":{"line":114,"column":4},"end":{"line":115,"column":66}},{"start":{},"end":{}}],"line":114},"12":{"loc":{"start":{"line":118,"column":4},"end":{"line":119,"column":64}},"type":"if","locations":[{"start":{"line":118,"column":4},"end":{"line":119,"column":64}},{"start":{},"end":{}}],"line":118},"13":{"loc":{"start":{"line":120,"column":4},"end":{"line":121,"column":70}},"type":"if","locations":[{"start":{"line":120,"column":4},"end":{"line":121,"column":70}},{"start":{},"end":{}}],"line":120},"14":{"loc":{"start":{"line":123,"column":4},"end":{"line":124,"column":72}},"type":"if","locations":[{"start":{"line":123,"column":4},"end":{"line":124,"column":72}},{"start":{},"end":{}}],"line":123}},"s":{"0":24,"1":24,"2":4,"3":4,"4":1,"5":3,"6":3,"7":3,"8":1,"9":2,"10":1,"11":1,"12":24,"13":5,"14":5,"15":1,"16":4,"17":4,"18":1,"19":3,"20":2,"21":1,"22":1,"23":1,"24":24,"25":5,"26":5,"27":1,"28":4,"29":4,"30":4,"31":1,"32":3,"33":2,"34":1,"35":1,"36":1,"37":24,"38":4,"39":4,"40":1,"41":3,"42":3,"43":3,"44":1,"45":2,"46":1,"47":1,"48":24,"49":6,"50":6,"51":1,"52":5,"53":5,"54":5,"55":1,"56":4,"57":1,"58":3,"59":2,"60":1,"61":1,"62":1},"f":{"0":4,"1":5,"2":5,"3":4,"4":6},"b":{"0":[1,3],"1":[1,1],"2":[1,4],"3":[1,3],"4":[1,1],"5":[1,4],"6":[1,3],"7":[4,4],"8":[1,1],"9":[1,3],"10":[1,2],"11":[1,5],"12":[1,4],"13":[1,3],"14":[1,1]},"inputSourceMap":null,"_coverageSchema":"1a1c01bbd47fc00a2c39e90264f33305004495a9","hash":"5ea564b63f28cc2a6469659f4f2954a5cf0c04ac"}
,"C:\\Users\\poffy\\Desktop\\Università\\Magistrale\\Software2\\Participium\\server\\router\\company.mjs": {"path":"C:\\Users\\poffy\\Desktop\\Università\\Magistrale\\Software2\\Participium\\server\\router\\company.mjs","statementMap":{"0":{"start":{"line":3,"column":15},"end":{"line":3,"column":23}},"1":{"start":{"line":7,"column":0},"end":{"line":17,"column":3}},"2":{"start":{"line":8,"column":2},"end":{"line":16,"column":3}},"3":{"start":{"line":9,"column":4},"end":{"line":11,"column":5}},"4":{"start":{"line":10,"column":6},"end":{"line":10,"column":66}},"5":{"start":{"line":12,"column":18},"end":{"line":12,"column":41}},"6":{"start":{"line":13,"column":2},"end":{"line":13,"column":37}},"7":{"start":{"line":15,"column":2},"end":{"line":15,"column":84}}},"fnMap":{"0":{"name":"(anonymous_0)","decl":{"start":{"line":7,"column":25},"end":{"line":7,"column":26}},"loc":{"start":{"line":7,"column":45},"end":{"line":17,"column":1}},"line":7}},"branchMap":{"0":{"loc":{"start":{"line":9,"column":4},"end":{"line":11,"column":5}},"type":"if","locations":[{"start":{"line":9,"column":4},"end":{"line":11,"column":5}},{"start":{},"end":{}}],"line":9}},"s":{"0":3,"1":3,"2":3,"3":3,"4":1,"5":2,"6":1,"7":1},"f":{"0":3},"b":{"0":[1,2]},"inputSourceMap":null,"_coverageSchema":"1a1c01bbd47fc00a2c39e90264f33305004495a9","hash":"324fb1126e08e78f3b579b3e4d8a9b5b25f7fefa"}
,"C:\\Users\\poffy\\Desktop\\Università\\Magistrale\\Software2\\Participium\\server\\router\\office.mjs": {"path":"C:\\Users\\poffy\\Desktop\\Università\\Magistrale\\Software2\\Participium\\server\\router\\office.mjs","statementMap":{"0":{"start":{"line":4,"column":15},"end":{"line":4,"column":23}},"1":{"start":{"line":7,"column":0},"end":{"line":17,"column":3}},"2":{"start":{"line":8,"column":2},"end":{"line":16,"column":3}},"3":{"start":{"line":9,"column":4},"end":{"line":11,"column":5}},"4":{"start":{"line":10,"column":6},"end":{"line":10,"column":66}},"5":{"start":{"line":12,"column":20},"end":{"line":12,"column":41}},"6":{"start":{"line":13,"column":2},"end":{"line":13,"column":39}},"7":{"start":{"line":15,"column":2},"end":{"line":15,"column":83}}},"fnMap":{"0":{"name":"(anonymous_0)","decl":{"start":{"line":7,"column":23},"end":{"line":7,"column":24}},"loc":{"start":{"line":7,"column":43},"end":{"line":17,"column":1}},"line":7}},"branchMap":{"0":{"loc":{"start":{"line":9,"column":4},"end":{"line":11,"column":5}},"type":"if","locations":[{"start":{"line":9,"column":4},"end":{"line":11,"column":5}},{"start":{},"end":{}}],"line":9}},"s":{"0":3,"1":3,"2":3,"3":3,"4":1,"5":2,"6":1,"7":1},"f":{"0":3},"b":{"0":[1,2]},"inputSourceMap":null,"_coverageSchema":"1a1c01bbd47fc00a2c39e90264f33305004495a9","hash":"a9d8b776659c418c61b887ea4219f0625e53041f"}
,"C:\\Users\\poffy\\Desktop\\Università\\Magistrale\\Software2\\Participium\\server\\router\\operator.mjs": {"path":"C:\\Users\\poffy\\Desktop\\Università\\Magistrale\\Software2\\Participium\\server\\router\\operator.mjs","statementMap":{"0":{"start":{"line":9,"column":15},"end":{"line":9,"column":23}},"1":{"start":{"line":14,"column":0},"end":{"line":30,"column":3}},"2":{"start":{"line":15,"column":2},"end":{"line":29,"column":3}},"3":{"start":{"line":17,"column":4},"end":{"line":19,"column":5}},"4":{"start":{"line":18,"column":6},"end":{"line":18,"column":66}},"5":{"start":{"line":21,"column":4},"end":{"line":23,"column":5}},"6":{"start":{"line":22,"column":6},"end":{"line":22,"column":58}},"7":{"start":{"line":25,"column":18},"end":{"line":25,"column":41}},"8":{"start":{"line":26,"column":2},"end":{"line":26,"column":25}},"9":{"start":{"line":28,"column":2},"end":{"line":28,"column":66}},"10":{"start":{"line":36,"column":0},"end":{"line":68,"column":3}},"11":{"start":{"line":40,"column":2},"end":{"line":42,"column":3}},"12":{"start":{"line":41,"column":4},"end":{"line":41,"column":64}},"13":{"start":{"line":44,"column":17},"end":{"line":44,"column":38}},"14":{"start":{"line":45,"column":2},"end":{"line":47,"column":3}},"15":{"start":{"line":46,"column":4},"end":{"line":46,"column":60}},"16":{"start":{"line":49,"column":2},"end":{"line":66,"column":3}},"17":{"start":{"line":50,"column":26},"end":{"line":50,"column":35}},"18":{"start":{"line":52,"column":4},"end":{"line":55,"column":5}},"19":{"start":{"line":53,"column":24},"end":{"line":53,"column":71}},"20":{"start":{"line":54,"column":6},"end":{"line":54,"column":45}},"21":{"start":{"line":57,"column":4},"end":{"line":61,"column":5}},"22":{"start":{"line":59,"column":26},"end":{"line":59,"column":66}},"23":{"start":{"line":60,"column":6},"end":{"line":60,"column":47}},"24":{"start":{"line":63,"column":4},"end":{"line":63,"column":56}},"25":{"start":{"line":65,"column":6},"end":{"line":65,"column":39}},"26":{"start":{"line":72,"column":0},"end":{"line":117,"column":3}},"27":{"start":{"line":83,"column":2},"end":{"line":85,"column":3}},"28":{"start":{"line":84,"column":4},"end":{"line":84,"column":61}},"29":{"start":{"line":87,"column":17},"end":{"line":87,"column":38}},"30":{"start":{"line":88,"column":2},"end":{"line":90,"column":3}},"31":{"start":{"line":89,"column":4},"end":{"line":89,"column":60}},"32":{"start":{"line":92,"column":2},"end":{"line":116,"column":3}},"33":{"start":{"line":93,"column":66},"end":{"line":93,"column":74}},"34":{"start":{"line":95,"column":4},"end":{"line":100,"column":5}},"35":{"start":{"line":99,"column":6},"end":{"line":99,"column":20}},"36":{"start":{"line":102,"column":4},"end":{"line":105,"column":5}},"37":{"start":{"line":104,"column":6},"end":{"line":104,"column":80}},"38":{"start":{"line":108,"column":17},"end":{"line":108,"column":98}},"39":{"start":{"line":109,"column":4},"end":{"line":109,"column":38}},"40":{"start":{"line":111,"column":4},"end":{"line":115,"column":5}},"41":{"start":{"line":112,"column":6},"end":{"line":112,"column":81}},"42":{"start":{"line":114,"column":6},"end":{"line":114,"column":84}}},"fnMap":{"0":{"name":"(anonymous_0)","decl":{"start":{"line":14,"column":21},"end":{"line":14,"column":22}},"loc":{"start":{"line":14,"column":41},"end":{"line":30,"column":1}},"line":14},"1":{"name":"(anonymous_1)","decl":{"start":{"line":38,"column":6},"end":{"line":38,"column":7}},"loc":{"start":{"line":38,"column":26},"end":{"line":68,"column":1}},"line":38},"2":{"name":"(anonymous_2)","decl":{"start":{"line":81,"column":3},"end":{"line":81,"column":4}},"loc":{"start":{"line":81,"column":23},"end":{"line":117,"column":1}},"line":81}},"branchMap":{"0":{"loc":{"start":{"line":17,"column":4},"end":{"line":19,"column":5}},"type":"if","locations":[{"start":{"line":17,"column":4},"end":{"line":19,"column":5}},{"start":{},"end":{}}],"line":17},"1":{"loc":{"start":{"line":21,"column":4},"end":{"line":23,"column":5}},"type":"if","locations":[{"start":{"line":21,"column":4},"end":{"line":23,"column":5}},{"start":{},"end":{}}],"line":21},"2":{"loc":{"start":{"line":40,"column":2},"end":{"line":42,"column":3}},"type":"if","locations":[{"start":{"line":40,"column":2},"end":{"line":42,"column":3}},{"start":{},"end":{}}],"line":40},"3":{"loc":{"start":{"line":45,"column":2},"end":{"line":47,"column":3}},"type":"if","locations":[{"start":{"line":45,"column":2},"end":{"line":47,"column":3}},{"start":{},"end":{}}],"line":45},"4":{"loc":{"start":{"line":52,"column":4},"end":{"line":55,"column":5}},"type":"if","locations":[{"start":{"line":52,"column":4},"end":{"line":55,"column":5}},{"start":{},"end":{}}],"line":52},"5":{"loc":{"start":{"line":57,"column":4},"end":{"line":61,"column":5}},"type":"if","locations":[{"start":{"line":57,"column":4},"end":{"line":61,"column":5}},{"start":{},"end":{}}],"line":57},"6":{"loc":{"start":{"line":83,"column":2},"end":{"line":85,"column":3}},"type":"if","locations":[{"start":{"line":83,"column":2},"end":{"line":85,"column":3}},{"start":{},"end":{}}],"line":83},"7":{"loc":{"start":{"line":83,"column":6},"end":{"line":83,"column":57}},"type":"binary-expr","locations":[{"start":{"line":83,"column":6},"end":{"line":83,"column":28}},{"start":{"line":83,"column":32},"end":{"line":83,"column":57}}],"line":83},"8":{"loc":{"start":{"line":88,"column":2},"end":{"line":90,"column":3}},"type":"if","locations":[{"start":{"line":88,"column":2},"end":{"line":90,"column":3}},{"start":{},"end":{}}],"line":88},"9":{"loc":{"start":{"line":95,"column":4},"end":{"line":100,"column":5}},"type":"if","locations":[{"start":{"line":95,"column":4},"end":{"line":100,"column":5}},{"start":{},"end":{}}],"line":95},"10":{"loc":{"start":{"line":95,"column":8},"end":{"line":95,"column":53}},"type":"binary-expr","locations":[{"start":{"line":95,"column":9},"end":{"line":95,"column":19}},{"start":{"line":95,"column":23},"end":{"line":95,"column":33}},{"start":{"line":95,"column":38},"end":{"line":95,"column":53}}],"line":95},"11":{"loc":{"start":{"line":102,"column":4},"end":{"line":105,"column":5}},"type":"if","locations":[{"start":{"line":102,"column":4},"end":{"line":105,"column":5}},{"start":{},"end":{}}],"line":102},"12":{"loc":{"start":{"line":102,"column":7},"end":{"line":102,"column":61}},"type":"binary-expr","locations":[{"start":{"line":102,"column":8},"end":{"line":102,"column":19}},{"start":{"line":102,"column":23},"end":{"line":102,"column":31}},{"start":{"line":102,"column":37},"end":{"line":102,"column":48}},{"start":{"line":102,"column":52},"end":{"line":102,"column":60}}],"line":102},"13":{"loc":{"start":{"line":111,"column":4},"end":{"line":115,"column":5}},"type":"if","locations":[{"start":{"line":111,"column":4},"end":{"line":115,"column":5}},{"start":{"line":113,"column":11},"end":{"line":115,"column":5}}],"line":111}},"s":{"0":16,"1":16,"2":4,"3":4,"4":1,"5":3,"6":1,"7":2,"8":1,"9":1,"10":16,"11":6,"12":1,"13":5,"14":5,"15":1,"16":4,"17":4,"18":4,"19":2,"20":1,"21":2,"22":1,"23":1,"24":1,"25":1,"26":16,"27":6,"28":1,"29":5,"30":5,"31":1,"32":4,"33":4,"34":4,"35":0,"36":4,"37":1,"38":3,"39":1,"40":2,"41":1,"42":1},"f":{"0":4,"1":6,"2":6},"b":{"0":[1,3],"1":[1,2],"2":[1,5],"3":[1,4],"4":[2,2],"5":[1,1],"6":[1,5],"7":[6,6],"8":[1,4],"9":[0,4],"10":[4,4,3],"11":[1,3],"12":[4,2,4,2],"13":[1,1]},"inputSourceMap":null,"_coverageSchema":"1a1c01bbd47fc00a2c39e90264f33305004495a9","hash":"c7ca59736b5f93c424d29707396fd3d4111533b4"}
,"C:\\Users\\poffy\\Desktop\\Università\\Magistrale\\Software2\\Participium\\server\\router\\report.mjs": {"path":"C:\\Users\\poffy\\Desktop\\Università\\Magistrale\\Software2\\Participium\\server\\router\\report.mjs","statementMap":{"0":{"start":{"line":17,"column":15},"end":{"line":17,"column":23}},"1":{"start":{"line":20,"column":0},"end":{"line":57,"column":3}},"2":{"start":{"line":36,"column":2},"end":{"line":38,"column":3}},"3":{"start":{"line":37,"column":4},"end":{"line":37,"column":77}},"4":{"start":{"line":41,"column":2},"end":{"line":56,"column":3}},"5":{"start":{"line":42,"column":92},"end":{"line":42,"column":100}},"6":{"start":{"line":43,"column":19},"end":{"line":52,"column":6}},"7":{"start":{"line":53,"column":2},"end":{"line":53,"column":38}},"8":{"start":{"line":55,"column":2},"end":{"line":55,"column":53}},"9":{"start":{"line":60,"column":0},"end":{"line":75,"column":3}},"10":{"start":{"line":61,"column":2},"end":{"line":74,"column":3}},"11":{"start":{"line":62,"column":4},"end":{"line":63,"column":66}},"12":{"start":{"line":63,"column":6},"end":{"line":63,"column":66}},"13":{"start":{"line":64,"column":4},"end":{"line":68,"column":58}},"14":{"start":{"line":68,"column":6},"end":{"line":68,"column":58}},"15":{"start":{"line":70,"column":20},"end":{"line":70,"column":41}},"16":{"start":{"line":71,"column":2},"end":{"line":71,"column":39}},"17":{"start":{"line":73,"column":2},"end":{"line":73,"column":83}},"18":{"start":{"line":79,"column":0},"end":{"line":105,"column":3}},"19":{"start":{"line":80,"column":2},"end":{"line":104,"column":3}},"20":{"start":{"line":81,"column":4},"end":{"line":82,"column":66}},"21":{"start":{"line":82,"column":6},"end":{"line":82,"column":66}},"22":{"start":{"line":83,"column":4},"end":{"line":84,"column":58}},"23":{"start":{"line":84,"column":6},"end":{"line":84,"column":58}},"24":{"start":{"line":86,"column":21},"end":{"line":86,"column":55}},"25":{"start":{"line":87,"column":4},"end":{"line":88,"column":66}},"26":{"start":{"line":88,"column":6},"end":{"line":88,"column":66}},"27":{"start":{"line":90,"column":44},"end":{"line":90,"column":52}},"28":{"start":{"line":91,"column":4},"end":{"line":92,"column":75}},"29":{"start":{"line":92,"column":6},"end":{"line":92,"column":75}},"30":{"start":{"line":94,"column":20},"end":{"line":98,"column":5}},"31":{"start":{"line":99,"column":4},"end":{"line":99,"column":77}},"32":{"start":{"line":99,"column":18},"end":{"line":99,"column":77}},"33":{"start":{"line":101,"column":2},"end":{"line":101,"column":39}},"34":{"start":{"line":103,"column":2},"end":{"line":103,"column":80}},"35":{"start":{"line":108,"column":0},"end":{"line":131,"column":3}},"36":{"start":{"line":109,"column":2},"end":{"line":130,"column":3}},"37":{"start":{"line":110,"column":4},"end":{"line":111,"column":66}},"38":{"start":{"line":111,"column":6},"end":{"line":111,"column":66}},"39":{"start":{"line":112,"column":4},"end":{"line":116,"column":58}},"40":{"start":{"line":116,"column":6},"end":{"line":116,"column":58}},"41":{"start":{"line":117,"column":21},"end":{"line":117,"column":55}},"42":{"start":{"line":118,"column":4},"end":{"line":119,"column":66}},"43":{"start":{"line":119,"column":6},"end":{"line":119,"column":66}},"44":{"start":{"line":120,"column":27},"end":{"line":120,"column":35}},"45":{"start":{"line":121,"column":4},"end":{"line":122,"column":76}},"46":{"start":{"line":122,"column":6},"end":{"line":122,"column":76}},"47":{"start":{"line":123,"column":20},"end":{"line":123,"column":67}},"48":{"start":{"line":124,"column":4},"end":{"line":124,"column":77}},"49":{"start":{"line":124,"column":18},"end":{"line":124,"column":77}},"50":{"start":{"line":125,"column":2},"end":{"line":125,"column":29}},"51":{"start":{"line":127,"column":4},"end":{"line":129,"column":68}},"52":{"start":{"line":134,"column":0},"end":{"line":158,"column":3}},"53":{"start":{"line":135,"column":2},"end":{"line":157,"column":3}},"54":{"start":{"line":136,"column":4},"end":{"line":137,"column":66}},"55":{"start":{"line":137,"column":6},"end":{"line":137,"column":66}},"56":{"start":{"line":138,"column":4},"end":{"line":142,"column":58}},"57":{"start":{"line":142,"column":6},"end":{"line":142,"column":58}},"58":{"start":{"line":143,"column":21},"end":{"line":143,"column":55}},"59":{"start":{"line":144,"column":4},"end":{"line":145,"column":66}},"60":{"start":{"line":145,"column":6},"end":{"line":145,"column":66}},"61":{"start":{"line":147,"column":27},"end":{"line":147,"column":35}},"62":{"start":{"line":148,"column":4},"end":{"line":149,"column":76}},"63":{"start":{"line":149,"column":6},"end":{"line":149,"column":76}},"64":{"start":{"line":150,"column":20},"end":{"line":150,"column":69}},"65":{"start":{"line":151,"column":4},"end":{"line":151,"column":77}},"66":{"start":{"line":151,"column":18},"end":{"line":151,"column":77}},"67":{"start":{"line":152,"column":2},"end":{"line":152,"column":29}},"68":{"start":{"line":154,"column":4},"end":{"line":156,"column":68}},"69":{"start":{"line":161,"column":0},"end":{"line":170,"column":3}},"70":{"start":{"line":162,"column":2},"end":{"line":169,"column":3}},"71":{"start":{"line":163,"column":4},"end":{"line":164,"column":66}},"72":{"start":{"line":164,"column":6},"end":{"line":164,"column":66}},"73":{"start":{"line":165,"column":20},"end":{"line":165,"column":49}},"74":{"start":{"line":166,"column":2},"end":{"line":166,"column":39}},"75":{"start":{"line":168,"column":2},"end":{"line":168,"column":83}},"76":{"start":{"line":173,"column":0},"end":{"line":191,"column":3}},"77":{"start":{"line":174,"column":2},"end":{"line":190,"column":3}},"78":{"start":{"line":175,"column":4},"end":{"line":176,"column":66}},"79":{"start":{"line":176,"column":6},"end":{"line":176,"column":66}},"80":{"start":{"line":177,"column":4},"end":{"line":181,"column":58}},"81":{"start":{"line":181,"column":6},"end":{"line":181,"column":58}},"82":{"start":{"line":183,"column":23},"end":{"line":183,"column":34}},"83":{"start":{"line":184,"column":20},"end":{"line":184,"column":56}},"84":{"start":{"line":185,"column":2},"end":{"line":185,"column":39}},"85":{"start":{"line":187,"column":4},"end":{"line":189,"column":74}},"86":{"start":{"line":194,"column":0},"end":{"line":221,"column":3}},"87":{"start":{"line":195,"column":2},"end":{"line":220,"column":3}},"88":{"start":{"line":196,"column":4},"end":{"line":197,"column":66}},"89":{"start":{"line":197,"column":6},"end":{"line":197,"column":66}},"90":{"start":{"line":199,"column":4},"end":{"line":201,"column":5}},"91":{"start":{"line":200,"column":6},"end":{"line":200,"column":75}},"92":{"start":{"line":203,"column":21},"end":{"line":203,"column":55}},"93":{"start":{"line":204,"column":4},"end":{"line":205,"column":66}},"94":{"start":{"line":205,"column":6},"end":{"line":205,"column":66}},"95":{"start":{"line":207,"column":24},"end":{"line":207,"column":32}},"96":{"start":{"line":208,"column":4},"end":{"line":210,"column":5}},"97":{"start":{"line":209,"column":6},"end":{"line":209,"column":68}},"98":{"start":{"line":212,"column":20},"end":{"line":216,"column":5}},"99":{"start":{"line":217,"column":2},"end":{"line":217,"column":39}},"100":{"start":{"line":219,"column":2},"end":{"line":219,"column":83}},"101":{"start":{"line":224,"column":0},"end":{"line":242,"column":3}},"102":{"start":{"line":225,"column":2},"end":{"line":241,"column":3}},"103":{"start":{"line":226,"column":4},"end":{"line":227,"column":66}},"104":{"start":{"line":227,"column":6},"end":{"line":227,"column":66}},"105":{"start":{"line":229,"column":4},"end":{"line":231,"column":5}},"106":{"start":{"line":230,"column":6},"end":{"line":230,"column":75}},"107":{"start":{"line":233,"column":21},"end":{"line":233,"column":55}},"108":{"start":{"line":234,"column":4},"end":{"line":235,"column":66}},"109":{"start":{"line":235,"column":6},"end":{"line":235,"column":66}},"110":{"start":{"line":237,"column":21},"end":{"line":237,"column":56}},"111":{"start":{"line":238,"column":2},"end":{"line":238,"column":40}},"112":{"start":{"line":240,"column":2},"end":{"line":240,"column":84}},"113":{"start":{"line":245,"column":0},"end":{"line":271,"column":3}},"114":{"start":{"line":246,"column":2},"end":{"line":270,"column":3}},"115":{"start":{"line":247,"column":4},"end":{"line":248,"column":66}},"116":{"start":{"line":248,"column":6},"end":{"line":248,"column":66}},"117":{"start":{"line":250,"column":21},"end":{"line":250,"column":55}},"118":{"start":{"line":251,"column":4},"end":{"line":252,"column":66}},"119":{"start":{"line":252,"column":6},"end":{"line":252,"column":66}},"120":{"start":{"line":254,"column":24},"end":{"line":254,"column":32}},"121":{"start":{"line":255,"column":4},"end":{"line":257,"column":5}},"122":{"start":{"line":256,"column":6},"end":{"line":256,"column":68}},"123":{"start":{"line":259,"column":23},"end":{"line":259,"column":76}},"124":{"start":{"line":261,"column":20},"end":{"line":266,"column":5}},"125":{"start":{"line":267,"column":2},"end":{"line":267,"column":39}},"126":{"start":{"line":269,"column":2},"end":{"line":269,"column":83}},"127":{"start":{"line":274,"column":0},"end":{"line":288,"column":3}},"128":{"start":{"line":275,"column":2},"end":{"line":287,"column":3}},"129":{"start":{"line":276,"column":4},"end":{"line":277,"column":66}},"130":{"start":{"line":277,"column":6},"end":{"line":277,"column":66}},"131":{"start":{"line":279,"column":21},"end":{"line":279,"column":55}},"132":{"start":{"line":280,"column":4},"end":{"line":281,"column":66}},"133":{"start":{"line":281,"column":6},"end":{"line":281,"column":66}},"134":{"start":{"line":283,"column":21},"end":{"line":283,"column":48}},"135":{"start":{"line":284,"column":2},"end":{"line":284,"column":40}},"136":{"start":{"line":286,"column":2},"end":{"line":286,"column":84}}},"fnMap":{"0":{"name":"(anonymous_0)","decl":{"start":{"line":34,"column":3},"end":{"line":34,"column":4}},"loc":{"start":{"line":34,"column":23},"end":{"line":57,"column":1}},"line":34},"1":{"name":"(anonymous_1)","decl":{"start":{"line":60,"column":23},"end":{"line":60,"column":24}},"loc":{"start":{"line":60,"column":43},"end":{"line":75,"column":1}},"line":60},"2":{"name":"(anonymous_2)","decl":{"start":{"line":79,"column":34},"end":{"line":79,"column":35}},"loc":{"start":{"line":79,"column":54},"end":{"line":105,"column":1}},"line":79},"3":{"name":"(anonymous_3)","decl":{"start":{"line":108,"column":36},"end":{"line":108,"column":37}},"loc":{"start":{"line":108,"column":56},"end":{"line":131,"column":1}},"line":108},"4":{"name":"(anonymous_4)","decl":{"start":{"line":134,"column":38},"end":{"line":134,"column":39}},"loc":{"start":{"line":134,"column":58},"end":{"line":158,"column":1}},"line":134},"5":{"name":"(anonymous_5)","decl":{"start":{"line":161,"column":32},"end":{"line":161,"column":33}},"loc":{"start":{"line":161,"column":52},"end":{"line":170,"column":1}},"line":161},"6":{"name":"(anonymous_6)","decl":{"start":{"line":173,"column":32},"end":{"line":173,"column":33}},"loc":{"start":{"line":173,"column":52},"end":{"line":191,"column":1}},"line":173},"7":{"name":"(anonymous_7)","decl":{"start":{"line":194,"column":46},"end":{"line":194,"column":47}},"loc":{"start":{"line":194,"column":66},"end":{"line":221,"column":1}},"line":194},"8":{"name":"(anonymous_8)","decl":{"start":{"line":224,"column":45},"end":{"line":224,"column":46}},"loc":{"start":{"line":224,"column":65},"end":{"line":242,"column":1}},"line":224},"9":{"name":"(anonymous_9)","decl":{"start":{"line":245,"column":37},"end":{"line":245,"column":38}},"loc":{"start":{"line":245,"column":57},"end":{"line":271,"column":1}},"line":245},"10":{"name":"(anonymous_10)","decl":{"start":{"line":274,"column":36},"end":{"line":274,"column":37}},"loc":{"start":{"line":274,"column":56},"end":{"line":288,"column":1}},"line":274}},"branchMap":{"0":{"loc":{"start":{"line":36,"column":2},"end":{"line":38,"column":3}},"type":"if","locations":[{"start":{"line":36,"column":2},"end":{"line":38,"column":3}},{"start":{},"end":{}}],"line":36},"1":{"loc":{"start":{"line":36,"column":6},"end":{"line":36,"column":56}},"type":"binary-expr","locations":[{"start":{"line":36,"column":6},"end":{"line":36,"column":28}},{"start":{"line":36,"column":32},"end":{"line":36,"column":56}}],"line":36},"2":{"loc":{"start":{"line":62,"column":4},"end":{"line":63,"column":66}},"type":"if","locations":[{"start":{"line":62,"column":4},"end":{"line":63,"column":66}},{"start":{},"end":{}}],"line":62},"3":{"loc":{"start":{"line":64,"column":4},"end":{"line":68,"column":58}},"type":"if","locations":[{"start":{"line":64,"column":4},"end":{"line":68,"column":58}},{"start":{},"end":{}}],"line":64},"4":{"loc":{"start":{"line":65,"column":6},"end":{"line":66,"column":60}},"type":"binary-expr","locations":[{"start":{"line":65,"column":6},"end":{"line":65,"column":31}},{"start":{"line":66,"column":6},"end":{"line":66,"column":60}}],"line":65},"5":{"loc":{"start":{"line":81,"column":4},"end":{"line":82,"column":66}},"type":"if","locations":[{"start":{"line":81,"column":4},"end":{"line":82,"column":66}},{"start":{},"end":{}}],"line":81},"6":{"loc":{"start":{"line":83,"column":4},"end":{"line":84,"column":58}},"type":"if","locations":[{"start":{"line":83,"column":4},"end":{"line":84,"column":58}},{"start":{},"end":{}}],"line":83},"7":{"loc":{"start":{"line":83,"column":8},"end":{"line":83,"column":79}},"type":"binary-expr","locations":[{"start":{"line":83,"column":8},"end":{"line":83,"column":32}},{"start":{"line":83,"column":36},"end":{"line":83,"column":79}}],"line":83},"8":{"loc":{"start":{"line":87,"column":4},"end":{"line":88,"column":66}},"type":"if","locations":[{"start":{"line":87,"column":4},"end":{"line":88,"column":66}},{"start":{},"end":{}}],"line":87},"9":{"loc":{"start":{"line":91,"column":4},"end":{"line":92,"column":75}},"type":"if","locations":[{"start":{"line":91,"column":4},"end":{"line":92,"column":75}},{"start":{},"end":{}}],"line":91},"10":{"loc":{"start":{"line":97,"column":6},"end":{"line":97,"column":30}},"type":"binary-expr","locations":[{"start":{"line":97,"column":6},"end":{"line":97,"column":22}},{"start":{"line":97,"column":26},"end":{"line":97,"column":30}}],"line":97},"11":{"loc":{"start":{"line":99,"column":4},"end":{"line":99,"column":77}},"type":"if","locations":[{"start":{"line":99,"column":4},"end":{"line":99,"column":77}},{"start":{},"end":{}}],"line":99},"12":{"loc":{"start":{"line":110,"column":4},"end":{"line":111,"column":66}},"type":"if","locations":[{"start":{"line":110,"column":4},"end":{"line":111,"column":66}},{"start":{},"end":{}}],"line":110},"13":{"loc":{"start":{"line":112,"column":4},"end":{"line":116,"column":58}},"type":"if","locations":[{"start":{"line":112,"column":4},"end":{"line":116,"column":58}},{"start":{},"end":{}}],"line":112},"14":{"loc":{"start":{"line":113,"column":6},"end":{"line":114,"column":31}},"type":"binary-expr","locations":[{"start":{"line":113,"column":6},"end":{"line":113,"column":60}},{"start":{"line":114,"column":6},"end":{"line":114,"column":31}}],"line":113},"15":{"loc":{"start":{"line":118,"column":4},"end":{"line":119,"column":66}},"type":"if","locations":[{"start":{"line":118,"column":4},"end":{"line":119,"column":66}},{"start":{},"end":{}}],"line":118},"16":{"loc":{"start":{"line":121,"column":4},"end":{"line":122,"column":76}},"type":"if","locations":[{"start":{"line":121,"column":4},"end":{"line":122,"column":76}},{"start":{},"end":{}}],"line":121},"17":{"loc":{"start":{"line":124,"column":4},"end":{"line":124,"column":77}},"type":"if","locations":[{"start":{"line":124,"column":4},"end":{"line":124,"column":77}},{"start":{},"end":{}}],"line":124},"18":{"loc":{"start":{"line":136,"column":4},"end":{"line":137,"column":66}},"type":"if","locations":[{"start":{"line":136,"column":4},"end":{"line":137,"column":66}},{"start":{},"end":{}}],"line":136},"19":{"loc":{"start":{"line":138,"column":4},"end":{"line":142,"column":58}},"type":"if","locations":[{"start":{"line":138,"column":4},"end":{"line":142,"column":58}},{"start":{},"end":{}}],"line":138},"20":{"loc":{"start":{"line":139,"column":6},"end":{"line":140,"column":31}},"type":"binary-expr","locations":[{"start":{"line":139,"column":6},"end":{"line":139,"column":55}},{"start":{"line":140,"column":6},"end":{"line":140,"column":31}}],"line":139},"21":{"loc":{"start":{"line":144,"column":4},"end":{"line":145,"column":66}},"type":"if","locations":[{"start":{"line":144,"column":4},"end":{"line":145,"column":66}},{"start":{},"end":{}}],"line":144},"22":{"loc":{"start":{"line":148,"column":4},"end":{"line":149,"column":76}},"type":"if","locations":[{"start":{"line":148,"column":4},"end":{"line":149,"column":76}},{"start":{},"end":{}}],"line":148},"23":{"loc":{"start":{"line":151,"column":4},"end":{"line":151,"column":77}},"type":"if","locations":[{"start":{"line":151,"column":4},"end":{"line":151,"column":77}},{"start":{},"end":{}}],"line":151},"24":{"loc":{"start":{"line":163,"column":4},"end":{"line":164,"column":66}},"type":"if","locations":[{"start":{"line":163,"column":4},"end":{"line":164,"column":66}},{"start":{},"end":{}}],"line":163},"25":{"loc":{"start":{"line":175,"column":4},"end":{"line":176,"column":66}},"type":"if","locations":[{"start":{"line":175,"column":4},"end":{"line":176,"column":66}},{"start":{},"end":{}}],"line":175},"26":{"loc":{"start":{"line":177,"column":4},"end":{"line":181,"column":58}},"type":"if","locations":[{"start":{"line":177,"column":4},"end":{"line":181,"column":58}},{"start":{},"end":{}}],"line":177},"27":{"loc":{"start":{"line":178,"column":6},"end":{"line":179,"column":45}},"type":"binary-expr","locations":[{"start":{"line":178,"column":6},"end":{"line":178,"column":55}},{"start":{"line":179,"column":6},"end":{"line":179,"column":45}}],"line":178},"28":{"loc":{"start":{"line":196,"column":4},"end":{"line":197,"column":66}},"type":"if","locations":[{"start":{"line":196,"column":4},"end":{"line":197,"column":66}},{"start":{},"end":{}}],"line":196},"29":{"loc":{"start":{"line":199,"column":4},"end":{"line":201,"column":5}},"type":"if","locations":[{"start":{"line":199,"column":4},"end":{"line":201,"column":5}},{"start":{},"end":{}}],"line":199},"30":{"loc":{"start":{"line":199,"column":8},"end":{"line":199,"column":100}},"type":"binary-expr","locations":[{"start":{"line":199,"column":8},"end":{"line":199,"column":57}},{"start":{"line":199,"column":61},"end":{"line":199,"column":100}}],"line":199},"31":{"loc":{"start":{"line":204,"column":4},"end":{"line":205,"column":66}},"type":"if","locations":[{"start":{"line":204,"column":4},"end":{"line":205,"column":66}},{"start":{},"end":{}}],"line":204},"32":{"loc":{"start":{"line":208,"column":4},"end":{"line":210,"column":5}},"type":"if","locations":[{"start":{"line":208,"column":4},"end":{"line":210,"column":5}},{"start":{},"end":{}}],"line":208},"33":{"loc":{"start":{"line":208,"column":8},"end":{"line":208,"column":72}},"type":"binary-expr","locations":[{"start":{"line":208,"column":8},"end":{"line":208,"column":16}},{"start":{"line":208,"column":20},"end":{"line":208,"column":47}},{"start":{"line":208,"column":51},"end":{"line":208,"column":72}}],"line":208},"34":{"loc":{"start":{"line":226,"column":4},"end":{"line":227,"column":66}},"type":"if","locations":[{"start":{"line":226,"column":4},"end":{"line":227,"column":66}},{"start":{},"end":{}}],"line":226},"35":{"loc":{"start":{"line":229,"column":4},"end":{"line":231,"column":5}},"type":"if","locations":[{"start":{"line":229,"column":4},"end":{"line":231,"column":5}},{"start":{},"end":{}}],"line":229},"36":{"loc":{"start":{"line":229,"column":8},"end":{"line":229,"column":100}},"type":"binary-expr","locations":[{"start":{"line":229,"column":8},"end":{"line":229,"column":57}},{"start":{"line":229,"column":61},"end":{"line":229,"column":100}}],"line":229},"37":{"loc":{"start":{"line":234,"column":4},"end":{"line":235,"column":66}},"type":"if","locations":[{"start":{"line":234,"column":4},"end":{"line":235,"column":66}},{"start":{},"end":{}}],"line":234},"38":{"loc":{"start":{"line":247,"column":4},"end":{"line":248,"column":66}},"type":"if","locations":[{"start":{"line":247,"column":4},"end":{"line":248,"column":66}},{"start":{},"end":{}}],"line":247},"39":{"loc":{"start":{"line":251,"column":4},"end":{"line":252,"column":66}},"type":"if","locations":[{"start":{"line":251,"column":4},"end":{"line":252,"column":66}},{"start":{},"end":{}}],"line":251},"40":{"loc":{"start":{"line":255,"column":4},"end":{"line":257,"column":5}},"type":"if","locations":[{"start":{"line":255,"column":4},"end":{"line":257,"column":5}},{"start":{},"end":{}}],"line":255},"41":{"loc":{"start":{"line":255,"column":8},"end":{"line":255,"column":72}},"type":"binary-expr","locations":[{"start":{"line":255,"column":8},"end":{"line":255,"column":16}},{"start":{"line":255,"column":20},"end":{"line":255,"column":47}},{"start":{"line":255,"column":51},"end":{"line":255,"column":72}}],"line":255},"42":{"loc":{"start":{"line":259,"column":23},"end":{"line":259,"column":76}},"type":"cond-expr","locations":[{"start":{"line":259,"column":54},"end":{"line":259,"column":64}},{"start":{"line":259,"column":67},"end":{"line":259,"column":76}}],"line":259},"43":{"loc":{"start":{"line":276,"column":4},"end":{"line":277,"column":66}},"type":"if","locations":[{"start":{"line":276,"column":4},"end":{"line":277,"column":66}},{"start":{},"end":{}}],"line":276},"44":{"loc":{"start":{"line":280,"column":4},"end":{"line":281,"column":66}},"type":"if","locations":[{"start":{"line":280,"column":4},"end":{"line":281,"column":66}},{"start":{},"end":{}}],"line":280}},"s":{"0":13,"1":13,"2":3,"3":1,"4":2,"5":2,"6":2,"7":1,"8":1,"9":13,"10":3,"11":3,"12":0,"13":3,"14":1,"15":2,"16":1,"17":1,"18":13,"19":4,"20":4,"21":0,"22":4,"23":0,"24":4,"25":4,"26":1,"27":3,"28":3,"29":1,"30":2,"31":2,"32":1,"33":1,"34":0,"35":13,"36":5,"37":5,"38":0,"39":5,"40":1,"41":4,"42":4,"43":1,"44":3,"45":3,"46":1,"47":2,"48":2,"49":1,"50":1,"51":0,"52":13,"53":3,"54":3,"55":0,"56":3,"57":0,"58":3,"59":3,"60":1,"61":2,"62":2,"63":1,"64":1,"65":1,"66":0,"67":1,"68":0,"69":13,"70":2,"71":2,"72":1,"73":1,"74":1,"75":0,"76":13,"77":3,"78":3,"79":0,"80":3,"81":1,"82":2,"83":2,"84":2,"85":0,"86":13,"87":4,"88":4,"89":0,"90":4,"91":1,"92":3,"93":3,"94":1,"95":2,"96":2,"97":1,"98":1,"99":1,"100":0,"101":13,"102":4,"103":4,"104":1,"105":3,"106":1,"107":2,"108":2,"109":1,"110":1,"111":1,"112":0,"113":13,"114":3,"115":3,"116":0,"117":3,"118":3,"119":0,"120":3,"121":3,"122":1,"123":2,"124":2,"125":2,"126":0,"127":13,"128":3,"129":3,"130":0,"131":3,"132":3,"133":1,"134":2,"135":1,"136":1},"f":{"0":3,"1":3,"2":4,"3":5,"4":3,"5":2,"6":3,"7":4,"8":4,"9":3,"10":3},"b":{"0":[1,2],"1":[3,2],"2":[0,3],"3":[1,2],"4":[3,1],"5":[0,4],"6":[0,4],"7":[4,4],"8":[1,3],"9":[1,2],"10":[2,2],"11":[1,1],"12":[0,5],"13":[1,4],"14":[5,1],"15":[1,3],"16":[1,2],"17":[1,1],"18":[0,3],"19":[0,3],"20":[3,0],"21":[1,2],"22":[1,1],"23":[0,1],"24":[1,1],"25":[0,3],"26":[1,2],"27":[3,2],"28":[0,4],"29":[1,3],"30":[4,1],"31":[1,2],"32":[1,1],"33":[2,1,1],"34":[1,3],"35":[1,2],"36":[3,1],"37":[1,1],"38":[0,3],"39":[0,3],"40":[1,2],"41":[3,2,2],"42":[1,1],"43":[0,3],"44":[1,2]},"inputSourceMap":null,"_coverageSchema":"1a1c01bbd47fc00a2c39e90264f33305004495a9","hash":"fc7363384c335e3904e3c674914acddfb24b7a32"}
,"C:\\Users\\poffy\\Desktop\\Università\\Magistrale\\Software2\\Participium\\server\\router\\role.mjs": {"path":"C:\\Users\\poffy\\Desktop\\Università\\Magistrale\\Software2\\Participium\\server\\router\\role.mjs","statementMap":{"0":{"start":{"line":4,"column":15},"end":{"line":4,"column":23}},"1":{"start":{"line":7,"column":0},"end":{"line":17,"column":3}},"2":{"start":{"line":8,"column":2},"end":{"line":16,"column":3}},"3":{"start":{"line":9,"column":4},"end":{"line":11,"column":5}},"4":{"start":{"line":10,"column":6},"end":{"line":10,"column":66}},"5":{"start":{"line":12,"column":18},"end":{"line":12,"column":37}},"6":{"start":{"line":13,"column":2},"end":{"line":13,"column":37}},"7":{"start":{"line":15,"column":2},"end":{"line":15,"column":81}}},"fnMap":{"0":{"name":"(anonymous_0)","decl":{"start":{"line":7,"column":21},"end":{"line":7,"column":22}},"loc":{"start":{"line":7,"column":41},"end":{"line":17,"column":1}},"line":7}},"branchMap":{"0":{"loc":{"start":{"line":9,"column":4},"end":{"line":11,"column":5}},"type":"if","locations":[{"start":{"line":9,"column":4},"end":{"line":11,"column":5}},{"start":{},"end":{}}],"line":9}},"s":{"0":3,"1":3,"2":3,"3":3,"4":1,"5":2,"6":1,"7":1},"f":{"0":3},"b":{"0":[1,2]},"inputSourceMap":null,"_coverageSchema":"1a1c01bbd47fc00a2c39e90264f33305004495a9","hash":"4a0502df5924986c98e82c8b8e1fae654e6cf069"}
,"C:\\Users\\poffy\\Desktop\\Università\\Magistrale\\Software2\\Participium\\server\\services\\category.mjs": {"path":"C:\\Users\\poffy\\Desktop\\Università\\Magistrale\\Software2\\Participium\\server\\services\\category.mjs","statementMap":{"0":{"start":{"line":4,"column":0},"end":{"line":4,"column":16}},"1":{"start":{"line":6,"column":13},"end":{"line":12,"column":2}},"2":{"start":{"line":15,"column":32},"end":{"line":24,"column":1}},"3":{"start":{"line":16,"column":16},"end":{"line":16,"column":42}},"4":{"start":{"line":17,"column":19},"end":{"line":17,"column":40}},"5":{"start":{"line":19,"column":4},"end":{"line":23,"column":8}},"6":{"start":{"line":19,"column":35},"end":{"line":23,"column":5}}},"fnMap":{"0":{"name":"(anonymous_0)","decl":{"start":{"line":15,"column":32},"end":{"line":15,"column":33}},"loc":{"start":{"line":15,"column":44},"end":{"line":24,"column":1}},"line":15},"1":{"name":"(anonymous_1)","decl":{"start":{"line":19,"column":27},"end":{"line":19,"column":28}},"loc":{"start":{"line":19,"column":35},"end":{"line":23,"column":5}},"line":19}},"branchMap":{},"s":{"0":1,"1":1,"2":1,"3":3,"4":3,"5":2,"6":1},"f":{"0":3,"1":1},"b":{},"inputSourceMap":null,"_coverageSchema":"1a1c01bbd47fc00a2c39e90264f33305004495a9","hash":"93f60a6b646902de8f44cf9f1dbc9dfee59010e6"}
,"C:\\Users\\poffy\\Desktop\\Università\\Magistrale\\Software2\\Participium\\server\\services\\citizen.mjs": {"path":"C:\\Users\\poffy\\Desktop\\Università\\Magistrale\\Software2\\Participium\\server\\services\\citizen.mjs","statementMap":{"0":{"start":{"line":6,"column":0},"end":{"line":6,"column":16}},"1":{"start":{"line":8,"column":20},"end":{"line":14,"column":2}},"2":{"start":{"line":16,"column":13},"end":{"line":22,"column":2}},"3":{"start":{"line":25,"column":26},"end":{"line":63,"column":1}},"4":{"start":{"line":33,"column":15},"end":{"line":33,"column":53}},"5":{"start":{"line":35,"column":2},"end":{"line":62,"column":5}},"6":{"start":{"line":36,"column":4},"end":{"line":61,"column":7}},"7":{"start":{"line":37,"column":6},"end":{"line":37,"column":34}},"8":{"start":{"line":37,"column":15},"end":{"line":37,"column":34}},"9":{"start":{"line":40,"column":8},"end":{"line":40,"column":166}},"10":{"start":{"line":41,"column":21},"end":{"line":49,"column":7}},"11":{"start":{"line":51,"column":6},"end":{"line":60,"column":7}},"12":{"start":{"line":52,"column":23},"end":{"line":52,"column":52}},"13":{"start":{"line":53,"column":8},"end":{"line":57,"column":11}},"14":{"start":{"line":59,"column":8},"end":{"line":59,"column":20}},"15":{"start":{"line":65,"column":31},"end":{"line":77,"column":1}},"16":{"start":{"line":66,"column":2},"end":{"line":76,"column":3}},"17":{"start":{"line":68,"column":6},"end":{"line":68,"column":158}},"18":{"start":{"line":69,"column":19},"end":{"line":69,"column":50}},"19":{"start":{"line":70,"column":4},"end":{"line":72,"column":5}},"20":{"start":{"line":71,"column":6},"end":{"line":71,"column":18}},"21":{"start":{"line":73,"column":4},"end":{"line":73,"column":26}},"22":{"start":{"line":75,"column":4},"end":{"line":75,"column":14}},"23":{"start":{"line":79,"column":30},"end":{"line":102,"column":1}},"24":{"start":{"line":80,"column":2},"end":{"line":101,"column":3}},"25":{"start":{"line":81,"column":17},"end":{"line":81,"column":37}},"26":{"start":{"line":82,"column":4},"end":{"line":82,"column":39}},"27":{"start":{"line":82,"column":27},"end":{"line":82,"column":39}},"28":{"start":{"line":84,"column":22},"end":{"line":84,"column":75}},"29":{"start":{"line":84,"column":43},"end":{"line":84,"column":63}},"30":{"start":{"line":86,"column":19},"end":{"line":86,"column":50}},"31":{"start":{"line":86,"column":37},"end":{"line":86,"column":49}},"32":{"start":{"line":88,"column":16},"end":{"line":93,"column":5}},"33":{"start":{"line":95,"column":4},"end":{"line":95,"column":24}},"34":{"start":{"line":97,"column":19},"end":{"line":97,"column":48}},"35":{"start":{"line":98,"column":4},"end":{"line":98,"column":26}},"36":{"start":{"line":100,"column":4},"end":{"line":100,"column":14}},"37":{"start":{"line":104,"column":18},"end":{"line":117,"column":1}},"38":{"start":{"line":105,"column":2},"end":{"line":116,"column":3}},"39":{"start":{"line":106,"column":17},"end":{"line":111,"column":6}},"40":{"start":{"line":113,"column":4},"end":{"line":113,"column":16}},"41":{"start":{"line":115,"column":4},"end":{"line":115,"column":14}},"42":{"start":{"line":119,"column":45},"end":{"line":149,"column":1}},"43":{"start":{"line":120,"column":2},"end":{"line":148,"column":3}},"44":{"start":{"line":121,"column":17},"end":{"line":121,"column":71}},"45":{"start":{"line":122,"column":23},"end":{"line":122,"column":60}},"46":{"start":{"line":125,"column":22},"end":{"line":125,"column":76}},"47":{"start":{"line":126,"column":4},"end":{"line":126,"column":42}},"48":{"start":{"line":129,"column":16},"end":{"line":132,"column":5}},"49":{"start":{"line":133,"column":4},"end":{"line":133,"column":54}},"50":{"start":{"line":136,"column":21},"end":{"line":136,"column":50}},"51":{"start":{"line":137,"column":4},"end":{"line":143,"column":5}},"52":{"start":{"line":138,"column":6},"end":{"line":142,"column":8}},"53":{"start":{"line":145,"column":4},"end":{"line":145,"column":22}},"54":{"start":{"line":147,"column":4},"end":{"line":147,"column":14}},"55":{"start":{"line":151,"column":31},"end":{"line":177,"column":1}},"56":{"start":{"line":152,"column":2},"end":{"line":176,"column":3}},"57":{"start":{"line":153,"column":16},"end":{"line":156,"column":5}},"58":{"start":{"line":157,"column":19},"end":{"line":157,"column":56}},"59":{"start":{"line":158,"column":4},"end":{"line":160,"column":5}},"60":{"start":{"line":159,"column":6},"end":{"line":159,"column":19}},"61":{"start":{"line":161,"column":22},"end":{"line":165,"column":5}},"62":{"start":{"line":166,"column":4},"end":{"line":166,"column":42}},"63":{"start":{"line":167,"column":4},"end":{"line":169,"column":5}},"64":{"start":{"line":168,"column":6},"end":{"line":168,"column":19}},"65":{"start":{"line":171,"column":22},"end":{"line":171,"column":76}},"66":{"start":{"line":172,"column":4},"end":{"line":172,"column":42}},"67":{"start":{"line":173,"column":4},"end":{"line":173,"column":16}},"68":{"start":{"line":175,"column":4},"end":{"line":175,"column":14}}},"fnMap":{"0":{"name":"(anonymous_0)","decl":{"start":{"line":25,"column":26},"end":{"line":25,"column":27}},"loc":{"start":{"line":32,"column":5},"end":{"line":63,"column":1}},"line":32},"1":{"name":"(anonymous_1)","decl":{"start":{"line":35,"column":21},"end":{"line":35,"column":22}},"loc":{"start":{"line":35,"column":42},"end":{"line":62,"column":3}},"line":35},"2":{"name":"(anonymous_2)","decl":{"start":{"line":36,"column":38},"end":{"line":36,"column":39}},"loc":{"start":{"line":36,"column":69},"end":{"line":61,"column":5}},"line":36},"3":{"name":"(anonymous_3)","decl":{"start":{"line":65,"column":31},"end":{"line":65,"column":32}},"loc":{"start":{"line":65,"column":49},"end":{"line":77,"column":1}},"line":65},"4":{"name":"(anonymous_4)","decl":{"start":{"line":79,"column":30},"end":{"line":79,"column":31}},"loc":{"start":{"line":79,"column":57},"end":{"line":102,"column":1}},"line":79},"5":{"name":"(anonymous_5)","decl":{"start":{"line":84,"column":31},"end":{"line":84,"column":32}},"loc":{"start":{"line":84,"column":43},"end":{"line":84,"column":63}},"line":84},"6":{"name":"(anonymous_6)","decl":{"start":{"line":86,"column":28},"end":{"line":86,"column":29}},"loc":{"start":{"line":86,"column":37},"end":{"line":86,"column":49}},"line":86},"7":{"name":"(anonymous_7)","decl":{"start":{"line":104,"column":18},"end":{"line":104,"column":19}},"loc":{"start":{"line":104,"column":47},"end":{"line":117,"column":1}},"line":104},"8":{"name":"(anonymous_8)","decl":{"start":{"line":119,"column":45},"end":{"line":119,"column":46}},"loc":{"start":{"line":119,"column":63},"end":{"line":149,"column":1}},"line":119},"9":{"name":"(anonymous_9)","decl":{"start":{"line":151,"column":31},"end":{"line":151,"column":32}},"loc":{"start":{"line":151,"column":55},"end":{"line":177,"column":1}},"line":151}},"branchMap":{"0":{"loc":{"start":{"line":37,"column":6},"end":{"line":37,"column":34}},"type":"if","locations":[{"start":{"line":37,"column":6},"end":{"line":37,"column":34}},{"start":{},"end":{}}],"line":37},"1":{"loc":{"start":{"line":70,"column":4},"end":{"line":72,"column":5}},"type":"if","locations":[{"start":{"line":70,"column":4},"end":{"line":72,"column":5}},{"start":{},"end":{}}],"line":70},"2":{"loc":{"start":{"line":82,"column":4},"end":{"line":82,"column":39}},"type":"if","locations":[{"start":{"line":82,"column":4},"end":{"line":82,"column":39}},{"start":{},"end":{}}],"line":82},"3":{"loc":{"start":{"line":137,"column":4},"end":{"line":143,"column":5}},"type":"if","locations":[{"start":{"line":137,"column":4},"end":{"line":143,"column":5}},{"start":{},"end":{}}],"line":137},"4":{"loc":{"start":{"line":158,"column":4},"end":{"line":160,"column":5}},"type":"if","locations":[{"start":{"line":158,"column":4},"end":{"line":160,"column":5}},{"start":{},"end":{}}],"line":158},"5":{"loc":{"start":{"line":167,"column":4},"end":{"line":169,"column":5}},"type":"if","locations":[{"start":{"line":167,"column":4},"end":{"line":169,"column":5}},{"start":{},"end":{}}],"line":167}},"s":{"0":1,"1":1,"2":1,"3":1,"4":3,"5":3,"6":3,"7":3,"8":1,"9":2,"10":2,"11":2,"12":2,"13":1,"14":1,"15":1,"16":6,"17":6,"18":6,"19":5,"20":2,"21":3,"22":1,"23":1,"24":3,"25":3,"26":3,"27":1,"28":2,"29":2,"30":2,"31":2,"32":2,"33":2,"34":2,"35":1,"36":1,"37":1,"38":2,"39":2,"40":1,"41":1,"42":1,"43":5,"44":5,"45":5,"46":5,"47":5,"48":4,"49":4,"50":3,"51":3,"52":2,"53":2,"54":3,"55":1,"56":5,"57":5,"58":5,"59":4,"60":1,"61":3,"62":3,"63":2,"64":0,"65":2,"66":2,"67":1,"68":3},"f":{"0":3,"1":3,"2":3,"3":6,"4":3,"5":2,"6":2,"7":2,"8":5,"9":5},"b":{"0":[1,2],"1":[2,3],"2":[1,2],"3":[2,1],"4":[1,3],"5":[0,2]},"inputSourceMap":null,"_coverageSchema":"1a1c01bbd47fc00a2c39e90264f33305004495a9","hash":"ad7f39c8804f91a061842712c23ac344976dad64"}
,"C:\\Users\\poffy\\Desktop\\Università\\Magistrale\\Software2\\Participium\\server\\services\\comment.mjs": {"path":"C:\\Users\\poffy\\Desktop\\Università\\Magistrale\\Software2\\Participium\\server\\services\\comment.mjs","statementMap":{"0":{"start":{"line":4,"column":0},"end":{"line":4,"column":16}},"1":{"start":{"line":6,"column":13},"end":{"line":12,"column":2}},"2":{"start":{"line":21,"column":34},"end":{"line":38,"column":1}},"3":{"start":{"line":26,"column":14},"end":{"line":30,"column":3}},"4":{"start":{"line":32,"column":17},"end":{"line":36,"column":4}},"5":{"start":{"line":37,"column":2},"end":{"line":37,"column":24}},"6":{"start":{"line":45,"column":35},"end":{"line":76,"column":1}},"7":{"start":{"line":46,"column":14},"end":{"line":61,"column":3}},"8":{"start":{"line":63,"column":17},"end":{"line":63,"column":51}},"9":{"start":{"line":64,"column":2},"end":{"line":75,"column":6}},"10":{"start":{"line":64,"column":35},"end":{"line":75,"column":3}},"11":{"start":{"line":86,"column":26},"end":{"line":105,"column":1}},"12":{"start":{"line":92,"column":14},"end":{"line":96,"column":3}},"13":{"start":{"line":98,"column":17},"end":{"line":103,"column":4}},"14":{"start":{"line":104,"column":2},"end":{"line":104,"column":24}},"15":{"start":{"line":112,"column":27},"end":{"line":135,"column":1}},"16":{"start":{"line":113,"column":14},"end":{"line":124,"column":3}},"17":{"start":{"line":126,"column":17},"end":{"line":126,"column":51}},"18":{"start":{"line":127,"column":2},"end":{"line":134,"column":6}},"19":{"start":{"line":127,"column":35},"end":{"line":134,"column":3}}},"fnMap":{"0":{"name":"(anonymous_0)","decl":{"start":{"line":21,"column":34},"end":{"line":21,"column":35}},"loc":{"start":{"line":25,"column":5},"end":{"line":38,"column":1}},"line":25},"1":{"name":"(anonymous_1)","decl":{"start":{"line":45,"column":35},"end":{"line":45,"column":36}},"loc":{"start":{"line":45,"column":56},"end":{"line":76,"column":1}},"line":45},"2":{"name":"(anonymous_2)","decl":{"start":{"line":64,"column":25},"end":{"line":64,"column":26}},"loc":{"start":{"line":64,"column":35},"end":{"line":75,"column":3}},"line":64},"3":{"name":"(anonymous_3)","decl":{"start":{"line":86,"column":26},"end":{"line":86,"column":27}},"loc":{"start":{"line":91,"column":5},"end":{"line":105,"column":1}},"line":91},"4":{"name":"(anonymous_4)","decl":{"start":{"line":112,"column":27},"end":{"line":112,"column":28}},"loc":{"start":{"line":112,"column":48},"end":{"line":135,"column":1}},"line":112},"5":{"name":"(anonymous_5)","decl":{"start":{"line":127,"column":25},"end":{"line":127,"column":26}},"loc":{"start":{"line":127,"column":35},"end":{"line":134,"column":3}},"line":127}},"branchMap":{},"s":{"0":1,"1":1,"2":1,"3":2,"4":2,"5":1,"6":1,"7":2,"8":2,"9":1,"10":1,"11":1,"12":2,"13":2,"14":1,"15":1,"16":2,"17":2,"18":1,"19":1},"f":{"0":2,"1":2,"2":1,"3":2,"4":2,"5":1},"b":{},"inputSourceMap":null,"_coverageSchema":"1a1c01bbd47fc00a2c39e90264f33305004495a9","hash":"d24be16d8a8882058601d467c4d928772b0a75ed"}
,"C:\\Users\\poffy\\Desktop\\Università\\Magistrale\\Software2\\Participium\\server\\services\\company.mjs": {"path":"C:\\Users\\poffy\\Desktop\\Università\\Magistrale\\Software2\\Participium\\server\\services\\company.mjs","statementMap":{"0":{"start":{"line":4,"column":0},"end":{"line":4,"column":16}},"1":{"start":{"line":6,"column":13},"end":{"line":12,"column":2}},"2":{"start":{"line":15,"column":31},"end":{"line":20,"column":1}},"3":{"start":{"line":16,"column":16},"end":{"line":16,"column":41}},"4":{"start":{"line":17,"column":19},"end":{"line":17,"column":40}},"5":{"start":{"line":19,"column":4},"end":{"line":19,"column":98}},"6":{"start":{"line":19,"column":35},"end":{"line":19,"column":95}}},"fnMap":{"0":{"name":"(anonymous_0)","decl":{"start":{"line":15,"column":31},"end":{"line":15,"column":32}},"loc":{"start":{"line":15,"column":43},"end":{"line":20,"column":1}},"line":15},"1":{"name":"(anonymous_1)","decl":{"start":{"line":19,"column":27},"end":{"line":19,"column":28}},"loc":{"start":{"line":19,"column":35},"end":{"line":19,"column":95}},"line":19}},"branchMap":{},"s":{"0":1,"1":1,"2":1,"3":3,"4":3,"5":2,"6":1},"f":{"0":3,"1":1},"b":{},"inputSourceMap":null,"_coverageSchema":"1a1c01bbd47fc00a2c39e90264f33305004495a9","hash":"531a31b8712f6eee3ebb067c1b8ff068d5480b67"}
,"C:\\Users\\poffy\\Desktop\\Università\\Magistrale\\Software2\\Participium\\server\\services\\office.mjs": {"path":"C:\\Users\\poffy\\Desktop\\Università\\Magistrale\\Software2\\Participium\\server\\services\\office.mjs","statementMap":{"0":{"start":{"line":4,"column":0},"end":{"line":4,"column":16}},"1":{"start":{"line":6,"column":13},"end":{"line":12,"column":2}},"2":{"start":{"line":16,"column":29},"end":{"line":20,"column":1}},"3":{"start":{"line":17,"column":16},"end":{"line":17,"column":39}},"4":{"start":{"line":18,"column":19},"end":{"line":18,"column":40}},"5":{"start":{"line":19,"column":4},"end":{"line":19,"column":81}},"6":{"start":{"line":19,"column":36},"end":{"line":19,"column":77}}},"fnMap":{"0":{"name":"(anonymous_0)","decl":{"start":{"line":16,"column":29},"end":{"line":16,"column":30}},"loc":{"start":{"line":16,"column":41},"end":{"line":20,"column":1}},"line":16},"1":{"name":"(anonymous_1)","decl":{"start":{"line":19,"column":27},"end":{"line":19,"column":28}},"loc":{"start":{"line":19,"column":34},"end":{"line":19,"column":79}},"line":19}},"branchMap":{},"s":{"0":1,"1":1,"2":1,"3":3,"4":3,"5":2,"6":2},"f":{"0":3,"1":2},"b":{},"inputSourceMap":null,"_coverageSchema":"1a1c01bbd47fc00a2c39e90264f33305004495a9","hash":"a605b54004c46dfe2d02d403030b764fb9f6d263"}
,"C:\\Users\\poffy\\Desktop\\Università\\Magistrale\\Software2\\Participium\\server\\services\\operator.mjs": {"path":"C:\\Users\\poffy\\Desktop\\Università\\Magistrale\\Software2\\Participium\\server\\services\\operator.mjs","statementMap":{"0":{"start":{"line":5,"column":0},"end":{"line":5,"column":16}},"1":{"start":{"line":7,"column":13},"end":{"line":13,"column":2}},"2":{"start":{"line":16,"column":23},"end":{"line":64,"column":1}},"3":{"start":{"line":18,"column":24},"end":{"line":18,"column":150}},"4":{"start":{"line":19,"column":27},"end":{"line":19,"column":68}},"5":{"start":{"line":21,"column":4},"end":{"line":41,"column":5}},"6":{"start":{"line":22,"column":18},"end":{"line":22,"column":40}},"7":{"start":{"line":23,"column":19},"end":{"line":27,"column":7}},"8":{"start":{"line":29,"column":6},"end":{"line":40,"column":9}},"9":{"start":{"line":30,"column":8},"end":{"line":39,"column":11}},"10":{"start":{"line":31,"column":10},"end":{"line":31,"column":38}},"11":{"start":{"line":31,"column":19},"end":{"line":31,"column":38}},"12":{"start":{"line":33,"column":24},"end":{"line":36,"column":11}},"13":{"start":{"line":38,"column":10},"end":{"line":38,"column":40}},"14":{"start":{"line":44,"column":23},"end":{"line":44,"column":81}},"15":{"start":{"line":45,"column":26},"end":{"line":45,"column":66}},"16":{"start":{"line":47,"column":16},"end":{"line":47,"column":37}},"17":{"start":{"line":48,"column":4},"end":{"line":48,"column":27}},"18":{"start":{"line":48,"column":14},"end":{"line":48,"column":27}},"19":{"start":{"line":50,"column":17},"end":{"line":50,"column":101}},"20":{"start":{"line":52,"column":4},"end":{"line":63,"column":7}},"21":{"start":{"line":53,"column":6},"end":{"line":62,"column":9}},"22":{"start":{"line":54,"column":8},"end":{"line":54,"column":36}},"23":{"start":{"line":54,"column":17},"end":{"line":54,"column":36}},"24":{"start":{"line":56,"column":22},"end":{"line":59,"column":9}},"25":{"start":{"line":61,"column":8},"end":{"line":61,"column":38}},"26":{"start":{"line":67,"column":37},"end":{"line":75,"column":1}},"27":{"start":{"line":68,"column":14},"end":{"line":70,"column":85}},"28":{"start":{"line":72,"column":17},"end":{"line":72,"column":38}},"29":{"start":{"line":74,"column":2},"end":{"line":74,"column":102}},"30":{"start":{"line":74,"column":31},"end":{"line":74,"column":99}},"31":{"start":{"line":78,"column":44},"end":{"line":84,"column":1}},"32":{"start":{"line":79,"column":34},"end":{"line":79,"column":169}},"33":{"start":{"line":80,"column":25},"end":{"line":80,"column":78}},"34":{"start":{"line":82,"column":2},"end":{"line":83,"column":102}},"35":{"start":{"line":83,"column":17},"end":{"line":83,"column":99}},"36":{"start":{"line":87,"column":28},"end":{"line":108,"column":1}},"37":{"start":{"line":88,"column":16},"end":{"line":88,"column":106}},"38":{"start":{"line":89,"column":19},"end":{"line":89,"column":52}},"39":{"start":{"line":91,"column":16},"end":{"line":91,"column":30}},"40":{"start":{"line":92,"column":4},"end":{"line":92,"column":27}},"41":{"start":{"line":92,"column":14},"end":{"line":92,"column":27}},"42":{"start":{"line":94,"column":17},"end":{"line":94,"column":85}},"43":{"start":{"line":96,"column":4},"end":{"line":107,"column":7}},"44":{"start":{"line":97,"column":6},"end":{"line":106,"column":9}},"45":{"start":{"line":98,"column":8},"end":{"line":98,"column":36}},"46":{"start":{"line":98,"column":17},"end":{"line":98,"column":36}},"47":{"start":{"line":100,"column":22},"end":{"line":103,"column":9}},"48":{"start":{"line":105,"column":8},"end":{"line":105,"column":38}},"49":{"start":{"line":111,"column":31},"end":{"line":128,"column":1}},"50":{"start":{"line":112,"column":16},"end":{"line":118,"column":5}},"51":{"start":{"line":119,"column":19},"end":{"line":119,"column":40}},"52":{"start":{"line":120,"column":4},"end":{"line":127,"column":8}},"53":{"start":{"line":120,"column":37},"end":{"line":127,"column":5}},"54":{"start":{"line":131,"column":38},"end":{"line":153,"column":1}},"55":{"start":{"line":132,"column":15},"end":{"line":132,"column":53}},"56":{"start":{"line":134,"column":2},"end":{"line":152,"column":5}},"57":{"start":{"line":135,"column":4},"end":{"line":151,"column":7}},"58":{"start":{"line":136,"column":6},"end":{"line":136,"column":34}},"59":{"start":{"line":136,"column":15},"end":{"line":136,"column":34}},"60":{"start":{"line":138,"column":18},"end":{"line":142,"column":7}},"61":{"start":{"line":143,"column":21},"end":{"line":143,"column":107}},"62":{"start":{"line":145,"column":6},"end":{"line":150,"column":7}},"63":{"start":{"line":146,"column":23},"end":{"line":146,"column":52}},"64":{"start":{"line":147,"column":8},"end":{"line":147,"column":62}},"65":{"start":{"line":149,"column":8},"end":{"line":149,"column":20}}},"fnMap":{"0":{"name":"(anonymous_0)","decl":{"start":{"line":16,"column":23},"end":{"line":16,"column":24}},"loc":{"start":{"line":16,"column":53},"end":{"line":64,"column":1}},"line":16},"1":{"name":"(anonymous_1)","decl":{"start":{"line":29,"column":25},"end":{"line":29,"column":26}},"loc":{"start":{"line":29,"column":46},"end":{"line":40,"column":7}},"line":29},"2":{"name":"(anonymous_2)","decl":{"start":{"line":30,"column":46},"end":{"line":30,"column":47}},"loc":{"start":{"line":30,"column":71},"end":{"line":39,"column":9}},"line":30},"3":{"name":"(anonymous_3)","decl":{"start":{"line":52,"column":23},"end":{"line":52,"column":24}},"loc":{"start":{"line":52,"column":44},"end":{"line":63,"column":5}},"line":52},"4":{"name":"(anonymous_4)","decl":{"start":{"line":53,"column":44},"end":{"line":53,"column":45}},"loc":{"start":{"line":53,"column":69},"end":{"line":62,"column":7}},"line":53},"5":{"name":"(anonymous_5)","decl":{"start":{"line":67,"column":37},"end":{"line":67,"column":38}},"loc":{"start":{"line":67,"column":49},"end":{"line":75,"column":1}},"line":67},"6":{"name":"(anonymous_6)","decl":{"start":{"line":74,"column":25},"end":{"line":74,"column":26}},"loc":{"start":{"line":74,"column":31},"end":{"line":74,"column":99}},"line":74},"7":{"name":"(anonymous_7)","decl":{"start":{"line":78,"column":44},"end":{"line":78,"column":45}},"loc":{"start":{"line":78,"column":64},"end":{"line":84,"column":1}},"line":78},"8":{"name":"(anonymous_8)","decl":{"start":{"line":83,"column":9},"end":{"line":83,"column":10}},"loc":{"start":{"line":83,"column":17},"end":{"line":83,"column":99}},"line":83},"9":{"name":"(anonymous_9)","decl":{"start":{"line":87,"column":28},"end":{"line":87,"column":29}},"loc":{"start":{"line":87,"column":58},"end":{"line":108,"column":1}},"line":87},"10":{"name":"(anonymous_10)","decl":{"start":{"line":96,"column":23},"end":{"line":96,"column":24}},"loc":{"start":{"line":96,"column":44},"end":{"line":107,"column":5}},"line":96},"11":{"name":"(anonymous_11)","decl":{"start":{"line":97,"column":44},"end":{"line":97,"column":45}},"loc":{"start":{"line":97,"column":69},"end":{"line":106,"column":7}},"line":97},"12":{"name":"(anonymous_12)","decl":{"start":{"line":111,"column":31},"end":{"line":111,"column":32}},"loc":{"start":{"line":111,"column":43},"end":{"line":128,"column":1}},"line":111},"13":{"name":"(anonymous_13)","decl":{"start":{"line":120,"column":27},"end":{"line":120,"column":28}},"loc":{"start":{"line":120,"column":37},"end":{"line":127,"column":5}},"line":120},"14":{"name":"(anonymous_14)","decl":{"start":{"line":131,"column":38},"end":{"line":131,"column":39}},"loc":{"start":{"line":131,"column":107},"end":{"line":153,"column":1}},"line":131},"15":{"name":"(anonymous_15)","decl":{"start":{"line":134,"column":21},"end":{"line":134,"column":22}},"loc":{"start":{"line":134,"column":42},"end":{"line":152,"column":3}},"line":134},"16":{"name":"(anonymous_16)","decl":{"start":{"line":135,"column":38},"end":{"line":135,"column":39}},"loc":{"start":{"line":135,"column":69},"end":{"line":151,"column":5}},"line":135}},"branchMap":{"0":{"loc":{"start":{"line":21,"column":4},"end":{"line":41,"column":5}},"type":"if","locations":[{"start":{"line":21,"column":4},"end":{"line":41,"column":5}},{"start":{},"end":{}}],"line":21},"1":{"loc":{"start":{"line":31,"column":10},"end":{"line":31,"column":38}},"type":"if","locations":[{"start":{"line":31,"column":10},"end":{"line":31,"column":38}},{"start":{},"end":{}}],"line":31},"2":{"loc":{"start":{"line":38,"column":18},"end":{"line":38,"column":38}},"type":"cond-expr","locations":[{"start":{"line":38,"column":26},"end":{"line":38,"column":30}},{"start":{"line":38,"column":33},"end":{"line":38,"column":38}}],"line":38},"3":{"loc":{"start":{"line":48,"column":4},"end":{"line":48,"column":27}},"type":"if","locations":[{"start":{"line":48,"column":4},"end":{"line":48,"column":27}},{"start":{},"end":{}}],"line":48},"4":{"loc":{"start":{"line":54,"column":8},"end":{"line":54,"column":36}},"type":"if","locations":[{"start":{"line":54,"column":8},"end":{"line":54,"column":36}},{"start":{},"end":{}}],"line":54},"5":{"loc":{"start":{"line":61,"column":16},"end":{"line":61,"column":36}},"type":"cond-expr","locations":[{"start":{"line":61,"column":24},"end":{"line":61,"column":28}},{"start":{"line":61,"column":31},"end":{"line":61,"column":36}}],"line":61},"6":{"loc":{"start":{"line":92,"column":4},"end":{"line":92,"column":27}},"type":"if","locations":[{"start":{"line":92,"column":4},"end":{"line":92,"column":27}},{"start":{},"end":{}}],"line":92},"7":{"loc":{"start":{"line":98,"column":8},"end":{"line":98,"column":36}},"type":"if","locations":[{"start":{"line":98,"column":8},"end":{"line":98,"column":36}},{"start":{},"end":{}}],"line":98},"8":{"loc":{"start":{"line":105,"column":16},"end":{"line":105,"column":36}},"type":"cond-expr","locations":[{"start":{"line":105,"column":24},"end":{"line":105,"column":28}},{"start":{"line":105,"column":31},"end":{"line":105,"column":36}}],"line":105},"9":{"loc":{"start":{"line":136,"column":6},"end":{"line":136,"column":34}},"type":"if","locations":[{"start":{"line":136,"column":6},"end":{"line":136,"column":34}},{"start":{},"end":{}}],"line":136}},"s":{"0":1,"1":1,"2":1,"3":11,"4":11,"5":10,"6":4,"7":4,"8":4,"9":4,"10":4,"11":1,"12":3,"13":3,"14":6,"15":6,"16":5,"17":5,"18":1,"19":4,"20":4,"21":4,"22":4,"23":1,"24":3,"25":3,"26":1,"27":3,"28":3,"29":2,"30":1,"31":1,"32":3,"33":3,"34":2,"35":2,"36":1,"37":4,"38":4,"39":4,"40":4,"41":1,"42":3,"43":3,"44":3,"45":3,"46":1,"47":2,"48":2,"49":1,"50":1,"51":1,"52":1,"53":1,"54":1,"55":2,"56":2,"57":2,"58":2,"59":0,"60":2,"61":2,"62":2,"63":2,"64":1,"65":1},"f":{"0":11,"1":4,"2":4,"3":4,"4":4,"5":3,"6":1,"7":3,"8":2,"9":4,"10":3,"11":3,"12":1,"13":1,"14":2,"15":2,"16":2},"b":{"0":[4,6],"1":[1,3],"2":[2,1],"3":[1,4],"4":[1,3],"5":[2,1],"6":[1,3],"7":[1,2],"8":[1,1],"9":[0,2]},"inputSourceMap":null,"_coverageSchema":"1a1c01bbd47fc00a2c39e90264f33305004495a9","hash":"a9b2c058117ceb7d25fdde68d44b22fc8c6a72a1"}
,"C:\\Users\\poffy\\Desktop\\Università\\Magistrale\\Software2\\Participium\\server\\services\\report.mjs": {"path":"C:\\Users\\poffy\\Desktop\\Università\\Magistrale\\Software2\\Participium\\server\\services\\report.mjs","statementMap":{"0":{"start":{"line":4,"column":0},"end":{"line":4,"column":16}},"1":{"start":{"line":6,"column":13},"end":{"line":12,"column":2}},"2":{"start":{"line":14,"column":28},"end":{"line":64,"column":1}},"3":{"start":{"line":15,"column":17},"end":{"line":15,"column":37}},"4":{"start":{"line":17,"column":2},"end":{"line":63,"column":3}},"5":{"start":{"line":18,"column":4},"end":{"line":18,"column":32}},"6":{"start":{"line":21,"column":24},"end":{"line":21,"column":81}},"7":{"start":{"line":22,"column":27},"end":{"line":22,"column":73}},"8":{"start":{"line":24,"column":4},"end":{"line":26,"column":5}},"9":{"start":{"line":25,"column":6},"end":{"line":25,"column":45}},"10":{"start":{"line":28,"column":22},"end":{"line":28,"column":54}},"11":{"start":{"line":31,"column":22},"end":{"line":31,"column":70}},"12":{"start":{"line":32,"column":25},"end":{"line":32,"column":76}},"13":{"start":{"line":33,"column":22},"end":{"line":33,"column":52}},"14":{"start":{"line":35,"column":22},"end":{"line":39,"column":5}},"15":{"start":{"line":40,"column":25},"end":{"line":40,"column":133}},"16":{"start":{"line":41,"column":25},"end":{"line":41,"column":68}},"17":{"start":{"line":42,"column":19},"end":{"line":42,"column":39}},"18":{"start":{"line":44,"column":22},"end":{"line":48,"column":5}},"19":{"start":{"line":49,"column":19},"end":{"line":49,"column":21}},"20":{"start":{"line":50,"column":4},"end":{"line":53,"column":5}},"21":{"start":{"line":51,"column":26},"end":{"line":51,"column":80}},"22":{"start":{"line":52,"column":6},"end":{"line":52,"column":39}},"23":{"start":{"line":55,"column":4},"end":{"line":55,"column":33}},"24":{"start":{"line":57,"column":4},"end":{"line":57,"column":33}},"25":{"start":{"line":59,"column":4},"end":{"line":59,"column":35}},"26":{"start":{"line":60,"column":4},"end":{"line":60,"column":14}},"27":{"start":{"line":62,"column":4},"end":{"line":62,"column":21}},"28":{"start":{"line":67,"column":29},"end":{"line":132,"column":1}},"29":{"start":{"line":68,"column":16},"end":{"line":103,"column":5}},"30":{"start":{"line":105,"column":19},"end":{"line":105,"column":40}},"31":{"start":{"line":106,"column":4},"end":{"line":131,"column":8}},"32":{"start":{"line":106,"column":37},"end":{"line":131,"column":5}},"33":{"start":{"line":135,"column":34},"end":{"line":206,"column":1}},"34":{"start":{"line":136,"column":16},"end":{"line":175,"column":9}},"35":{"start":{"line":177,"column":19},"end":{"line":177,"column":55}},"36":{"start":{"line":178,"column":4},"end":{"line":205,"column":8}},"37":{"start":{"line":178,"column":37},"end":{"line":205,"column":5}},"38":{"start":{"line":209,"column":34},"end":{"line":322,"column":1}},"39":{"start":{"line":210,"column":17},"end":{"line":210,"column":37}},"40":{"start":{"line":211,"column":2},"end":{"line":321,"column":3}},"41":{"start":{"line":214,"column":20},"end":{"line":214,"column":24}},"42":{"start":{"line":215,"column":4},"end":{"line":217,"column":5}},"43":{"start":{"line":216,"column":6},"end":{"line":216,"column":43}},"44":{"start":{"line":219,"column":22},"end":{"line":226,"column":9}},"45":{"start":{"line":228,"column":29},"end":{"line":228,"column":93}},"46":{"start":{"line":230,"column":8},"end":{"line":233,"column":9}},"47":{"start":{"line":232,"column":10},"end":{"line":232,"column":22}},"48":{"start":{"line":236,"column":26},"end":{"line":276,"column":9}},"49":{"start":{"line":278,"column":25},"end":{"line":278,"column":67}},"50":{"start":{"line":281,"column":16},"end":{"line":281,"column":36}},"51":{"start":{"line":282,"column":4},"end":{"line":282,"column":26}},"52":{"start":{"line":282,"column":14},"end":{"line":282,"column":26}},"53":{"start":{"line":284,"column":4},"end":{"line":315,"column":6}},"54":{"start":{"line":318,"column":4},"end":{"line":318,"column":14}},"55":{"start":{"line":320,"column":4},"end":{"line":320,"column":21}},"56":{"start":{"line":324,"column":37},"end":{"line":377,"column":1}},"57":{"start":{"line":325,"column":16},"end":{"line":355,"column":5}},"58":{"start":{"line":357,"column":19},"end":{"line":357,"column":40}},"59":{"start":{"line":358,"column":4},"end":{"line":376,"column":8}},"60":{"start":{"line":358,"column":37},"end":{"line":376,"column":5}},"61":{"start":{"line":379,"column":35},"end":{"line":397,"column":1}},"62":{"start":{"line":380,"column":16},"end":{"line":390,"column":5}},"63":{"start":{"line":391,"column":19},"end":{"line":391,"column":66}},"64":{"start":{"line":392,"column":4},"end":{"line":394,"column":5}},"65":{"start":{"line":393,"column":6},"end":{"line":393,"column":18}},"66":{"start":{"line":396,"column":4},"end":{"line":396,"column":26}},"67":{"start":{"line":400,"column":37},"end":{"line":421,"column":1}},"68":{"start":{"line":401,"column":14},"end":{"line":412,"column":3}},"69":{"start":{"line":413,"column":19},"end":{"line":413,"column":66}},"70":{"start":{"line":415,"column":4},"end":{"line":417,"column":5}},"71":{"start":{"line":416,"column":6},"end":{"line":416,"column":18}},"72":{"start":{"line":419,"column":4},"end":{"line":419,"column":26}}},"fnMap":{"0":{"name":"(anonymous_0)","decl":{"start":{"line":14,"column":28},"end":{"line":14,"column":29}},"loc":{"start":{"line":14,"column":131},"end":{"line":64,"column":1}},"line":14},"1":{"name":"(anonymous_1)","decl":{"start":{"line":67,"column":29},"end":{"line":67,"column":30}},"loc":{"start":{"line":67,"column":41},"end":{"line":132,"column":1}},"line":67},"2":{"name":"(anonymous_2)","decl":{"start":{"line":106,"column":27},"end":{"line":106,"column":28}},"loc":{"start":{"line":106,"column":37},"end":{"line":131,"column":5}},"line":106},"3":{"name":"(anonymous_3)","decl":{"start":{"line":135,"column":34},"end":{"line":135,"column":35}},"loc":{"start":{"line":135,"column":57},"end":{"line":206,"column":1}},"line":135},"4":{"name":"(anonymous_4)","decl":{"start":{"line":178,"column":27},"end":{"line":178,"column":28}},"loc":{"start":{"line":178,"column":37},"end":{"line":205,"column":5}},"line":178},"5":{"name":"(anonymous_5)","decl":{"start":{"line":209,"column":34},"end":{"line":209,"column":35}},"loc":{"start":{"line":209,"column":91},"end":{"line":322,"column":1}},"line":209},"6":{"name":"(anonymous_6)","decl":{"start":{"line":324,"column":37},"end":{"line":324,"column":38}},"loc":{"start":{"line":324,"column":49},"end":{"line":377,"column":1}},"line":324},"7":{"name":"(anonymous_7)","decl":{"start":{"line":358,"column":27},"end":{"line":358,"column":28}},"loc":{"start":{"line":358,"column":37},"end":{"line":376,"column":5}},"line":358},"8":{"name":"(anonymous_8)","decl":{"start":{"line":379,"column":35},"end":{"line":379,"column":36}},"loc":{"start":{"line":379,"column":69},"end":{"line":397,"column":1}},"line":379},"9":{"name":"(anonymous_9)","decl":{"start":{"line":400,"column":37},"end":{"line":400,"column":38}},"loc":{"start":{"line":400,"column":71},"end":{"line":421,"column":1}},"line":400}},"branchMap":{"0":{"loc":{"start":{"line":24,"column":4},"end":{"line":26,"column":5}},"type":"if","locations":[{"start":{"line":24,"column":4},"end":{"line":26,"column":5}},{"start":{},"end":{}}],"line":24},"1":{"loc":{"start":{"line":40,"column":114},"end":{"line":40,"column":132}},"type":"binary-expr","locations":[{"start":{"line":40,"column":114},"end":{"line":40,"column":123}},{"start":{"line":40,"column":127},"end":{"line":40,"column":132}}],"line":40},"2":{"loc":{"start":{"line":116,"column":15},"end":{"line":121,"column":14}},"type":"cond-expr","locations":[{"start":{"line":116,"column":32},"end":{"line":121,"column":7}},{"start":{"line":121,"column":10},"end":{"line":121,"column":14}}],"line":116},"3":{"loc":{"start":{"line":125,"column":18},"end":{"line":129,"column":14}},"type":"cond-expr","locations":[{"start":{"line":125,"column":48},"end":{"line":129,"column":7}},{"start":{"line":129,"column":10},"end":{"line":129,"column":14}}],"line":125},"4":{"loc":{"start":{"line":130,"column":14},"end":{"line":130,"column":30}},"type":"binary-expr","locations":[{"start":{"line":130,"column":14},"end":{"line":130,"column":24}},{"start":{"line":130,"column":28},"end":{"line":130,"column":30}}],"line":130},"5":{"loc":{"start":{"line":188,"column":15},"end":{"line":193,"column":14}},"type":"cond-expr","locations":[{"start":{"line":188,"column":32},"end":{"line":193,"column":7}},{"start":{"line":193,"column":10},"end":{"line":193,"column":14}}],"line":188},"6":{"loc":{"start":{"line":197,"column":28},"end":{"line":202,"column":14}},"type":"cond-expr","locations":[{"start":{"line":197,"column":58},"end":{"line":202,"column":7}},{"start":{"line":202,"column":10},"end":{"line":202,"column":14}}],"line":197},"7":{"loc":{"start":{"line":203,"column":28},"end":{"line":203,"column":92}},"type":"cond-expr","locations":[{"start":{"line":203,"column":58},"end":{"line":203,"column":85}},{"start":{"line":203,"column":88},"end":{"line":203,"column":92}}],"line":203},"8":{"loc":{"start":{"line":204,"column":14},"end":{"line":204,"column":30}},"type":"binary-expr","locations":[{"start":{"line":204,"column":14},"end":{"line":204,"column":24}},{"start":{"line":204,"column":28},"end":{"line":204,"column":30}}],"line":204},"9":{"loc":{"start":{"line":209,"column":63},"end":{"line":209,"column":86}},"type":"default-arg","locations":[{"start":{"line":209,"column":82},"end":{"line":209,"column":86}}],"line":209},"10":{"loc":{"start":{"line":215,"column":4},"end":{"line":217,"column":5}},"type":"if","locations":[{"start":{"line":215,"column":4},"end":{"line":217,"column":5}},{"start":{},"end":{}}],"line":215},"11":{"loc":{"start":{"line":216,"column":18},"end":{"line":216,"column":42}},"type":"binary-expr","locations":[{"start":{"line":216,"column":18},"end":{"line":216,"column":34}},{"start":{"line":216,"column":38},"end":{"line":216,"column":42}}],"line":216},"12":{"loc":{"start":{"line":230,"column":8},"end":{"line":233,"column":9}},"type":"if","locations":[{"start":{"line":230,"column":8},"end":{"line":233,"column":9}},{"start":{},"end":{}}],"line":230},"13":{"loc":{"start":{"line":282,"column":4},"end":{"line":282,"column":26}},"type":"if","locations":[{"start":{"line":282,"column":4},"end":{"line":282,"column":26}},{"start":{},"end":{}}],"line":282},"14":{"loc":{"start":{"line":294,"column":15},"end":{"line":299,"column":14}},"type":"cond-expr","locations":[{"start":{"line":294,"column":32},"end":{"line":299,"column":7}},{"start":{"line":299,"column":10},"end":{"line":299,"column":14}}],"line":294},"15":{"loc":{"start":{"line":303,"column":28},"end":{"line":307,"column":14}},"type":"cond-expr","locations":[{"start":{"line":303,"column":58},"end":{"line":307,"column":7}},{"start":{"line":307,"column":10},"end":{"line":307,"column":14}}],"line":303},"16":{"loc":{"start":{"line":308,"column":28},"end":{"line":313,"column":14}},"type":"cond-expr","locations":[{"start":{"line":308,"column":58},"end":{"line":313,"column":7}},{"start":{"line":313,"column":10},"end":{"line":313,"column":14}}],"line":308},"17":{"loc":{"start":{"line":314,"column":14},"end":{"line":314,"column":30}},"type":"binary-expr","locations":[{"start":{"line":314,"column":14},"end":{"line":314,"column":24}},{"start":{"line":314,"column":28},"end":{"line":314,"column":30}}],"line":314},"18":{"loc":{"start":{"line":367,"column":15},"end":{"line":371,"column":15}},"type":"cond-expr","locations":[{"start":{"line":367,"column":31},"end":{"line":367,"column":35}},{"start":{"line":367,"column":39},"end":{"line":371,"column":14}}],"line":367},"19":{"loc":{"start":{"line":367,"column":39},"end":{"line":371,"column":14}},"type":"cond-expr","locations":[{"start":{"line":367,"column":56},"end":{"line":371,"column":7}},{"start":{"line":371,"column":10},"end":{"line":371,"column":14}}],"line":367},"20":{"loc":{"start":{"line":375,"column":14},"end":{"line":375,"column":30}},"type":"binary-expr","locations":[{"start":{"line":375,"column":14},"end":{"line":375,"column":24}},{"start":{"line":375,"column":28},"end":{"line":375,"column":30}}],"line":375},"21":{"loc":{"start":{"line":392,"column":4},"end":{"line":394,"column":5}},"type":"if","locations":[{"start":{"line":392,"column":4},"end":{"line":394,"column":5}},{"start":{},"end":{}}],"line":392},"22":{"loc":{"start":{"line":415,"column":4},"end":{"line":417,"column":5}},"type":"if","locations":[{"start":{"line":415,"column":4},"end":{"line":417,"column":5}},{"start":{},"end":{}}],"line":415}},"s":{"0":1,"1":1,"2":1,"3":3,"4":3,"5":3,"6":3,"7":3,"8":3,"9":1,"10":2,"11":2,"12":2,"13":2,"14":2,"15":2,"16":2,"17":2,"18":2,"19":2,"20":2,"21":2,"22":1,"23":1,"24":1,"25":2,"26":2,"27":3,"28":1,"29":3,"30":3,"31":2,"32":1,"33":1,"34":3,"35":3,"36":2,"37":1,"38":1,"39":4,"40":4,"41":4,"42":4,"43":1,"44":4,"45":4,"46":3,"47":1,"48":2,"49":2,"50":2,"51":2,"52":0,"53":2,"54":1,"55":4,"56":1,"57":3,"58":3,"59":2,"60":2,"61":1,"62":3,"63":3,"64":2,"65":1,"66":1,"67":1,"68":3,"69":3,"70":2,"71":1,"72":1},"f":{"0":3,"1":3,"2":1,"3":3,"4":1,"5":4,"6":3,"7":2,"8":3,"9":3},"b":{"0":[1,2],"1":[2,2],"2":[1,0],"3":[1,0],"4":[1,0],"5":[1,0],"6":[1,0],"7":[0,1],"8":[1,0],"9":[3],"10":[1,3],"11":[1,0],"12":[1,2],"13":[0,2],"14":[2,0],"15":[0,2],"16":[1,1],"17":[2,0],"18":[1,1],"19":[1,0],"20":[2,0],"21":[1,1],"22":[1,1]},"inputSourceMap":null,"_coverageSchema":"1a1c01bbd47fc00a2c39e90264f33305004495a9","hash":"2fd34f67a270d7fb37fba56582fe5567a8ba64ea"}
,"C:\\Users\\poffy\\Desktop\\Università\\Magistrale\\Software2\\Participium\\server\\services\\role.mjs": {"path":"C:\\Users\\poffy\\Desktop\\Università\\Magistrale\\Software2\\Participium\\server\\services\\role.mjs","statementMap":{"0":{"start":{"line":4,"column":0},"end":{"line":4,"column":16}},"1":{"start":{"line":6,"column":13},"end":{"line":12,"column":2}},"2":{"start":{"line":15,"column":27},"end":{"line":19,"column":1}},"3":{"start":{"line":16,"column":16},"end":{"line":16,"column":38}},"4":{"start":{"line":17,"column":19},"end":{"line":17,"column":40}},"5":{"start":{"line":18,"column":4},"end":{"line":18,"column":79}},"6":{"start":{"line":18,"column":36},"end":{"line":18,"column":75}}},"fnMap":{"0":{"name":"(anonymous_0)","decl":{"start":{"line":15,"column":27},"end":{"line":15,"column":28}},"loc":{"start":{"line":15,"column":39},"end":{"line":19,"column":1}},"line":15},"1":{"name":"(anonymous_1)","decl":{"start":{"line":18,"column":27},"end":{"line":18,"column":28}},"loc":{"start":{"line":18,"column":34},"end":{"line":18,"column":77}},"line":18}},"branchMap":{},"s":{"0":1,"1":1,"2":1,"3":3,"4":3,"5":2,"6":1},"f":{"0":3,"1":1},"b":{},"inputSourceMap":null,"_coverageSchema":"1a1c01bbd47fc00a2c39e90264f33305004495a9","hash":"39a2bdbb0f338dad00fe90f2767824f481dbac55"}
}
