{"C:\\Users\\poffy\\Desktop\\Università\\Magistrale\\Software2\\Participium\\server\\dao.mjs": {"path":"C:\\Users\\poffy\\Desktop\\Università\\Magistrale\\Software2\\Participium\\server\\dao.mjs","statementMap":{"0":{"start":{"line":5,"column":0},"end":{"line":5,"column":16}},"1":{"start":{"line":7,"column":13},"end":{"line":13,"column":2}},"2":{"start":{"line":18,"column":44},"end":{"line":52,"column":1}},"3":{"start":{"line":20,"column":2},"end":{"line":44,"column":3}},"4":{"start":{"line":21,"column":4},"end":{"line":40,"column":5}},"5":{"start":{"line":22,"column":28},"end":{"line":22,"column":76}},"6":{"start":{"line":23,"column":21},"end":{"line":23,"column":65}},"7":{"start":{"line":24,"column":6},"end":{"line":26,"column":7}},"8":{"start":{"line":25,"column":8},"end":{"line":25,"column":81}},"9":{"start":{"line":27,"column":6},"end":{"line":27,"column":34}},"10":{"start":{"line":28,"column":30},"end":{"line":28,"column":127}},"11":{"start":{"line":29,"column":33},"end":{"line":29,"column":92}},"12":{"start":{"line":30,"column":6},"end":{"line":32,"column":7}},"13":{"start":{"line":31,"column":8},"end":{"line":31,"column":96}},"14":{"start":{"line":33,"column":38},"end":{"line":33,"column":173}},"15":{"start":{"line":34,"column":6},"end":{"line":34,"column":93}},"16":{"start":{"line":35,"column":11},"end":{"line":40,"column":5}},"17":{"start":{"line":36,"column":38},"end":{"line":36,"column":173}},"18":{"start":{"line":37,"column":6},"end":{"line":37,"column":77}},"19":{"start":{"line":39,"column":6},"end":{"line":39,"column":66}},"20":{"start":{"line":42,"column":4},"end":{"line":42,"column":61}},"21":{"start":{"line":43,"column":4},"end":{"line":43,"column":14}},"22":{"start":{"line":45,"column":2},"end":{"line":51,"column":8}},"23":{"start":{"line":46,"column":17},"end":{"line":51,"column":5}},"24":{"start":{"line":55,"column":23},"end":{"line":107,"column":1}},"25":{"start":{"line":56,"column":2},"end":{"line":106,"column":3}},"26":{"start":{"line":58,"column":24},"end":{"line":58,"column":131}},"27":{"start":{"line":59,"column":27},"end":{"line":59,"column":68}},"28":{"start":{"line":61,"column":4},"end":{"line":81,"column":5}},"29":{"start":{"line":62,"column":18},"end":{"line":62,"column":40}},"30":{"start":{"line":63,"column":19},"end":{"line":67,"column":7}},"31":{"start":{"line":69,"column":6},"end":{"line":80,"column":9}},"32":{"start":{"line":70,"column":8},"end":{"line":79,"column":11}},"33":{"start":{"line":71,"column":10},"end":{"line":71,"column":38}},"34":{"start":{"line":71,"column":19},"end":{"line":71,"column":38}},"35":{"start":{"line":73,"column":24},"end":{"line":76,"column":11}},"36":{"start":{"line":78,"column":10},"end":{"line":78,"column":40}},"37":{"start":{"line":84,"column":23},"end":{"line":84,"column":64}},"38":{"start":{"line":85,"column":26},"end":{"line":85,"column":66}},"39":{"start":{"line":87,"column":16},"end":{"line":87,"column":37}},"40":{"start":{"line":88,"column":4},"end":{"line":88,"column":27}},"41":{"start":{"line":88,"column":14},"end":{"line":88,"column":27}},"42":{"start":{"line":90,"column":17},"end":{"line":90,"column":77}},"43":{"start":{"line":92,"column":4},"end":{"line":103,"column":7}},"44":{"start":{"line":93,"column":6},"end":{"line":102,"column":9}},"45":{"start":{"line":94,"column":8},"end":{"line":94,"column":36}},"46":{"start":{"line":94,"column":17},"end":{"line":94,"column":36}},"47":{"start":{"line":96,"column":22},"end":{"line":99,"column":9}},"48":{"start":{"line":101,"column":8},"end":{"line":101,"column":38}},"49":{"start":{"line":105,"column":4},"end":{"line":105,"column":14}},"50":{"start":{"line":110,"column":28},"end":{"line":135,"column":1}},"51":{"start":{"line":111,"column":2},"end":{"line":134,"column":3}},"52":{"start":{"line":112,"column":16},"end":{"line":112,"column":106}},"53":{"start":{"line":113,"column":19},"end":{"line":113,"column":52}},"54":{"start":{"line":115,"column":16},"end":{"line":115,"column":30}},"55":{"start":{"line":116,"column":4},"end":{"line":116,"column":27}},"56":{"start":{"line":116,"column":14},"end":{"line":116,"column":27}},"57":{"start":{"line":118,"column":17},"end":{"line":118,"column":85}},"58":{"start":{"line":120,"column":4},"end":{"line":131,"column":7}},"59":{"start":{"line":121,"column":6},"end":{"line":130,"column":9}},"60":{"start":{"line":122,"column":8},"end":{"line":122,"column":36}},"61":{"start":{"line":122,"column":17},"end":{"line":122,"column":36}},"62":{"start":{"line":124,"column":22},"end":{"line":127,"column":9}},"63":{"start":{"line":129,"column":8},"end":{"line":129,"column":38}},"64":{"start":{"line":133,"column":4},"end":{"line":133,"column":14}},"65":{"start":{"line":138,"column":26},"end":{"line":156,"column":1}},"66":{"start":{"line":139,"column":15},"end":{"line":139,"column":53}},"67":{"start":{"line":141,"column":2},"end":{"line":155,"column":5}},"68":{"start":{"line":142,"column":4},"end":{"line":154,"column":7}},"69":{"start":{"line":143,"column":6},"end":{"line":143,"column":34}},"70":{"start":{"line":143,"column":15},"end":{"line":143,"column":34}},"71":{"start":{"line":145,"column":18},"end":{"line":145,"column":176}},"72":{"start":{"line":146,"column":21},"end":{"line":146,"column":120}},"73":{"start":{"line":148,"column":6},"end":{"line":153,"column":7}},"74":{"start":{"line":149,"column":23},"end":{"line":149,"column":52}},"75":{"start":{"line":150,"column":8},"end":{"line":150,"column":95}},"76":{"start":{"line":152,"column":8},"end":{"line":152,"column":20}},"77":{"start":{"line":159,"column":29},"end":{"line":167,"column":1}},"78":{"start":{"line":160,"column":2},"end":{"line":166,"column":3}},"79":{"start":{"line":161,"column":16},"end":{"line":161,"column":39}},"80":{"start":{"line":162,"column":19},"end":{"line":162,"column":40}},"81":{"start":{"line":163,"column":4},"end":{"line":163,"column":81}},"82":{"start":{"line":163,"column":36},"end":{"line":163,"column":77}},"83":{"start":{"line":165,"column":4},"end":{"line":165,"column":14}},"84":{"start":{"line":170,"column":27},"end":{"line":178,"column":1}},"85":{"start":{"line":171,"column":2},"end":{"line":177,"column":3}},"86":{"start":{"line":172,"column":16},"end":{"line":172,"column":38}},"87":{"start":{"line":173,"column":19},"end":{"line":173,"column":40}},"88":{"start":{"line":174,"column":4},"end":{"line":174,"column":79}},"89":{"start":{"line":174,"column":36},"end":{"line":174,"column":75}},"90":{"start":{"line":176,"column":4},"end":{"line":176,"column":14}},"91":{"start":{"line":181,"column":31},"end":{"line":202,"column":1}},"92":{"start":{"line":182,"column":2},"end":{"line":201,"column":3}},"93":{"start":{"line":183,"column":16},"end":{"line":189,"column":5}},"94":{"start":{"line":190,"column":19},"end":{"line":190,"column":40}},"95":{"start":{"line":191,"column":4},"end":{"line":198,"column":8}},"96":{"start":{"line":191,"column":37},"end":{"line":198,"column":5}},"97":{"start":{"line":200,"column":4},"end":{"line":200,"column":14}},"98":{"start":{"line":204,"column":28},"end":{"line":254,"column":1}},"99":{"start":{"line":205,"column":17},"end":{"line":205,"column":37}},"100":{"start":{"line":207,"column":2},"end":{"line":253,"column":3}},"101":{"start":{"line":208,"column":4},"end":{"line":208,"column":32}},"102":{"start":{"line":211,"column":24},"end":{"line":211,"column":81}},"103":{"start":{"line":212,"column":27},"end":{"line":212,"column":73}},"104":{"start":{"line":214,"column":4},"end":{"line":216,"column":5}},"105":{"start":{"line":215,"column":6},"end":{"line":215,"column":45}},"106":{"start":{"line":218,"column":22},"end":{"line":218,"column":54}},"107":{"start":{"line":221,"column":22},"end":{"line":221,"column":70}},"108":{"start":{"line":222,"column":25},"end":{"line":222,"column":76}},"109":{"start":{"line":223,"column":22},"end":{"line":223,"column":52}},"110":{"start":{"line":225,"column":22},"end":{"line":229,"column":5}},"111":{"start":{"line":230,"column":25},"end":{"line":230,"column":133}},"112":{"start":{"line":231,"column":25},"end":{"line":231,"column":68}},"113":{"start":{"line":232,"column":19},"end":{"line":232,"column":39}},"114":{"start":{"line":234,"column":22},"end":{"line":238,"column":5}},"115":{"start":{"line":239,"column":19},"end":{"line":239,"column":21}},"116":{"start":{"line":240,"column":4},"end":{"line":243,"column":5}},"117":{"start":{"line":241,"column":26},"end":{"line":241,"column":80}},"118":{"start":{"line":242,"column":6},"end":{"line":242,"column":39}},"119":{"start":{"line":245,"column":4},"end":{"line":245,"column":33}},"120":{"start":{"line":247,"column":4},"end":{"line":247,"column":33}},"121":{"start":{"line":249,"column":4},"end":{"line":249,"column":35}},"122":{"start":{"line":250,"column":4},"end":{"line":250,"column":14}},"123":{"start":{"line":252,"column":4},"end":{"line":252,"column":21}},"124":{"start":{"line":257,"column":38},"end":{"line":279,"column":1}},"125":{"start":{"line":258,"column":15},"end":{"line":258,"column":53}},"126":{"start":{"line":260,"column":2},"end":{"line":278,"column":5}},"127":{"start":{"line":261,"column":4},"end":{"line":277,"column":7}},"128":{"start":{"line":262,"column":6},"end":{"line":262,"column":34}},"129":{"start":{"line":262,"column":15},"end":{"line":262,"column":34}},"130":{"start":{"line":264,"column":18},"end":{"line":268,"column":7}},"131":{"start":{"line":269,"column":21},"end":{"line":269,"column":96}},"132":{"start":{"line":271,"column":6},"end":{"line":276,"column":7}},"133":{"start":{"line":272,"column":23},"end":{"line":272,"column":52}},"134":{"start":{"line":273,"column":8},"end":{"line":273,"column":62}},"135":{"start":{"line":275,"column":8},"end":{"line":275,"column":20}},"136":{"start":{"line":282,"column":32},"end":{"line":295,"column":1}},"137":{"start":{"line":283,"column":2},"end":{"line":294,"column":3}},"138":{"start":{"line":284,"column":16},"end":{"line":284,"column":42}},"139":{"start":{"line":285,"column":19},"end":{"line":285,"column":40}},"140":{"start":{"line":287,"column":4},"end":{"line":291,"column":8}},"141":{"start":{"line":287,"column":35},"end":{"line":291,"column":5}},"142":{"start":{"line":293,"column":4},"end":{"line":293,"column":14}},"143":{"start":{"line":298,"column":29},"end":{"line":357,"column":1}},"144":{"start":{"line":299,"column":2},"end":{"line":356,"column":3}},"145":{"start":{"line":300,"column":16},"end":{"line":330,"column":5}},"146":{"start":{"line":332,"column":19},"end":{"line":332,"column":40}},"147":{"start":{"line":333,"column":4},"end":{"line":353,"column":8}},"148":{"start":{"line":333,"column":37},"end":{"line":353,"column":5}},"149":{"start":{"line":355,"column":4},"end":{"line":355,"column":14}},"150":{"start":{"line":360,"column":34},"end":{"line":420,"column":1}},"151":{"start":{"line":361,"column":2},"end":{"line":419,"column":3}},"152":{"start":{"line":362,"column":16},"end":{"line":393,"column":9}},"153":{"start":{"line":395,"column":19},"end":{"line":395,"column":55}},"154":{"start":{"line":396,"column":4},"end":{"line":416,"column":8}},"155":{"start":{"line":396,"column":37},"end":{"line":416,"column":5}},"156":{"start":{"line":418,"column":4},"end":{"line":418,"column":14}},"157":{"start":{"line":423,"column":34},"end":{"line":514,"column":1}},"158":{"start":{"line":424,"column":17},"end":{"line":424,"column":37}},"159":{"start":{"line":425,"column":2},"end":{"line":513,"column":3}},"160":{"start":{"line":428,"column":20},"end":{"line":428,"column":24}},"161":{"start":{"line":429,"column":4},"end":{"line":431,"column":5}},"162":{"start":{"line":430,"column":6},"end":{"line":430,"column":43}},"163":{"start":{"line":433,"column":22},"end":{"line":440,"column":5}},"164":{"start":{"line":441,"column":25},"end":{"line":441,"column":96}},"165":{"start":{"line":443,"column":4},"end":{"line":446,"column":5}},"166":{"start":{"line":445,"column":6},"end":{"line":445,"column":18}},"167":{"start":{"line":449,"column":22},"end":{"line":479,"column":5}},"168":{"start":{"line":481,"column":25},"end":{"line":481,"column":67}},"169":{"start":{"line":484,"column":16},"end":{"line":484,"column":36}},"170":{"start":{"line":485,"column":4},"end":{"line":485,"column":26}},"171":{"start":{"line":485,"column":14},"end":{"line":485,"column":26}},"172":{"start":{"line":487,"column":4},"end":{"line":507,"column":6}},"173":{"start":{"line":510,"column":4},"end":{"line":510,"column":14}},"174":{"start":{"line":512,"column":4},"end":{"line":512,"column":21}},"175":{"start":{"line":516,"column":37},"end":{"line":573,"column":1}},"176":{"start":{"line":517,"column":2},"end":{"line":572,"column":3}},"177":{"start":{"line":518,"column":16},"end":{"line":548,"column":5}},"178":{"start":{"line":550,"column":19},"end":{"line":550,"column":40}},"179":{"start":{"line":551,"column":4},"end":{"line":569,"column":8}},"180":{"start":{"line":551,"column":37},"end":{"line":569,"column":5}},"181":{"start":{"line":571,"column":4},"end":{"line":571,"column":14}},"182":{"start":{"line":575,"column":35},"end":{"line":597,"column":1}},"183":{"start":{"line":576,"column":2},"end":{"line":596,"column":3}},"184":{"start":{"line":577,"column":16},"end":{"line":587,"column":5}},"185":{"start":{"line":588,"column":19},"end":{"line":588,"column":66}},"186":{"start":{"line":589,"column":4},"end":{"line":591,"column":5}},"187":{"start":{"line":590,"column":6},"end":{"line":590,"column":18}},"188":{"start":{"line":593,"column":4},"end":{"line":593,"column":26}},"189":{"start":{"line":595,"column":4},"end":{"line":595,"column":14}},"190":{"start":{"line":599,"column":31},"end":{"line":610,"column":1}},"191":{"start":{"line":600,"column":2},"end":{"line":609,"column":3}},"192":{"start":{"line":601,"column":16},"end":{"line":601,"column":158}},"193":{"start":{"line":602,"column":19},"end":{"line":602,"column":50}},"194":{"start":{"line":603,"column":4},"end":{"line":605,"column":5}},"195":{"start":{"line":604,"column":6},"end":{"line":604,"column":18}},"196":{"start":{"line":606,"column":4},"end":{"line":606,"column":26}},"197":{"start":{"line":608,"column":4},"end":{"line":608,"column":14}},"198":{"start":{"line":612,"column":30},"end":{"line":637,"column":1}},"199":{"start":{"line":613,"column":2},"end":{"line":636,"column":3}},"200":{"start":{"line":614,"column":17},"end":{"line":614,"column":37}},"201":{"start":{"line":615,"column":4},"end":{"line":615,"column":39}},"202":{"start":{"line":615,"column":27},"end":{"line":615,"column":39}},"203":{"start":{"line":617,"column":22},"end":{"line":619,"column":17}},"204":{"start":{"line":618,"column":23},"end":{"line":618,"column":43}},"205":{"start":{"line":621,"column":19},"end":{"line":621,"column":48}},"206":{"start":{"line":621,"column":35},"end":{"line":621,"column":47}},"207":{"start":{"line":623,"column":16},"end":{"line":628,"column":5}},"208":{"start":{"line":630,"column":4},"end":{"line":630,"column":24}},"209":{"start":{"line":632,"column":19},"end":{"line":632,"column":48}},"210":{"start":{"line":633,"column":4},"end":{"line":633,"column":26}},"211":{"start":{"line":635,"column":4},"end":{"line":635,"column":14}}},"fnMap":{"0":{"name":"(anonymous_0)","decl":{"start":{"line":18,"column":44},"end":{"line":18,"column":45}},"loc":{"start":{"line":18,"column":75},"end":{"line":52,"column":1}},"line":18},"1":{"name":"(anonymous_1)","decl":{"start":{"line":46,"column":9},"end":{"line":46,"column":10}},"loc":{"start":{"line":46,"column":17},"end":{"line":51,"column":5}},"line":46},"2":{"name":"(anonymous_2)","decl":{"start":{"line":55,"column":23},"end":{"line":55,"column":24}},"loc":{"start":{"line":55,"column":53},"end":{"line":107,"column":1}},"line":55},"3":{"name":"(anonymous_3)","decl":{"start":{"line":69,"column":25},"end":{"line":69,"column":26}},"loc":{"start":{"line":69,"column":46},"end":{"line":80,"column":7}},"line":69},"4":{"name":"(anonymous_4)","decl":{"start":{"line":70,"column":46},"end":{"line":70,"column":47}},"loc":{"start":{"line":70,"column":71},"end":{"line":79,"column":9}},"line":70},"5":{"name":"(anonymous_5)","decl":{"start":{"line":92,"column":23},"end":{"line":92,"column":24}},"loc":{"start":{"line":92,"column":44},"end":{"line":103,"column":5}},"line":92},"6":{"name":"(anonymous_6)","decl":{"start":{"line":93,"column":44},"end":{"line":93,"column":45}},"loc":{"start":{"line":93,"column":69},"end":{"line":102,"column":7}},"line":93},"7":{"name":"(anonymous_7)","decl":{"start":{"line":110,"column":28},"end":{"line":110,"column":29}},"loc":{"start":{"line":110,"column":58},"end":{"line":135,"column":1}},"line":110},"8":{"name":"(anonymous_8)","decl":{"start":{"line":120,"column":23},"end":{"line":120,"column":24}},"loc":{"start":{"line":120,"column":44},"end":{"line":131,"column":5}},"line":120},"9":{"name":"(anonymous_9)","decl":{"start":{"line":121,"column":44},"end":{"line":121,"column":45}},"loc":{"start":{"line":121,"column":69},"end":{"line":130,"column":7}},"line":121},"10":{"name":"(anonymous_10)","decl":{"start":{"line":138,"column":26},"end":{"line":138,"column":27}},"loc":{"start":{"line":138,"column":107},"end":{"line":156,"column":1}},"line":138},"11":{"name":"(anonymous_11)","decl":{"start":{"line":141,"column":21},"end":{"line":141,"column":22}},"loc":{"start":{"line":141,"column":42},"end":{"line":155,"column":3}},"line":141},"12":{"name":"(anonymous_12)","decl":{"start":{"line":142,"column":38},"end":{"line":142,"column":39}},"loc":{"start":{"line":142,"column":69},"end":{"line":154,"column":5}},"line":142},"13":{"name":"(anonymous_13)","decl":{"start":{"line":159,"column":29},"end":{"line":159,"column":30}},"loc":{"start":{"line":159,"column":41},"end":{"line":167,"column":1}},"line":159},"14":{"name":"(anonymous_14)","decl":{"start":{"line":163,"column":27},"end":{"line":163,"column":28}},"loc":{"start":{"line":163,"column":34},"end":{"line":163,"column":79}},"line":163},"15":{"name":"(anonymous_15)","decl":{"start":{"line":170,"column":27},"end":{"line":170,"column":28}},"loc":{"start":{"line":170,"column":39},"end":{"line":178,"column":1}},"line":170},"16":{"name":"(anonymous_16)","decl":{"start":{"line":174,"column":27},"end":{"line":174,"column":28}},"loc":{"start":{"line":174,"column":34},"end":{"line":174,"column":77}},"line":174},"17":{"name":"(anonymous_17)","decl":{"start":{"line":181,"column":31},"end":{"line":181,"column":32}},"loc":{"start":{"line":181,"column":43},"end":{"line":202,"column":1}},"line":181},"18":{"name":"(anonymous_18)","decl":{"start":{"line":191,"column":27},"end":{"line":191,"column":28}},"loc":{"start":{"line":191,"column":37},"end":{"line":198,"column":5}},"line":191},"19":{"name":"(anonymous_19)","decl":{"start":{"line":204,"column":28},"end":{"line":204,"column":29}},"loc":{"start":{"line":204,"column":131},"end":{"line":254,"column":1}},"line":204},"20":{"name":"(anonymous_20)","decl":{"start":{"line":257,"column":38},"end":{"line":257,"column":39}},"loc":{"start":{"line":257,"column":95},"end":{"line":279,"column":1}},"line":257},"21":{"name":"(anonymous_21)","decl":{"start":{"line":260,"column":21},"end":{"line":260,"column":22}},"loc":{"start":{"line":260,"column":42},"end":{"line":278,"column":3}},"line":260},"22":{"name":"(anonymous_22)","decl":{"start":{"line":261,"column":38},"end":{"line":261,"column":39}},"loc":{"start":{"line":261,"column":69},"end":{"line":277,"column":5}},"line":261},"23":{"name":"(anonymous_23)","decl":{"start":{"line":282,"column":32},"end":{"line":282,"column":33}},"loc":{"start":{"line":282,"column":44},"end":{"line":295,"column":1}},"line":282},"24":{"name":"(anonymous_24)","decl":{"start":{"line":287,"column":27},"end":{"line":287,"column":28}},"loc":{"start":{"line":287,"column":35},"end":{"line":291,"column":5}},"line":287},"25":{"name":"(anonymous_25)","decl":{"start":{"line":298,"column":29},"end":{"line":298,"column":30}},"loc":{"start":{"line":298,"column":41},"end":{"line":357,"column":1}},"line":298},"26":{"name":"(anonymous_26)","decl":{"start":{"line":333,"column":27},"end":{"line":333,"column":28}},"loc":{"start":{"line":333,"column":37},"end":{"line":353,"column":5}},"line":333},"27":{"name":"(anonymous_27)","decl":{"start":{"line":360,"column":34},"end":{"line":360,"column":35}},"loc":{"start":{"line":360,"column":57},"end":{"line":420,"column":1}},"line":360},"28":{"name":"(anonymous_28)","decl":{"start":{"line":396,"column":27},"end":{"line":396,"column":28}},"loc":{"start":{"line":396,"column":37},"end":{"line":416,"column":5}},"line":396},"29":{"name":"(anonymous_29)","decl":{"start":{"line":423,"column":34},"end":{"line":423,"column":35}},"loc":{"start":{"line":423,"column":91},"end":{"line":514,"column":1}},"line":423},"30":{"name":"(anonymous_30)","decl":{"start":{"line":516,"column":37},"end":{"line":516,"column":38}},"loc":{"start":{"line":516,"column":49},"end":{"line":573,"column":1}},"line":516},"31":{"name":"(anonymous_31)","decl":{"start":{"line":551,"column":27},"end":{"line":551,"column":28}},"loc":{"start":{"line":551,"column":37},"end":{"line":569,"column":5}},"line":551},"32":{"name":"(anonymous_32)","decl":{"start":{"line":575,"column":35},"end":{"line":575,"column":36}},"loc":{"start":{"line":575,"column":69},"end":{"line":597,"column":1}},"line":575},"33":{"name":"(anonymous_33)","decl":{"start":{"line":599,"column":31},"end":{"line":599,"column":32}},"loc":{"start":{"line":599,"column":49},"end":{"line":610,"column":1}},"line":599},"34":{"name":"(anonymous_34)","decl":{"start":{"line":612,"column":30},"end":{"line":612,"column":31}},"loc":{"start":{"line":612,"column":57},"end":{"line":637,"column":1}},"line":612},"35":{"name":"(anonymous_35)","decl":{"start":{"line":618,"column":11},"end":{"line":618,"column":12}},"loc":{"start":{"line":618,"column":23},"end":{"line":618,"column":43}},"line":618},"36":{"name":"(anonymous_36)","decl":{"start":{"line":621,"column":28},"end":{"line":621,"column":29}},"loc":{"start":{"line":621,"column":35},"end":{"line":621,"column":47}},"line":621}},"branchMap":{"0":{"loc":{"start":{"line":21,"column":4},"end":{"line":40,"column":5}},"type":"if","locations":[{"start":{"line":21,"column":4},"end":{"line":40,"column":5}},{"start":{"line":35,"column":11},"end":{"line":40,"column":5}}],"line":21},"1":{"loc":{"start":{"line":21,"column":8},"end":{"line":21,"column":30}},"type":"binary-expr","locations":[{"start":{"line":21,"column":8},"end":{"line":21,"column":17}},{"start":{"line":21,"column":21},"end":{"line":21,"column":30}}],"line":21},"2":{"loc":{"start":{"line":24,"column":6},"end":{"line":26,"column":7}},"type":"if","locations":[{"start":{"line":24,"column":6},"end":{"line":26,"column":7}},{"start":{},"end":{}}],"line":24},"3":{"loc":{"start":{"line":30,"column":6},"end":{"line":32,"column":7}},"type":"if","locations":[{"start":{"line":30,"column":6},"end":{"line":32,"column":7}},{"start":{},"end":{}}],"line":30},"4":{"loc":{"start":{"line":35,"column":11},"end":{"line":40,"column":5}},"type":"if","locations":[{"start":{"line":35,"column":11},"end":{"line":40,"column":5}},{"start":{"line":38,"column":11},"end":{"line":40,"column":5}}],"line":35},"5":{"loc":{"start":{"line":35,"column":15},"end":{"line":35,"column":66}},"type":"binary-expr","locations":[{"start":{"line":35,"column":16},"end":{"line":35,"column":26}},{"start":{"line":35,"column":30},"end":{"line":35,"column":38}},{"start":{"line":35,"column":44},"end":{"line":35,"column":53}},{"start":{"line":35,"column":57},"end":{"line":35,"column":65}}],"line":35},"6":{"loc":{"start":{"line":61,"column":4},"end":{"line":81,"column":5}},"type":"if","locations":[{"start":{"line":61,"column":4},"end":{"line":81,"column":5}},{"start":{},"end":{}}],"line":61},"7":{"loc":{"start":{"line":71,"column":10},"end":{"line":71,"column":38}},"type":"if","locations":[{"start":{"line":71,"column":10},"end":{"line":71,"column":38}},{"start":{},"end":{}}],"line":71},"8":{"loc":{"start":{"line":78,"column":18},"end":{"line":78,"column":38}},"type":"cond-expr","locations":[{"start":{"line":78,"column":26},"end":{"line":78,"column":30}},{"start":{"line":78,"column":33},"end":{"line":78,"column":38}}],"line":78},"9":{"loc":{"start":{"line":88,"column":4},"end":{"line":88,"column":27}},"type":"if","locations":[{"start":{"line":88,"column":4},"end":{"line":88,"column":27}},{"start":{},"end":{}}],"line":88},"10":{"loc":{"start":{"line":94,"column":8},"end":{"line":94,"column":36}},"type":"if","locations":[{"start":{"line":94,"column":8},"end":{"line":94,"column":36}},{"start":{},"end":{}}],"line":94},"11":{"loc":{"start":{"line":101,"column":16},"end":{"line":101,"column":36}},"type":"cond-expr","locations":[{"start":{"line":101,"column":24},"end":{"line":101,"column":28}},{"start":{"line":101,"column":31},"end":{"line":101,"column":36}}],"line":101},"12":{"loc":{"start":{"line":116,"column":4},"end":{"line":116,"column":27}},"type":"if","locations":[{"start":{"line":116,"column":4},"end":{"line":116,"column":27}},{"start":{},"end":{}}],"line":116},"13":{"loc":{"start":{"line":122,"column":8},"end":{"line":122,"column":36}},"type":"if","locations":[{"start":{"line":122,"column":8},"end":{"line":122,"column":36}},{"start":{},"end":{}}],"line":122},"14":{"loc":{"start":{"line":129,"column":16},"end":{"line":129,"column":36}},"type":"cond-expr","locations":[{"start":{"line":129,"column":24},"end":{"line":129,"column":28}},{"start":{"line":129,"column":31},"end":{"line":129,"column":36}}],"line":129},"15":{"loc":{"start":{"line":143,"column":6},"end":{"line":143,"column":34}},"type":"if","locations":[{"start":{"line":143,"column":6},"end":{"line":143,"column":34}},{"start":{},"end":{}}],"line":143},"16":{"loc":{"start":{"line":214,"column":4},"end":{"line":216,"column":5}},"type":"if","locations":[{"start":{"line":214,"column":4},"end":{"line":216,"column":5}},{"start":{},"end":{}}],"line":214},"17":{"loc":{"start":{"line":230,"column":114},"end":{"line":230,"column":132}},"type":"binary-expr","locations":[{"start":{"line":230,"column":114},"end":{"line":230,"column":123}},{"start":{"line":230,"column":127},"end":{"line":230,"column":132}}],"line":230},"18":{"loc":{"start":{"line":262,"column":6},"end":{"line":262,"column":34}},"type":"if","locations":[{"start":{"line":262,"column":6},"end":{"line":262,"column":34}},{"start":{},"end":{}}],"line":262},"19":{"loc":{"start":{"line":343,"column":15},"end":{"line":348,"column":14}},"type":"cond-expr","locations":[{"start":{"line":343,"column":32},"end":{"line":348,"column":7}},{"start":{"line":348,"column":10},"end":{"line":348,"column":14}}],"line":343},"20":{"loc":{"start":{"line":352,"column":14},"end":{"line":352,"column":30}},"type":"binary-expr","locations":[{"start":{"line":352,"column":14},"end":{"line":352,"column":24}},{"start":{"line":352,"column":28},"end":{"line":352,"column":30}}],"line":352},"21":{"loc":{"start":{"line":406,"column":15},"end":{"line":411,"column":14}},"type":"cond-expr","locations":[{"start":{"line":406,"column":32},"end":{"line":411,"column":7}},{"start":{"line":411,"column":10},"end":{"line":411,"column":14}}],"line":406},"22":{"loc":{"start":{"line":415,"column":14},"end":{"line":415,"column":30}},"type":"binary-expr","locations":[{"start":{"line":415,"column":14},"end":{"line":415,"column":24}},{"start":{"line":415,"column":28},"end":{"line":415,"column":30}}],"line":415},"23":{"loc":{"start":{"line":423,"column":63},"end":{"line":423,"column":86}},"type":"default-arg","locations":[{"start":{"line":423,"column":82},"end":{"line":423,"column":86}}],"line":423},"24":{"loc":{"start":{"line":429,"column":4},"end":{"line":431,"column":5}},"type":"if","locations":[{"start":{"line":429,"column":4},"end":{"line":431,"column":5}},{"start":{},"end":{}}],"line":429},"25":{"loc":{"start":{"line":430,"column":18},"end":{"line":430,"column":42}},"type":"binary-expr","locations":[{"start":{"line":430,"column":18},"end":{"line":430,"column":34}},{"start":{"line":430,"column":38},"end":{"line":430,"column":42}}],"line":430},"26":{"loc":{"start":{"line":443,"column":4},"end":{"line":446,"column":5}},"type":"if","locations":[{"start":{"line":443,"column":4},"end":{"line":446,"column":5}},{"start":{},"end":{}}],"line":443},"27":{"loc":{"start":{"line":485,"column":4},"end":{"line":485,"column":26}},"type":"if","locations":[{"start":{"line":485,"column":4},"end":{"line":485,"column":26}},{"start":{},"end":{}}],"line":485},"28":{"loc":{"start":{"line":497,"column":15},"end":{"line":502,"column":14}},"type":"cond-expr","locations":[{"start":{"line":497,"column":32},"end":{"line":502,"column":7}},{"start":{"line":502,"column":10},"end":{"line":502,"column":14}}],"line":497},"29":{"loc":{"start":{"line":506,"column":14},"end":{"line":506,"column":30}},"type":"binary-expr","locations":[{"start":{"line":506,"column":14},"end":{"line":506,"column":24}},{"start":{"line":506,"column":28},"end":{"line":506,"column":30}}],"line":506},"30":{"loc":{"start":{"line":560,"column":15},"end":{"line":564,"column":15}},"type":"cond-expr","locations":[{"start":{"line":560,"column":31},"end":{"line":560,"column":35}},{"start":{"line":560,"column":39},"end":{"line":564,"column":14}}],"line":560},"31":{"loc":{"start":{"line":560,"column":39},"end":{"line":564,"column":14}},"type":"cond-expr","locations":[{"start":{"line":560,"column":56},"end":{"line":564,"column":7}},{"start":{"line":564,"column":10},"end":{"line":564,"column":14}}],"line":560},"32":{"loc":{"start":{"line":568,"column":14},"end":{"line":568,"column":30}},"type":"binary-expr","locations":[{"start":{"line":568,"column":14},"end":{"line":568,"column":24}},{"start":{"line":568,"column":28},"end":{"line":568,"column":30}}],"line":568},"33":{"loc":{"start":{"line":589,"column":4},"end":{"line":591,"column":5}},"type":"if","locations":[{"start":{"line":589,"column":4},"end":{"line":591,"column":5}},{"start":{},"end":{}}],"line":589},"34":{"loc":{"start":{"line":603,"column":4},"end":{"line":605,"column":5}},"type":"if","locations":[{"start":{"line":603,"column":4},"end":{"line":605,"column":5}},{"start":{},"end":{}}],"line":603},"35":{"loc":{"start":{"line":615,"column":4},"end":{"line":615,"column":39}},"type":"if","locations":[{"start":{"line":615,"column":4},"end":{"line":615,"column":39}},{"start":{},"end":{}}],"line":615}},"s":{"0":4,"1":4,"2":4,"3":5,"4":5,"5":3,"6":3,"7":3,"8":1,"9":2,"10":2,"11":2,"12":2,"13":1,"14":1,"15":1,"16":2,"17":1,"18":1,"19":1,"20":3,"21":3,"22":2,"23":3,"24":4,"25":2,"26":2,"27":2,"28":2,"29":1,"30":1,"31":1,"32":1,"33":1,"34":0,"35":1,"36":1,"37":1,"38":1,"39":1,"40":1,"41":0,"42":1,"43":1,"44":1,"45":1,"46":0,"47":1,"48":1,"49":0,"50":4,"51":4,"52":4,"53":4,"54":4,"55":4,"56":1,"57":3,"58":3,"59":3,"60":3,"61":1,"62":2,"63":2,"64":0,"65":4,"66":1,"67":1,"68":1,"69":1,"70":0,"71":1,"72":1,"73":1,"74":1,"75":1,"76":0,"77":4,"78":1,"79":1,"80":1,"81":1,"82":2,"83":0,"84":4,"85":1,"86":1,"87":1,"88":1,"89":1,"90":0,"91":4,"92":1,"93":1,"94":1,"95":1,"96":2,"97":0,"98":4,"99":2,"100":2,"101":2,"102":2,"103":2,"104":2,"105":1,"106":1,"107":1,"108":1,"109":1,"110":1,"111":1,"112":1,"113":1,"114":1,"115":1,"116":1,"117":1,"118":1,"119":1,"120":1,"121":1,"122":1,"123":2,"124":4,"125":1,"126":1,"127":1,"128":1,"129":0,"130":1,"131":1,"132":1,"133":1,"134":1,"135":0,"136":4,"137":1,"138":1,"139":1,"140":1,"141":1,"142":0,"143":4,"144":3,"145":3,"146":3,"147":2,"148":2,"149":1,"150":4,"151":4,"152":4,"153":4,"154":3,"155":2,"156":1,"157":4,"158":3,"159":3,"160":3,"161":3,"162":0,"163":3,"164":3,"165":2,"166":1,"167":1,"168":1,"169":1,"170":1,"171":0,"172":1,"173":1,"174":3,"175":4,"176":2,"177":2,"178":2,"179":2,"180":1,"181":0,"182":4,"183":3,"184":3,"185":3,"186":2,"187":1,"188":1,"189":1,"190":4,"191":0,"192":0,"193":0,"194":0,"195":0,"196":0,"197":0,"198":4,"199":0,"200":0,"201":0,"202":0,"203":0,"204":0,"205":0,"206":0,"207":0,"208":0,"209":0,"210":0,"211":0},"f":{"0":5,"1":3,"2":2,"3":1,"4":1,"5":1,"6":1,"7":4,"8":3,"9":3,"10":1,"11":1,"12":1,"13":1,"14":2,"15":1,"16":1,"17":1,"18":2,"19":2,"20":1,"21":1,"22":1,"23":1,"24":1,"25":3,"26":2,"27":4,"28":2,"29":3,"30":2,"31":1,"32":3,"33":0,"34":0,"35":0,"36":0},"b":{"0":[3,2],"1":[5,3],"2":[1,2],"3":[1,1],"4":[1,1],"5":[2,2,1,0],"6":[1,1],"7":[0,1],"8":[1,0],"9":[0,1],"10":[0,1],"11":[1,0],"12":[1,3],"13":[1,2],"14":[1,1],"15":[0,1],"16":[1,1],"17":[1,1],"18":[0,1],"19":[1,1],"20":[2,1],"21":[1,1],"22":[2,1],"23":[0],"24":[0,3],"25":[0,0],"26":[1,1],"27":[0,1],"28":[1,0],"29":[1,0],"30":[0,1],"31":[1,0],"32":[1,0],"33":[1,1],"34":[0,0],"35":[0,0]},"inputSourceMap":null,"_coverageSchema":"1a1c01bbd47fc00a2c39e90264f33305004495a9","hash":"087a9685a5ca360d9bb4b1410e825ba8e66dfd7d"}
,"C:\\Users\\poffy\\Desktop\\Università\\Magistrale\\Software2\\Participium\\server\\index.mjs": {"path":"C:\\Users\\poffy\\Desktop\\Università\\Magistrale\\Software2\\Participium\\server\\index.mjs","statementMap":{"0":{"start":{"line":15,"column":0},"end":{"line":15,"column":16}},"1":{"start":{"line":19,"column":20},"end":{"line":19,"column":44}},"2":{"start":{"line":20,"column":20},"end":{"line":20,"column":57}},"3":{"start":{"line":21,"column":17},"end":{"line":21,"column":55}},"4":{"start":{"line":31,"column":12},"end":{"line":31,"column":21}},"5":{"start":{"line":32,"column":13},"end":{"line":32,"column":17}},"6":{"start":{"line":35,"column":0},"end":{"line":35,"column":24}},"7":{"start":{"line":36,"column":0},"end":{"line":36,"column":23}},"8":{"start":{"line":38,"column":20},"end":{"line":42,"column":1}},"9":{"start":{"line":44,"column":0},"end":{"line":44,"column":27}},"10":{"start":{"line":46,"column":0},"end":{"line":52,"column":4}},"11":{"start":{"line":47,"column":15},"end":{"line":47,"column":48}},"12":{"start":{"line":48,"column":2},"end":{"line":49,"column":62}},"13":{"start":{"line":49,"column":4},"end":{"line":49,"column":62}},"14":{"start":{"line":51,"column":2},"end":{"line":51,"column":24}},"15":{"start":{"line":54,"column":0},"end":{"line":56,"column":3}},"16":{"start":{"line":55,"column":2},"end":{"line":55,"column":17}},"17":{"start":{"line":58,"column":0},"end":{"line":60,"column":3}},"18":{"start":{"line":59,"column":2},"end":{"line":59,"column":24}},"19":{"start":{"line":62,"column":0},"end":{"line":66,"column":4}},"20":{"start":{"line":67,"column":0},"end":{"line":67,"column":42}},"21":{"start":{"line":73,"column":0},"end":{"line":84,"column":3}},"22":{"start":{"line":74,"column":2},"end":{"line":83,"column":3}},"23":{"start":{"line":75,"column":4},"end":{"line":75,"column":92}},"24":{"start":{"line":75,"column":32},"end":{"line":75,"column":92}},"25":{"start":{"line":76,"column":4},"end":{"line":76,"column":146}},"26":{"start":{"line":76,"column":94},"end":{"line":76,"column":146}},"27":{"start":{"line":78,"column":20},"end":{"line":78,"column":41}},"28":{"start":{"line":79,"column":4},"end":{"line":79,"column":34}},"29":{"start":{"line":82,"column":4},"end":{"line":82,"column":78}},"30":{"start":{"line":87,"column":0},"end":{"line":105,"column":3}},"31":{"start":{"line":88,"column":2},"end":{"line":104,"column":3}},"32":{"start":{"line":89,"column":4},"end":{"line":89,"column":92}},"33":{"start":{"line":89,"column":32},"end":{"line":89,"column":92}},"34":{"start":{"line":90,"column":4},"end":{"line":90,"column":200}},"35":{"start":{"line":90,"column":148},"end":{"line":90,"column":200}},"36":{"start":{"line":92,"column":21},"end":{"line":92,"column":48}},"37":{"start":{"line":93,"column":4},"end":{"line":93,"column":85}},"38":{"start":{"line":93,"column":25},"end":{"line":93,"column":85}},"39":{"start":{"line":95,"column":44},"end":{"line":95,"column":52}},"40":{"start":{"line":96,"column":4},"end":{"line":96,"column":108}},"41":{"start":{"line":96,"column":39},"end":{"line":96,"column":108}},"42":{"start":{"line":98,"column":20},"end":{"line":98,"column":91}},"43":{"start":{"line":99,"column":4},"end":{"line":99,"column":77}},"44":{"start":{"line":99,"column":18},"end":{"line":99,"column":77}},"45":{"start":{"line":101,"column":4},"end":{"line":101,"column":34}},"46":{"start":{"line":103,"column":4},"end":{"line":103,"column":75}},"47":{"start":{"line":108,"column":0},"end":{"line":122,"column":3}},"48":{"start":{"line":109,"column":2},"end":{"line":121,"column":3}},"49":{"start":{"line":110,"column":4},"end":{"line":110,"column":92}},"50":{"start":{"line":110,"column":32},"end":{"line":110,"column":92}},"51":{"start":{"line":111,"column":4},"end":{"line":111,"column":200}},"52":{"start":{"line":111,"column":148},"end":{"line":111,"column":200}},"53":{"start":{"line":112,"column":21},"end":{"line":112,"column":48}},"54":{"start":{"line":113,"column":4},"end":{"line":113,"column":85}},"55":{"start":{"line":113,"column":25},"end":{"line":113,"column":85}},"56":{"start":{"line":114,"column":27},"end":{"line":114,"column":35}},"57":{"start":{"line":115,"column":4},"end":{"line":115,"column":110}},"58":{"start":{"line":115,"column":40},"end":{"line":115,"column":110}},"59":{"start":{"line":116,"column":20},"end":{"line":116,"column":67}},"60":{"start":{"line":117,"column":4},"end":{"line":117,"column":77}},"61":{"start":{"line":117,"column":18},"end":{"line":117,"column":77}},"62":{"start":{"line":118,"column":4},"end":{"line":118,"column":24}},"63":{"start":{"line":120,"column":4},"end":{"line":120,"column":81}},"64":{"start":{"line":125,"column":0},"end":{"line":133,"column":3}},"65":{"start":{"line":126,"column":2},"end":{"line":132,"column":3}},"66":{"start":{"line":127,"column":20},"end":{"line":127,"column":49}},"67":{"start":{"line":128,"column":4},"end":{"line":128,"column":34}},"68":{"start":{"line":131,"column":4},"end":{"line":131,"column":78}},"69":{"start":{"line":137,"column":0},"end":{"line":149,"column":3}},"70":{"start":{"line":138,"column":2},"end":{"line":148,"column":3}},"71":{"start":{"line":139,"column":4},"end":{"line":139,"column":92}},"72":{"start":{"line":139,"column":32},"end":{"line":139,"column":92}},"73":{"start":{"line":140,"column":4},"end":{"line":140,"column":111}},"74":{"start":{"line":140,"column":59},"end":{"line":140,"column":111}},"75":{"start":{"line":142,"column":23},"end":{"line":142,"column":34}},"76":{"start":{"line":143,"column":20},"end":{"line":143,"column":56}},"77":{"start":{"line":144,"column":4},"end":{"line":144,"column":34}},"78":{"start":{"line":147,"column":4},"end":{"line":147,"column":87}},"79":{"start":{"line":152,"column":0},"end":{"line":163,"column":3}},"80":{"start":{"line":153,"column":2},"end":{"line":162,"column":3}},"81":{"start":{"line":154,"column":4},"end":{"line":154,"column":92}},"82":{"start":{"line":154,"column":32},"end":{"line":154,"column":92}},"83":{"start":{"line":155,"column":19},"end":{"line":155,"column":30}},"84":{"start":{"line":156,"column":4},"end":{"line":156,"column":81}},"85":{"start":{"line":156,"column":23},"end":{"line":156,"column":81}},"86":{"start":{"line":157,"column":17},"end":{"line":157,"column":46}},"87":{"start":{"line":158,"column":4},"end":{"line":158,"column":72}},"88":{"start":{"line":158,"column":15},"end":{"line":158,"column":72}},"89":{"start":{"line":159,"column":4},"end":{"line":159,"column":31}},"90":{"start":{"line":161,"column":4},"end":{"line":161,"column":76}},"91":{"start":{"line":166,"column":0},"end":{"line":187,"column":3}},"92":{"start":{"line":167,"column":2},"end":{"line":186,"column":3}},"93":{"start":{"line":168,"column":4},"end":{"line":168,"column":92}},"94":{"start":{"line":168,"column":32},"end":{"line":168,"column":92}},"95":{"start":{"line":169,"column":19},"end":{"line":169,"column":30}},"96":{"start":{"line":170,"column":20},"end":{"line":170,"column":28}},"97":{"start":{"line":172,"column":4},"end":{"line":174,"column":5}},"98":{"start":{"line":173,"column":6},"end":{"line":173,"column":74}},"99":{"start":{"line":176,"column":24},"end":{"line":176,"column":61}},"100":{"start":{"line":178,"column":4},"end":{"line":180,"column":5}},"101":{"start":{"line":179,"column":6},"end":{"line":179,"column":85}},"102":{"start":{"line":182,"column":4},"end":{"line":182,"column":26}},"103":{"start":{"line":185,"column":4},"end":{"line":185,"column":61}},"104":{"start":{"line":196,"column":0},"end":{"line":196,"column":24}},"105":{"start":{"line":197,"column":0},"end":{"line":197,"column":23}},"106":{"start":{"line":198,"column":0},"end":{"line":198,"column":30}},"107":{"start":{"line":201,"column":0},"end":{"line":224,"column":3}},"108":{"start":{"line":202,"column":23},"end":{"line":202,"column":31}},"109":{"start":{"line":203,"column":20},"end":{"line":203,"column":73}},"110":{"start":{"line":204,"column":21},"end":{"line":204,"column":49}},"111":{"start":{"line":206,"column":2},"end":{"line":223,"column":3}},"112":{"start":{"line":207,"column":28},"end":{"line":210,"column":40}},"113":{"start":{"line":212,"column":4},"end":{"line":212,"column":27}},"114":{"start":{"line":212,"column":15},"end":{"line":212,"column":27}},"115":{"start":{"line":214,"column":22},"end":{"line":214,"column":126}},"116":{"start":{"line":216,"column":4},"end":{"line":220,"column":7}},"117":{"start":{"line":222,"column":4},"end":{"line":222,"column":67}},"118":{"start":{"line":230,"column":0},"end":{"line":232,"column":3}},"119":{"start":{"line":231,"column":2},"end":{"line":231,"column":40}},"120":{"start":{"line":235,"column":0},"end":{"line":241,"column":3}},"121":{"start":{"line":236,"column":2},"end":{"line":240,"column":57}},"122":{"start":{"line":237,"column":4},"end":{"line":237,"column":23}},"123":{"start":{"line":240,"column":4},"end":{"line":240,"column":57}},"124":{"start":{"line":244,"column":0},"end":{"line":248,"column":3}},"125":{"start":{"line":245,"column":2},"end":{"line":247,"column":5}},"126":{"start":{"line":246,"column":4},"end":{"line":246,"column":14}},"127":{"start":{"line":251,"column":0},"end":{"line":251,"column":91}},"128":{"start":{"line":251,"column":25},"end":{"line":251,"column":87}}},"fnMap":{"0":{"name":"verify","decl":{"start":{"line":46,"column":46},"end":{"line":46,"column":52}},"loc":{"start":{"line":46,"column":77},"end":{"line":52,"column":1}},"line":46},"1":{"name":"(anonymous_1)","decl":{"start":{"line":54,"column":23},"end":{"line":54,"column":24}},"loc":{"start":{"line":54,"column":43},"end":{"line":56,"column":1}},"line":54},"2":{"name":"(anonymous_2)","decl":{"start":{"line":58,"column":25},"end":{"line":58,"column":26}},"loc":{"start":{"line":58,"column":45},"end":{"line":60,"column":1}},"line":58},"3":{"name":"(anonymous_3)","decl":{"start":{"line":73,"column":24},"end":{"line":73,"column":25}},"loc":{"start":{"line":73,"column":44},"end":{"line":84,"column":1}},"line":73},"4":{"name":"(anonymous_4)","decl":{"start":{"line":87,"column":35},"end":{"line":87,"column":36}},"loc":{"start":{"line":87,"column":55},"end":{"line":105,"column":1}},"line":87},"5":{"name":"(anonymous_5)","decl":{"start":{"line":108,"column":37},"end":{"line":108,"column":38}},"loc":{"start":{"line":108,"column":57},"end":{"line":122,"column":1}},"line":108},"6":{"name":"(anonymous_6)","decl":{"start":{"line":125,"column":33},"end":{"line":125,"column":34}},"loc":{"start":{"line":125,"column":53},"end":{"line":133,"column":1}},"line":125},"7":{"name":"(anonymous_7)","decl":{"start":{"line":137,"column":33},"end":{"line":137,"column":34}},"loc":{"start":{"line":137,"column":53},"end":{"line":149,"column":1}},"line":137},"8":{"name":"(anonymous_8)","decl":{"start":{"line":152,"column":25},"end":{"line":152,"column":26}},"loc":{"start":{"line":152,"column":45},"end":{"line":163,"column":1}},"line":152},"9":{"name":"(anonymous_9)","decl":{"start":{"line":166,"column":25},"end":{"line":166,"column":26}},"loc":{"start":{"line":166,"column":45},"end":{"line":187,"column":1}},"line":166},"10":{"name":"(anonymous_10)","decl":{"start":{"line":201,"column":28},"end":{"line":201,"column":29}},"loc":{"start":{"line":201,"column":48},"end":{"line":224,"column":1}},"line":201},"11":{"name":"(anonymous_11)","decl":{"start":{"line":230,"column":58},"end":{"line":230,"column":59}},"loc":{"start":{"line":230,"column":78},"end":{"line":232,"column":1}},"line":230},"12":{"name":"(anonymous_12)","decl":{"start":{"line":235,"column":33},"end":{"line":235,"column":34}},"loc":{"start":{"line":235,"column":47},"end":{"line":241,"column":1}},"line":235},"13":{"name":"(anonymous_13)","decl":{"start":{"line":244,"column":36},"end":{"line":244,"column":37}},"loc":{"start":{"line":244,"column":50},"end":{"line":248,"column":1}},"line":244},"14":{"name":"(anonymous_14)","decl":{"start":{"line":245,"column":13},"end":{"line":245,"column":14}},"loc":{"start":{"line":245,"column":19},"end":{"line":247,"column":3}},"line":245},"15":{"name":"(anonymous_15)","decl":{"start":{"line":251,"column":17},"end":{"line":251,"column":18}},"loc":{"start":{"line":251,"column":23},"end":{"line":251,"column":89}},"line":251}},"branchMap":{"0":{"loc":{"start":{"line":48,"column":2},"end":{"line":49,"column":62}},"type":"if","locations":[{"start":{"line":48,"column":2},"end":{"line":49,"column":62}},{"start":{},"end":{}}],"line":48},"1":{"loc":{"start":{"line":75,"column":4},"end":{"line":75,"column":92}},"type":"if","locations":[{"start":{"line":75,"column":4},"end":{"line":75,"column":92}},{"start":{},"end":{}}],"line":75},"2":{"loc":{"start":{"line":76,"column":4},"end":{"line":76,"column":146}},"type":"if","locations":[{"start":{"line":76,"column":4},"end":{"line":76,"column":146}},{"start":{},"end":{}}],"line":76},"3":{"loc":{"start":{"line":76,"column":8},"end":{"line":76,"column":91}},"type":"binary-expr","locations":[{"start":{"line":76,"column":8},"end":{"line":76,"column":33}},{"start":{"line":76,"column":37},"end":{"line":76,"column":91}}],"line":76},"4":{"loc":{"start":{"line":89,"column":4},"end":{"line":89,"column":92}},"type":"if","locations":[{"start":{"line":89,"column":4},"end":{"line":89,"column":92}},{"start":{},"end":{}}],"line":89},"5":{"loc":{"start":{"line":90,"column":4},"end":{"line":90,"column":200}},"type":"if","locations":[{"start":{"line":90,"column":4},"end":{"line":90,"column":200}},{"start":{},"end":{}}],"line":90},"6":{"loc":{"start":{"line":90,"column":8},"end":{"line":90,"column":144}},"type":"binary-expr","locations":[{"start":{"line":90,"column":8},"end":{"line":90,"column":33}},{"start":{"line":90,"column":37},"end":{"line":90,"column":91}},{"start":{"line":90,"column":95},"end":{"line":90,"column":144}}],"line":90},"7":{"loc":{"start":{"line":93,"column":4},"end":{"line":93,"column":85}},"type":"if","locations":[{"start":{"line":93,"column":4},"end":{"line":93,"column":85}},{"start":{},"end":{}}],"line":93},"8":{"loc":{"start":{"line":96,"column":4},"end":{"line":96,"column":108}},"type":"if","locations":[{"start":{"line":96,"column":4},"end":{"line":96,"column":108}},{"start":{},"end":{}}],"line":96},"9":{"loc":{"start":{"line":98,"column":66},"end":{"line":98,"column":90}},"type":"binary-expr","locations":[{"start":{"line":98,"column":66},"end":{"line":98,"column":82}},{"start":{"line":98,"column":86},"end":{"line":98,"column":90}}],"line":98},"10":{"loc":{"start":{"line":99,"column":4},"end":{"line":99,"column":77}},"type":"if","locations":[{"start":{"line":99,"column":4},"end":{"line":99,"column":77}},{"start":{},"end":{}}],"line":99},"11":{"loc":{"start":{"line":110,"column":4},"end":{"line":110,"column":92}},"type":"if","locations":[{"start":{"line":110,"column":4},"end":{"line":110,"column":92}},{"start":{},"end":{}}],"line":110},"12":{"loc":{"start":{"line":111,"column":4},"end":{"line":111,"column":200}},"type":"if","locations":[{"start":{"line":111,"column":4},"end":{"line":111,"column":200}},{"start":{},"end":{}}],"line":111},"13":{"loc":{"start":{"line":111,"column":8},"end":{"line":111,"column":144}},"type":"binary-expr","locations":[{"start":{"line":111,"column":8},"end":{"line":111,"column":33}},{"start":{"line":111,"column":37},"end":{"line":111,"column":91}},{"start":{"line":111,"column":95},"end":{"line":111,"column":144}}],"line":111},"14":{"loc":{"start":{"line":113,"column":4},"end":{"line":113,"column":85}},"type":"if","locations":[{"start":{"line":113,"column":4},"end":{"line":113,"column":85}},{"start":{},"end":{}}],"line":113},"15":{"loc":{"start":{"line":115,"column":4},"end":{"line":115,"column":110}},"type":"if","locations":[{"start":{"line":115,"column":4},"end":{"line":115,"column":110}},{"start":{},"end":{}}],"line":115},"16":{"loc":{"start":{"line":117,"column":4},"end":{"line":117,"column":77}},"type":"if","locations":[{"start":{"line":117,"column":4},"end":{"line":117,"column":77}},{"start":{},"end":{}}],"line":117},"17":{"loc":{"start":{"line":139,"column":4},"end":{"line":139,"column":92}},"type":"if","locations":[{"start":{"line":139,"column":4},"end":{"line":139,"column":92}},{"start":{},"end":{}}],"line":139},"18":{"loc":{"start":{"line":140,"column":4},"end":{"line":140,"column":111}},"type":"if","locations":[{"start":{"line":140,"column":4},"end":{"line":140,"column":111}},{"start":{},"end":{}}],"line":140},"19":{"loc":{"start":{"line":154,"column":4},"end":{"line":154,"column":92}},"type":"if","locations":[{"start":{"line":154,"column":4},"end":{"line":154,"column":92}},{"start":{},"end":{}}],"line":154},"20":{"loc":{"start":{"line":156,"column":4},"end":{"line":156,"column":81}},"type":"if","locations":[{"start":{"line":156,"column":4},"end":{"line":156,"column":81}},{"start":{},"end":{}}],"line":156},"21":{"loc":{"start":{"line":158,"column":4},"end":{"line":158,"column":72}},"type":"if","locations":[{"start":{"line":158,"column":4},"end":{"line":158,"column":72}},{"start":{},"end":{}}],"line":158},"22":{"loc":{"start":{"line":168,"column":4},"end":{"line":168,"column":92}},"type":"if","locations":[{"start":{"line":168,"column":4},"end":{"line":168,"column":92}},{"start":{},"end":{}}],"line":168},"23":{"loc":{"start":{"line":172,"column":4},"end":{"line":174,"column":5}},"type":"if","locations":[{"start":{"line":172,"column":4},"end":{"line":174,"column":5}},{"start":{},"end":{}}],"line":172},"24":{"loc":{"start":{"line":172,"column":8},"end":{"line":172,"column":53}},"type":"binary-expr","locations":[{"start":{"line":172,"column":8},"end":{"line":172,"column":16}},{"start":{"line":172,"column":20},"end":{"line":172,"column":53}}],"line":172},"25":{"loc":{"start":{"line":178,"column":4},"end":{"line":180,"column":5}},"type":"if","locations":[{"start":{"line":178,"column":4},"end":{"line":180,"column":5}},{"start":{},"end":{}}],"line":178},"26":{"loc":{"start":{"line":212,"column":4},"end":{"line":212,"column":27}},"type":"if","locations":[{"start":{"line":212,"column":4},"end":{"line":212,"column":27}},{"start":{},"end":{}}],"line":212},"27":{"loc":{"start":{"line":236,"column":2},"end":{"line":240,"column":57}},"type":"if","locations":[{"start":{"line":236,"column":2},"end":{"line":240,"column":57}},{"start":{"line":240,"column":4},"end":{"line":240,"column":57}}],"line":236}},"s":{"0":5,"1":5,"2":5,"3":5,"4":5,"5":5,"6":5,"7":5,"8":5,"9":5,"10":5,"11":63,"12":63,"13":1,"14":62,"15":5,"16":62,"17":5,"18":141,"19":5,"20":5,"21":5,"22":9,"23":9,"24":2,"25":7,"26":3,"27":4,"28":2,"29":2,"30":5,"31":8,"32":8,"33":1,"34":7,"35":1,"36":6,"37":6,"38":1,"39":5,"40":5,"41":1,"42":4,"43":3,"44":1,"45":2,"46":1,"47":5,"48":8,"49":8,"50":1,"51":7,"52":1,"53":6,"54":6,"55":1,"56":5,"57":5,"58":1,"59":4,"60":3,"61":1,"62":2,"63":1,"64":5,"65":2,"66":2,"67":1,"68":1,"69":5,"70":5,"71":5,"72":1,"73":4,"74":2,"75":2,"76":2,"77":1,"78":1,"79":5,"80":13,"81":13,"82":2,"83":11,"84":11,"85":1,"86":10,"87":8,"88":1,"89":7,"90":2,"91":5,"92":14,"93":14,"94":1,"95":13,"96":13,"97":13,"98":3,"99":10,"100":8,"101":1,"102":7,"103":2,"104":5,"105":5,"106":5,"107":5,"108":2,"109":2,"110":2,"111":2,"112":2,"113":2,"114":1,"115":1,"116":1,"117":1,"118":5,"119":62,"120":5,"121":5,"122":2,"123":3,"124":5,"125":64,"126":64,"127":5,"128":5},"f":{"0":63,"1":62,"2":141,"3":9,"4":8,"5":8,"6":2,"7":5,"8":13,"9":14,"10":2,"11":62,"12":5,"13":64,"14":64,"15":5},"b":{"0":[1,62],"1":[2,7],"2":[3,4],"3":[7,3],"4":[1,7],"5":[1,6],"6":[7,1,1],"7":[1,5],"8":[1,4],"9":[4,3],"10":[1,2],"11":[1,7],"12":[1,6],"13":[7,2,2],"14":[1,5],"15":[1,4],"16":[1,2],"17":[1,4],"18":[2,2],"19":[2,11],"20":[1,10],"21":[1,7],"22":[1,13],"23":[3,10],"24":[13,13],"25":[1,7],"26":[1,1],"27":[2,3]},"inputSourceMap":null,"_coverageSchema":"1a1c01bbd47fc00a2c39e90264f33305004495a9","hash":"f18b09eb89ca6a9a2d53bdecf4420c7201cb5cc7"}
,"C:\\Users\\poffy\\Desktop\\Università\\Magistrale\\Software2\\Participium\\server\\router\\forms_route.mjs": {"path":"C:\\Users\\poffy\\Desktop\\Università\\Magistrale\\Software2\\Participium\\server\\router\\forms_route.mjs","statementMap":{"0":{"start":{"line":5,"column":15},"end":{"line":5,"column":23}},"1":{"start":{"line":8,"column":0},"end":{"line":36,"column":3}},"2":{"start":{"line":16,"column":2},"end":{"line":18,"column":3}},"3":{"start":{"line":17,"column":4},"end":{"line":17,"column":61}},"4":{"start":{"line":20,"column":17},"end":{"line":20,"column":38}},"5":{"start":{"line":21,"column":2},"end":{"line":23,"column":3}},"6":{"start":{"line":22,"column":4},"end":{"line":22,"column":60}},"7":{"start":{"line":25,"column":2},"end":{"line":35,"column":3}},"8":{"start":{"line":26,"column":59},"end":{"line":26,"column":67}},"9":{"start":{"line":27,"column":17},"end":{"line":27,"column":89}},"10":{"start":{"line":28,"column":4},"end":{"line":28,"column":31}},"11":{"start":{"line":30,"column":4},"end":{"line":34,"column":5}},"12":{"start":{"line":31,"column":6},"end":{"line":31,"column":74}},"13":{"start":{"line":33,"column":6},"end":{"line":33,"column":77}},"14":{"start":{"line":39,"column":0},"end":{"line":59,"column":3}},"15":{"start":{"line":40,"column":2},"end":{"line":42,"column":3}},"16":{"start":{"line":41,"column":4},"end":{"line":41,"column":64}},"17":{"start":{"line":43,"column":2},"end":{"line":58,"column":3}},"18":{"start":{"line":44,"column":92},"end":{"line":44,"column":100}},"19":{"start":{"line":45,"column":19},"end":{"line":54,"column":6}},"20":{"start":{"line":55,"column":4},"end":{"line":55,"column":33}},"21":{"start":{"line":57,"column":4},"end":{"line":57,"column":48}}},"fnMap":{"0":{"name":"(anonymous_0)","decl":{"start":{"line":14,"column":3},"end":{"line":14,"column":4}},"loc":{"start":{"line":14,"column":23},"end":{"line":36,"column":1}},"line":14},"1":{"name":"(anonymous_1)","decl":{"start":{"line":39,"column":24},"end":{"line":39,"column":25}},"loc":{"start":{"line":39,"column":44},"end":{"line":59,"column":1}},"line":39}},"branchMap":{"0":{"loc":{"start":{"line":16,"column":2},"end":{"line":18,"column":3}},"type":"if","locations":[{"start":{"line":16,"column":2},"end":{"line":18,"column":3}},{"start":{},"end":{}}],"line":16},"1":{"loc":{"start":{"line":16,"column":6},"end":{"line":16,"column":57}},"type":"binary-expr","locations":[{"start":{"line":16,"column":6},"end":{"line":16,"column":28}},{"start":{"line":16,"column":32},"end":{"line":16,"column":57}}],"line":16},"2":{"loc":{"start":{"line":21,"column":2},"end":{"line":23,"column":3}},"type":"if","locations":[{"start":{"line":21,"column":2},"end":{"line":23,"column":3}},{"start":{},"end":{}}],"line":21},"3":{"loc":{"start":{"line":30,"column":4},"end":{"line":34,"column":5}},"type":"if","locations":[{"start":{"line":30,"column":4},"end":{"line":34,"column":5}},{"start":{"line":32,"column":11},"end":{"line":34,"column":5}}],"line":30},"4":{"loc":{"start":{"line":40,"column":2},"end":{"line":42,"column":3}},"type":"if","locations":[{"start":{"line":40,"column":2},"end":{"line":42,"column":3}},{"start":{},"end":{}}],"line":40}},"s":{"0":5,"1":5,"2":9,"3":2,"4":7,"5":7,"6":2,"7":5,"8":5,"9":5,"10":3,"11":2,"12":1,"13":1,"14":5,"15":5,"16":2,"17":3,"18":3,"19":3,"20":2,"21":1},"f":{"0":9,"1":5},"b":{"0":[2,7],"1":[9,8],"2":[2,5],"3":[1,1],"4":[2,3]},"inputSourceMap":null,"_coverageSchema":"1a1c01bbd47fc00a2c39e90264f33305004495a9","hash":"17b440f37d5a9e68daee3eefa75da791c7739f52"}
,"C:\\Users\\poffy\\Desktop\\Università\\Magistrale\\Software2\\Participium\\server\\router\\get-all_route.mjs": {"path":"C:\\Users\\poffy\\Desktop\\Università\\Magistrale\\Software2\\Participium\\server\\router\\get-all_route.mjs","statementMap":{"0":{"start":{"line":4,"column":15},"end":{"line":4,"column":23}},"1":{"start":{"line":7,"column":0},"end":{"line":14,"column":3}},"2":{"start":{"line":8,"column":2},"end":{"line":13,"column":3}},"3":{"start":{"line":9,"column":20},"end":{"line":9,"column":41}},"4":{"start":{"line":10,"column":4},"end":{"line":10,"column":34}},"5":{"start":{"line":12,"column":4},"end":{"line":12,"column":78}},"6":{"start":{"line":17,"column":0},"end":{"line":24,"column":3}},"7":{"start":{"line":18,"column":2},"end":{"line":23,"column":3}},"8":{"start":{"line":19,"column":18},"end":{"line":19,"column":37}},"9":{"start":{"line":20,"column":4},"end":{"line":20,"column":32}},"10":{"start":{"line":22,"column":4},"end":{"line":22,"column":76}},"11":{"start":{"line":27,"column":0},"end":{"line":34,"column":3}},"12":{"start":{"line":28,"column":2},"end":{"line":33,"column":3}},"13":{"start":{"line":29,"column":23},"end":{"line":29,"column":47}},"14":{"start":{"line":30,"column":4},"end":{"line":30,"column":37}},"15":{"start":{"line":32,"column":4},"end":{"line":32,"column":80}},"16":{"start":{"line":37,"column":0},"end":{"line":53,"column":3}},"17":{"start":{"line":38,"column":2},"end":{"line":52,"column":3}},"18":{"start":{"line":40,"column":4},"end":{"line":42,"column":5}},"19":{"start":{"line":41,"column":6},"end":{"line":41,"column":66}},"20":{"start":{"line":44,"column":4},"end":{"line":46,"column":5}},"21":{"start":{"line":45,"column":6},"end":{"line":45,"column":58}},"22":{"start":{"line":48,"column":18},"end":{"line":48,"column":41}},"23":{"start":{"line":49,"column":4},"end":{"line":49,"column":20}},"24":{"start":{"line":51,"column":4},"end":{"line":51,"column":61}},"25":{"start":{"line":56,"column":0},"end":{"line":74,"column":3}},"26":{"start":{"line":58,"column":2},"end":{"line":60,"column":3}},"27":{"start":{"line":59,"column":4},"end":{"line":59,"column":64}},"28":{"start":{"line":61,"column":2},"end":{"line":73,"column":3}},"29":{"start":{"line":62,"column":37},"end":{"line":62,"column":46}},"30":{"start":{"line":63,"column":22},"end":{"line":63,"column":78}},"31":{"start":{"line":64,"column":4},"end":{"line":64,"column":36}},"32":{"start":{"line":66,"column":4},"end":{"line":72,"column":5}},"33":{"start":{"line":69,"column":6},"end":{"line":69,"column":51}},"34":{"start":{"line":71,"column":6},"end":{"line":71,"column":83}}},"fnMap":{"0":{"name":"(anonymous_0)","decl":{"start":{"line":7,"column":23},"end":{"line":7,"column":24}},"loc":{"start":{"line":7,"column":43},"end":{"line":14,"column":1}},"line":7},"1":{"name":"(anonymous_1)","decl":{"start":{"line":17,"column":21},"end":{"line":17,"column":22}},"loc":{"start":{"line":17,"column":41},"end":{"line":24,"column":1}},"line":17},"2":{"name":"(anonymous_2)","decl":{"start":{"line":27,"column":26},"end":{"line":27,"column":27}},"loc":{"start":{"line":27,"column":46},"end":{"line":34,"column":1}},"line":27},"3":{"name":"(anonymous_3)","decl":{"start":{"line":37,"column":21},"end":{"line":37,"column":22}},"loc":{"start":{"line":37,"column":41},"end":{"line":53,"column":1}},"line":37},"4":{"name":"(anonymous_4)","decl":{"start":{"line":56,"column":25},"end":{"line":56,"column":26}},"loc":{"start":{"line":56,"column":45},"end":{"line":74,"column":1}},"line":56}},"branchMap":{"0":{"loc":{"start":{"line":40,"column":4},"end":{"line":42,"column":5}},"type":"if","locations":[{"start":{"line":40,"column":4},"end":{"line":42,"column":5}},{"start":{},"end":{}}],"line":40},"1":{"loc":{"start":{"line":44,"column":4},"end":{"line":46,"column":5}},"type":"if","locations":[{"start":{"line":44,"column":4},"end":{"line":46,"column":5}},{"start":{},"end":{}}],"line":44},"2":{"loc":{"start":{"line":58,"column":2},"end":{"line":60,"column":3}},"type":"if","locations":[{"start":{"line":58,"column":2},"end":{"line":60,"column":3}},{"start":{},"end":{}}],"line":58},"3":{"loc":{"start":{"line":66,"column":4},"end":{"line":72,"column":5}},"type":"if","locations":[{"start":{"line":66,"column":4},"end":{"line":72,"column":5}},{"start":{"line":70,"column":11},"end":{"line":72,"column":5}}],"line":66}},"s":{"0":5,"1":5,"2":4,"3":4,"4":3,"5":1,"6":5,"7":2,"8":2,"9":1,"10":1,"11":5,"12":4,"13":4,"14":3,"15":1,"16":5,"17":6,"18":6,"19":1,"20":5,"21":2,"22":3,"23":2,"24":1,"25":5,"26":4,"27":1,"28":3,"29":3,"30":3,"31":1,"32":2,"33":1,"34":1},"f":{"0":4,"1":2,"2":4,"3":6,"4":4},"b":{"0":[1,5],"1":[2,3],"2":[1,3],"3":[1,1]},"inputSourceMap":null,"_coverageSchema":"1a1c01bbd47fc00a2c39e90264f33305004495a9","hash":"ec4485addd7adfdae8c9b642f8b4234e65725383"}
,"C:\\Users\\poffy\\Desktop\\Università\\Magistrale\\Software2\\Participium\\server\\router\\registration_route.mjs": {"path":"C:\\Users\\poffy\\Desktop\\Università\\Magistrale\\Software2\\Participium\\server\\router\\registration_route.mjs","statementMap":{"0":{"start":{"line":5,"column":15},"end":{"line":5,"column":23}},"1":{"start":{"line":8,"column":0},"end":{"line":33,"column":3}},"2":{"start":{"line":17,"column":17},"end":{"line":17,"column":38}},"3":{"start":{"line":18,"column":2},"end":{"line":20,"column":3}},"4":{"start":{"line":19,"column":4},"end":{"line":19,"column":60}},"5":{"start":{"line":22,"column":2},"end":{"line":32,"column":3}},"6":{"start":{"line":23,"column":86},"end":{"line":23,"column":94}},"7":{"start":{"line":24,"column":17},"end":{"line":24,"column":104}},"8":{"start":{"line":25,"column":4},"end":{"line":25,"column":31}},"9":{"start":{"line":27,"column":4},"end":{"line":31,"column":5}},"10":{"start":{"line":28,"column":6},"end":{"line":28,"column":74}},"11":{"start":{"line":30,"column":6},"end":{"line":30,"column":77}}},"fnMap":{"0":{"name":"(anonymous_0)","decl":{"start":{"line":15,"column":3},"end":{"line":15,"column":4}},"loc":{"start":{"line":15,"column":23},"end":{"line":33,"column":1}},"line":15}},"branchMap":{"0":{"loc":{"start":{"line":18,"column":2},"end":{"line":20,"column":3}},"type":"if","locations":[{"start":{"line":18,"column":2},"end":{"line":20,"column":3}},{"start":{},"end":{}}],"line":18},"1":{"loc":{"start":{"line":27,"column":4},"end":{"line":31,"column":5}},"type":"if","locations":[{"start":{"line":27,"column":4},"end":{"line":31,"column":5}},{"start":{"line":29,"column":11},"end":{"line":31,"column":5}}],"line":27}},"s":{"0":5,"1":5,"2":9,"3":9,"4":2,"5":7,"6":7,"7":7,"8":4,"9":3,"10":2,"11":1},"f":{"0":9},"b":{"0":[2,7],"1":[2,1]},"inputSourceMap":null,"_coverageSchema":"1a1c01bbd47fc00a2c39e90264f33305004495a9","hash":"098d7216f858f198128b8d539246f703128e9e90"}
}
