TN:
SF:dao.mjs
FNF:0
FNH:0
LF:0
LH:0
BRF:0
BRH:0
end_of_record
TN:
SF:index.mjs
FN:46,verify
FN:54,(anonymous_1)
FN:58,(anonymous_2)
FN:73,(anonymous_3)
FN:87,(anonymous_4)
FN:108,(anonymous_5)
FN:125,(anonymous_6)
FN:137,(anonymous_7)
FN:152,(anonymous_8)
FN:166,(anonymous_9)
FN:201,(anonymous_10)
FN:230,(anonymous_11)
FN:235,(anonymous_12)
FN:244,(anonymous_13)
FN:245,(anonymous_14)
FN:251,(anonymous_15)
FNF:16
FNH:16
FNDA:78,verify
FNDA:77,(anonymous_1)
FNDA:173,(anonymous_2)
FNDA:9,(anonymous_3)
FNDA:13,(anonymous_4)
FNDA:13,(anonymous_5)
FNDA:4,(anonymous_6)
FNDA:8,(anonymous_7)
FNDA:16,(anonymous_8)
FNDA:17,(anonymous_9)
FNDA:2,(anonymous_10)
FNDA:77,(anonymous_11)
FNDA:5,(anonymous_12)
FNDA:68,(anonymous_13)
FNDA:68,(anonymous_14)
FNDA:5,(anonymous_15)
DA:15,5
DA:19,5
DA:20,5
DA:21,5
DA:31,5
DA:32,5
DA:35,5
DA:36,5
DA:38,5
DA:44,5
DA:46,5
DA:47,78
DA:48,78
DA:49,1
DA:51,77
DA:54,5
DA:55,77
DA:58,5
DA:59,173
DA:62,5
DA:67,5
DA:73,5
DA:74,9
DA:75,9
DA:76,7
DA:78,4
DA:79,2
DA:82,2
DA:87,5
DA:88,13
DA:89,13
DA:90,11
DA:92,10
DA:93,10
DA:95,8
DA:96,8
DA:98,6
DA:99,5
DA:101,3
DA:103,1
DA:108,5
DA:109,13
DA:110,13
DA:111,11
DA:112,10
DA:113,10
DA:114,8
DA:115,8
DA:116,6
DA:117,5
DA:118,3
DA:120,1
DA:125,5
DA:126,4
DA:127,4
DA:128,2
DA:131,2
DA:137,5
DA:138,8
DA:139,8
DA:140,6
DA:142,3
DA:143,3
DA:144,2
DA:147,1
DA:152,5
DA:153,16
DA:154,16
DA:155,13
DA:156,13
DA:157,12
DA:158,10
DA:159,8
DA:161,2
DA:166,5
DA:167,17
DA:168,17
DA:169,16
DA:170,16
DA:172,16
DA:173,4
DA:176,12
DA:178,10
DA:179,2
DA:182,8
DA:185,2
DA:196,5
DA:197,5
DA:198,5
DA:201,5
DA:202,2
DA:203,2
DA:204,2
DA:206,2
DA:207,2
DA:212,2
DA:214,1
DA:216,1
DA:222,1
DA:230,5
DA:231,77
DA:235,5
DA:236,5
DA:237,2
DA:240,3
DA:244,5
DA:245,68
DA:246,68
DA:251,5
LF:109
LH:109
BRDA:48,0,0,1
BRDA:48,0,1,77
BRDA:75,1,0,2
BRDA:75,1,1,7
BRDA:76,2,0,3
BRDA:76,2,1,4
BRDA:76,3,0,7
BRDA:76,3,1,3
BRDA:89,4,0,2
BRDA:89,4,1,11
BRDA:90,5,0,1
BRDA:90,5,1,10
BRDA:90,6,0,11
BRDA:90,6,1,1
BRDA:90,6,2,1
BRDA:93,7,0,2
BRDA:93,7,1,8
BRDA:96,8,0,2
BRDA:96,8,1,6
BRDA:98,9,0,6
BRDA:98,9,1,5
BRDA:99,10,0,2
BRDA:99,10,1,3
BRDA:110,11,0,2
BRDA:110,11,1,11
BRDA:111,12,0,1
BRDA:111,12,1,10
BRDA:111,13,0,11
BRDA:111,13,1,2
BRDA:111,13,2,2
BRDA:113,14,0,2
BRDA:113,14,1,8
BRDA:115,15,0,2
BRDA:115,15,1,6
BRDA:117,16,0,2
BRDA:117,16,1,3
BRDA:139,17,0,2
BRDA:139,17,1,6
BRDA:140,18,0,3
BRDA:140,18,1,3
BRDA:154,19,0,3
BRDA:154,19,1,13
BRDA:156,20,0,1
BRDA:156,20,1,12
BRDA:158,21,0,2
BRDA:158,21,1,8
BRDA:168,22,0,1
BRDA:168,22,1,16
BRDA:172,23,0,4
BRDA:172,23,1,12
BRDA:172,24,0,16
BRDA:172,24,1,16
BRDA:178,25,0,2
BRDA:178,25,1,8
BRDA:212,26,0,1
BRDA:212,26,1,1
BRDA:236,27,0,2
BRDA:236,27,1,3
BRF:58
BRH:58
end_of_record
TN:
SF:router\forms_route.mjs
FN:14,(anonymous_0)
FN:39,(anonymous_1)
FNF:2
FNH:2
FNDA:9,(anonymous_0)
FNDA:5,(anonymous_1)
DA:5,5
DA:8,5
DA:16,9
DA:17,2
DA:20,7
DA:21,7
DA:22,2
DA:25,5
DA:26,5
DA:27,5
DA:28,3
DA:30,2
DA:31,1
DA:33,1
DA:39,5
DA:40,5
DA:41,2
DA:43,3
DA:44,3
DA:45,3
DA:55,2
DA:57,1
LF:22
LH:22
BRDA:16,0,0,2
BRDA:16,0,1,7
BRDA:16,1,0,9
BRDA:16,1,1,8
BRDA:21,2,0,2
BRDA:21,2,1,5
BRDA:30,3,0,1
BRDA:30,3,1,1
BRDA:40,4,0,2
BRDA:40,4,1,3
BRF:10
BRH:10
end_of_record
TN:
SF:router\get-all_route.mjs
FN:7,(anonymous_0)
FN:17,(anonymous_1)
FN:27,(anonymous_2)
FN:37,(anonymous_3)
FN:56,(anonymous_4)
FNF:5
FNH:5
FNDA:4,(anonymous_0)
FNDA:2,(anonymous_1)
FNDA:4,(anonymous_2)
FNDA:6,(anonymous_3)
FNDA:4,(anonymous_4)
DA:4,5
DA:7,5
DA:8,4
DA:9,4
DA:10,3
DA:12,1
DA:17,5
DA:18,2
DA:19,2
DA:20,1
DA:22,1
DA:27,5
DA:28,4
DA:29,4
DA:30,3
DA:32,1
DA:37,5
DA:38,6
DA:40,6
DA:41,1
DA:44,5
DA:45,2
DA:48,3
DA:49,2
DA:51,1
DA:56,5
DA:58,4
DA:59,1
DA:61,3
DA:62,3
DA:63,3
DA:64,1
DA:66,2
DA:69,1
DA:71,1
LF:35
LH:35
BRDA:40,0,0,1
BRDA:40,0,1,5
BRDA:44,1,0,2
BRDA:44,1,1,3
BRDA:58,2,0,1
BRDA:58,2,1,3
BRDA:66,3,0,1
BRDA:66,3,1,1
BRF:8
BRH:8
end_of_record
TN:
SF:router\registration_route.mjs
FN:15,(anonymous_0)
FNF:1
FNH:1
FNDA:9,(anonymous_0)
DA:5,5
DA:8,5
DA:17,9
DA:18,9
DA:19,2
DA:22,7
DA:23,7
DA:24,7
DA:25,4
DA:27,3
DA:28,2
DA:30,1
LF:12
LH:12
BRDA:18,0,0,2
BRDA:18,0,1,7
BRDA:27,1,0,2
BRDA:27,1,1,1
BRF:4
BRH:4
end_of_record
TN:
SF:services\getAll.mjs
FN:17,(anonymous_0)
FN:21,(anonymous_1)
FN:28,(anonymous_2)
FN:32,(anonymous_3)
FN:39,(anonymous_4)
FN:44,(anonymous_5)
FNF:6
FNH:6
FNDA:1,(anonymous_0)
FNDA:2,(anonymous_1)
FNDA:1,(anonymous_2)
FNDA:1,(anonymous_3)
FNDA:1,(anonymous_4)
FNDA:1,(anonymous_5)
DA:5,5
DA:7,5
DA:17,5
DA:18,1
DA:19,1
DA:20,1
DA:21,2
DA:23,0
DA:28,5
DA:29,1
DA:30,1
DA:31,1
DA:32,1
DA:34,0
DA:39,5
DA:40,1
DA:41,1
DA:42,1
DA:44,1
DA:50,0
LF:20
LH:17
BRF:0
BRH:0
end_of_record
TN:
SF:services\operator.mjs
FN:16,(anonymous_0)
FN:26,(anonymous_1)
FN:27,(anonymous_2)
FN:44,(anonymous_3)
FN:54,(anonymous_4)
FN:68,(anonymous_5)
FN:71,(anonymous_6)
FN:72,(anonymous_7)
FNF:8
FNH:8
FNDA:4,(anonymous_0)
FNDA:3,(anonymous_1)
FNDA:3,(anonymous_2)
FNDA:1,(anonymous_3)
FNDA:2,(anonymous_4)
FNDA:1,(anonymous_5)
FNDA:1,(anonymous_6)
FNDA:1,(anonymous_7)
DA:5,5
DA:7,5
DA:16,5
DA:17,4
DA:18,4
DA:19,4
DA:21,4
DA:22,4
DA:24,3
DA:26,3
DA:27,3
DA:28,3
DA:30,2
DA:35,2
DA:39,0
DA:44,5
DA:45,1
DA:46,1
DA:53,1
DA:54,2
DA:63,0
DA:68,5
DA:69,1
DA:71,1
DA:72,1
DA:73,1
DA:75,1
DA:80,1
DA:82,1
DA:83,1
DA:84,1
DA:86,0
LF:32
LH:29
BRDA:22,0,0,1
BRDA:22,0,1,3
BRDA:28,1,0,1
BRDA:28,1,1,2
BRDA:35,2,0,1
BRDA:35,2,1,1
BRDA:73,3,0,0
BRDA:73,3,1,1
BRF:8
BRH:7
end_of_record
TN:
SF:services\report.mjs
FN:14,(anonymous_0)
FN:67,(anonymous_1)
FN:102,(anonymous_2)
FN:129,(anonymous_3)
FN:165,(anonymous_4)
FN:192,(anonymous_5)
FN:285,(anonymous_6)
FN:320,(anonymous_7)
FN:344,(anonymous_8)
FNF:9
FNH:9
FNDA:2,(anonymous_0)
FNDA:3,(anonymous_1)
FNDA:2,(anonymous_2)
FNDA:4,(anonymous_3)
FNDA:2,(anonymous_4)
FNDA:3,(anonymous_5)
FNDA:2,(anonymous_6)
FNDA:1,(anonymous_7)
FNDA:3,(anonymous_8)
DA:4,5
DA:6,5
DA:14,5
DA:15,2
DA:17,2
DA:18,2
DA:21,2
DA:22,2
DA:24,2
DA:25,1
DA:28,1
DA:31,1
DA:32,1
DA:33,1
DA:35,1
DA:40,1
DA:41,1
DA:42,1
DA:44,1
DA:49,1
DA:50,1
DA:51,1
DA:52,1
DA:55,1
DA:57,1
DA:59,1
DA:60,1
DA:62,2
DA:67,5
DA:68,3
DA:69,3
DA:101,3
DA:102,2
DA:124,1
DA:129,5
DA:130,4
DA:131,4
DA:164,4
DA:165,3
DA:187,1
DA:192,5
DA:193,3
DA:194,3
DA:197,3
DA:198,3
DA:199,0
DA:202,3
DA:210,3
DA:212,2
DA:214,1
DA:218,1
DA:250,1
DA:253,1
DA:254,1
DA:256,1
DA:279,1
DA:281,3
DA:285,5
DA:286,2
DA:287,2
DA:319,2
DA:320,2
DA:340,0
DA:344,5
DA:345,3
DA:346,3
DA:357,3
DA:358,2
DA:359,1
DA:362,1
DA:364,1
LF:71
LH:69
BRDA:24,0,0,1
BRDA:24,0,1,1
BRDA:40,1,0,1
BRDA:40,1,1,1
BRDA:112,2,0,1
BRDA:112,2,1,1
BRDA:121,3,0,2
BRDA:121,3,1,1
BRDA:175,4,0,1
BRDA:175,4,1,1
BRDA:184,5,0,2
BRDA:184,5,1,1
BRDA:192,6,0,0
BRDA:198,7,0,0
BRDA:198,7,1,3
BRDA:199,8,0,0
BRDA:199,8,1,0
BRDA:212,9,0,1
BRDA:212,9,1,1
BRDA:254,10,0,0
BRDA:254,10,1,1
BRDA:266,11,0,1
BRDA:266,11,1,0
BRDA:275,12,0,1
BRDA:275,12,1,0
BRDA:329,13,0,0
BRDA:329,13,1,1
BRDA:329,14,0,1
BRDA:329,14,1,0
BRDA:337,15,0,1
BRDA:337,15,1,0
BRDA:358,16,0,1
BRDA:358,16,1,1
BRF:33
BRH:23
end_of_record
TN:
SF:services\technical_officer.mjs
FN:15,(anonymous_0)
FN:43,(anonymous_1)
FNF:2
FNH:2
FNDA:5,(anonymous_0)
FNDA:3,(anonymous_1)
DA:4,5
DA:6,5
DA:15,5
DA:17,5
DA:18,5
DA:19,3
DA:20,3
DA:21,3
DA:22,1
DA:24,2
DA:25,2
DA:26,2
DA:27,2
DA:28,1
DA:30,1
DA:31,1
DA:32,2
DA:33,1
DA:34,1
DA:36,1
DA:39,3
DA:40,3
DA:42,2
DA:43,3
LF:24
LH:24
BRDA:18,0,0,3
BRDA:18,0,1,2
BRDA:18,1,0,5
BRDA:18,1,1,3
BRDA:21,2,0,1
BRDA:21,2,1,2
BRDA:27,3,0,1
BRDA:27,3,1,1
BRDA:32,4,0,1
BRDA:32,4,1,1
BRDA:32,5,0,2
BRDA:32,5,1,2
BRDA:32,5,2,1
BRDA:32,5,3,0
BRF:14
BRH:13
end_of_record
TN:
SF:services\user.mjs
FN:16,(anonymous_0)
FN:30,(anonymous_1)
FN:31,(anonymous_2)
FN:53,(anonymous_3)
FN:54,(anonymous_4)
FN:71,(anonymous_5)
FN:74,(anonymous_6)
FN:75,(anonymous_7)
FN:91,(anonymous_8)
FN:104,(anonymous_9)
FN:110,(anonymous_10)
FN:113,(anonymous_11)
FNF:12
FNH:12
FNDA:2,(anonymous_0)
FNDA:1,(anonymous_1)
FNDA:1,(anonymous_2)
FNDA:1,(anonymous_3)
FNDA:1,(anonymous_4)
FNDA:1,(anonymous_5)
FNDA:1,(anonymous_6)
FNDA:1,(anonymous_7)
FNDA:3,(anonymous_8)
FNDA:3,(anonymous_9)
FNDA:4,(anonymous_10)
FNDA:4,(anonymous_11)
DA:5,5
DA:7,5
DA:16,5
DA:17,2
DA:19,2
DA:20,2
DA:22,2
DA:23,1
DA:24,1
DA:30,1
DA:31,1
DA:32,1
DA:34,1
DA:39,1
DA:45,1
DA:46,1
DA:48,1
DA:49,1
DA:51,1
DA:53,1
DA:54,1
DA:55,1
DA:57,1
DA:62,1
DA:66,0
DA:71,5
DA:72,1
DA:74,1
DA:75,1
DA:76,1
DA:78,1
DA:79,1
DA:81,1
DA:82,1
DA:83,1
DA:85,0
DA:91,5
DA:92,3
DA:93,3
DA:94,3
DA:95,2
DA:96,1
DA:98,1
DA:100,1
DA:104,5
DA:105,3
DA:106,3
DA:107,3
DA:109,2
DA:110,4
DA:113,4
DA:115,2
DA:122,2
DA:124,2
DA:125,1
DA:127,1
LF:56
LH:54
BRDA:22,0,0,1
BRDA:22,0,1,1
BRDA:32,1,0,0
BRDA:32,1,1,1
BRDA:39,2,0,1
BRDA:39,2,1,0
BRDA:49,3,0,0
BRDA:49,3,1,1
BRDA:55,4,0,0
BRDA:55,4,1,1
BRDA:62,5,0,1
BRDA:62,5,1,0
BRDA:76,6,0,0
BRDA:76,6,1,1
BRDA:95,7,0,1
BRDA:95,7,1,1
BRDA:107,8,0,1
BRDA:107,8,1,2
BRF:18
BRH:12
end_of_record
