TN:
SF:router\category.mjs
FN:8,(anonymous_0)
FNF:1
FNH:1
FNDA:3,(anonymous_0)
DA:4,3
DA:8,3
DA:9,3
DA:10,3
DA:11,1
DA:13,2
DA:14,1
DA:16,1
LF:8
LH:8
BRDA:10,0,0,1
BRDA:10,0,1,2
BRF:2
BRH:2
end_of_record
TN:
SF:router\citizen.mjs
FN:25,(anonymous_0)
FN:46,(anonymous_1)
FN:62,(anonymous_2)
FN:90,(anonymous_3)
FN:112,(anonymous_4)
FNF:5
FNH:5
FNDA:4,(anonymous_0)
FNDA:5,(anonymous_1)
FNDA:5,(anonymous_2)
FNDA:4,(anonymous_3)
FNDA:6,(anonymous_4)
DA:11,24
DA:16,24
DA:27,4
DA:28,4
DA:29,1
DA:32,3
DA:33,3
DA:34,3
DA:35,1
DA:37,2
DA:38,1
DA:40,1
DA:46,24
DA:47,5
DA:48,5
DA:49,1
DA:50,4
DA:51,4
DA:52,1
DA:53,3
DA:54,2
DA:55,1
DA:57,1
DA:62,24
DA:63,5
DA:64,5
DA:65,1
DA:66,4
DA:67,4
DA:69,4
DA:70,1
DA:73,3
DA:75,2
DA:76,1
DA:81,1
DA:83,1
DA:90,24
DA:91,4
DA:92,4
DA:93,1
DA:94,3
DA:95,3
DA:99,3
DA:100,1
DA:102,2
DA:104,1
DA:106,1
DA:112,24
DA:113,6
DA:114,6
DA:115,1
DA:116,5
DA:117,5
DA:118,5
DA:119,1
DA:120,4
DA:121,1
DA:122,3
DA:123,2
DA:124,1
DA:125,1
DA:127,1
LF:62
LH:62
BRDA:28,0,0,1
BRDA:28,0,1,3
BRDA:37,1,0,1
BRDA:37,1,1,1
BRDA:48,2,0,1
BRDA:48,2,1,4
BRDA:51,3,0,1
BRDA:51,3,1,3
BRDA:54,4,0,1
BRDA:54,4,1,1
BRDA:64,5,0,1
BRDA:64,5,1,4
BRDA:69,6,0,1
BRDA:69,6,1,3
BRDA:69,7,0,4
BRDA:69,7,1,4
BRDA:75,8,0,1
BRDA:75,8,1,1
BRDA:92,9,0,1
BRDA:92,9,1,3
BRDA:99,10,0,1
BRDA:99,10,1,2
BRDA:114,11,0,1
BRDA:114,11,1,5
BRDA:118,12,0,1
BRDA:118,12,1,4
BRDA:120,13,0,1
BRDA:120,13,1,3
BRDA:123,14,0,1
BRDA:123,14,1,1
BRF:30
BRH:30
end_of_record
TN:
SF:router\company.mjs
FN:7,(anonymous_0)
FNF:1
FNH:1
FNDA:3,(anonymous_0)
DA:3,3
DA:7,3
DA:8,3
DA:9,3
DA:10,1
DA:12,2
DA:13,1
DA:15,1
LF:8
LH:8
BRDA:9,0,0,1
BRDA:9,0,1,2
BRF:2
BRH:2
end_of_record
TN:
SF:router\office.mjs
FN:7,(anonymous_0)
FNF:1
FNH:1
FNDA:3,(anonymous_0)
DA:4,3
DA:7,3
DA:8,3
DA:9,3
DA:10,1
DA:12,2
DA:13,1
DA:15,1
LF:8
LH:8
BRDA:9,0,0,1
BRDA:9,0,1,2
BRF:2
BRH:2
end_of_record
TN:
SF:router\operator.mjs
FN:14,(anonymous_0)
FN:38,(anonymous_1)
FN:81,(anonymous_2)
FNF:3
FNH:3
FNDA:4,(anonymous_0)
FNDA:6,(anonymous_1)
FNDA:6,(anonymous_2)
DA:9,16
DA:14,16
DA:15,4
DA:17,4
DA:18,1
DA:21,3
DA:22,1
DA:25,2
DA:26,1
DA:28,1
DA:36,16
DA:40,6
DA:41,1
DA:44,5
DA:45,5
DA:46,1
DA:49,4
DA:50,4
DA:52,4
DA:53,2
DA:54,1
DA:57,2
DA:59,1
DA:60,1
DA:63,1
DA:65,1
DA:72,16
DA:83,6
DA:84,1
DA:87,5
DA:88,5
DA:89,1
DA:92,4
DA:93,4
DA:95,4
DA:99,0
DA:102,4
DA:104,1
DA:108,3
DA:109,1
DA:111,2
DA:112,1
DA:114,1
LF:43
LH:42
BRDA:17,0,0,1
BRDA:17,0,1,3
BRDA:21,1,0,1
BRDA:21,1,1,2
BRDA:40,2,0,1
BRDA:40,2,1,5
BRDA:45,3,0,1
BRDA:45,3,1,4
BRDA:52,4,0,2
BRDA:52,4,1,2
BRDA:57,5,0,1
BRDA:57,5,1,1
BRDA:83,6,0,1
BRDA:83,6,1,5
BRDA:83,7,0,6
BRDA:83,7,1,6
BRDA:88,8,0,1
BRDA:88,8,1,4
BRDA:95,9,0,0
BRDA:95,9,1,4
BRDA:95,10,0,4
BRDA:95,10,1,4
BRDA:95,10,2,3
BRDA:102,11,0,1
BRDA:102,11,1,3
BRDA:102,12,0,4
BRDA:102,12,1,2
BRDA:102,12,2,4
BRDA:102,12,3,2
BRDA:111,13,0,1
BRDA:111,13,1,1
BRF:31
BRH:30
end_of_record
TN:
SF:router\report.mjs
FN:34,(anonymous_0)
FN:60,(anonymous_1)
FN:79,(anonymous_2)
FN:108,(anonymous_3)
FN:134,(anonymous_4)
FN:161,(anonymous_5)
FN:173,(anonymous_6)
FN:194,(anonymous_7)
FN:224,(anonymous_8)
FN:245,(anonymous_9)
FN:274,(anonymous_10)
FNF:11
FNH:11
FNDA:3,(anonymous_0)
FNDA:3,(anonymous_1)
FNDA:4,(anonymous_2)
FNDA:5,(anonymous_3)
FNDA:3,(anonymous_4)
FNDA:2,(anonymous_5)
FNDA:3,(anonymous_6)
FNDA:4,(anonymous_7)
FNDA:4,(anonymous_8)
FNDA:3,(anonymous_9)
FNDA:3,(anonymous_10)
DA:17,13
DA:20,13
DA:36,3
DA:37,1
DA:41,2
DA:42,2
DA:43,2
DA:53,1
DA:55,1
DA:60,13
DA:61,3
DA:62,3
DA:63,0
DA:64,3
DA:68,1
DA:70,2
DA:71,1
DA:73,1
DA:79,13
DA:80,4
DA:81,4
DA:82,0
DA:83,4
DA:84,0
DA:86,4
DA:87,4
DA:88,1
DA:90,3
DA:91,3
DA:92,1
DA:94,2
DA:99,2
DA:101,1
DA:103,0
DA:108,13
DA:109,5
DA:110,5
DA:111,0
DA:112,5
DA:116,1
DA:117,4
DA:118,4
DA:119,1
DA:120,3
DA:121,3
DA:122,1
DA:123,2
DA:124,2
DA:125,1
DA:127,0
DA:134,13
DA:135,3
DA:136,3
DA:137,0
DA:138,3
DA:142,0
DA:143,3
DA:144,3
DA:145,1
DA:147,2
DA:148,2
DA:149,1
DA:150,1
DA:151,1
DA:152,1
DA:154,0
DA:161,13
DA:162,2
DA:163,2
DA:164,1
DA:165,1
DA:166,1
DA:168,0
DA:173,13
DA:174,3
DA:175,3
DA:176,0
DA:177,3
DA:181,1
DA:183,2
DA:184,2
DA:185,2
DA:187,0
DA:194,13
DA:195,4
DA:196,4
DA:197,0
DA:199,4
DA:200,1
DA:203,3
DA:204,3
DA:205,1
DA:207,2
DA:208,2
DA:209,1
DA:212,1
DA:217,1
DA:219,0
DA:224,13
DA:225,4
DA:226,4
DA:227,1
DA:229,3
DA:230,1
DA:233,2
DA:234,2
DA:235,1
DA:237,1
DA:238,1
DA:240,0
DA:245,13
DA:246,3
DA:247,3
DA:248,0
DA:250,3
DA:251,3
DA:252,0
DA:254,3
DA:255,3
DA:256,1
DA:259,2
DA:261,2
DA:267,2
DA:269,0
DA:274,13
DA:275,3
DA:276,3
DA:277,0
DA:279,3
DA:280,3
DA:281,1
DA:283,2
DA:284,1
DA:286,1
LF:134
LH:115
BRDA:36,0,0,1
BRDA:36,0,1,2
BRDA:36,1,0,3
BRDA:36,1,1,2
BRDA:62,2,0,0
BRDA:62,2,1,3
BRDA:64,3,0,1
BRDA:64,3,1,2
BRDA:65,4,0,3
BRDA:65,4,1,1
BRDA:81,5,0,0
BRDA:81,5,1,4
BRDA:83,6,0,0
BRDA:83,6,1,4
BRDA:83,7,0,4
BRDA:83,7,1,4
BRDA:87,8,0,1
BRDA:87,8,1,3
BRDA:91,9,0,1
BRDA:91,9,1,2
BRDA:97,10,0,2
BRDA:97,10,1,2
BRDA:99,11,0,1
BRDA:99,11,1,1
BRDA:110,12,0,0
BRDA:110,12,1,5
BRDA:112,13,0,1
BRDA:112,13,1,4
BRDA:113,14,0,5
BRDA:113,14,1,1
BRDA:118,15,0,1
BRDA:118,15,1,3
BRDA:121,16,0,1
BRDA:121,16,1,2
BRDA:124,17,0,1
BRDA:124,17,1,1
BRDA:136,18,0,0
BRDA:136,18,1,3
BRDA:138,19,0,0
BRDA:138,19,1,3
BRDA:139,20,0,3
BRDA:139,20,1,0
BRDA:144,21,0,1
BRDA:144,21,1,2
BRDA:148,22,0,1
BRDA:148,22,1,1
BRDA:151,23,0,0
BRDA:151,23,1,1
BRDA:163,24,0,1
BRDA:163,24,1,1
BRDA:175,25,0,0
BRDA:175,25,1,3
BRDA:177,26,0,1
BRDA:177,26,1,2
BRDA:178,27,0,3
BRDA:178,27,1,2
BRDA:196,28,0,0
BRDA:196,28,1,4
BRDA:199,29,0,1
BRDA:199,29,1,3
BRDA:199,30,0,4
BRDA:199,30,1,1
BRDA:204,31,0,1
BRDA:204,31,1,2
BRDA:208,32,0,1
BRDA:208,32,1,1
BRDA:208,33,0,2
BRDA:208,33,1,1
BRDA:208,33,2,1
BRDA:226,34,0,1
BRDA:226,34,1,3
BRDA:229,35,0,1
BRDA:229,35,1,2
BRDA:229,36,0,3
BRDA:229,36,1,1
BRDA:234,37,0,1
BRDA:234,37,1,1
BRDA:247,38,0,0
BRDA:247,38,1,3
BRDA:251,39,0,0
BRDA:251,39,1,3
BRDA:255,40,0,1
BRDA:255,40,1,2
BRDA:255,41,0,3
BRDA:255,41,1,2
BRDA:255,41,2,2
BRDA:259,42,0,1
BRDA:259,42,1,1
BRDA:276,43,0,0
BRDA:276,43,1,3
BRDA:280,44,0,1
BRDA:280,44,1,2
BRF:92
BRH:79
end_of_record
TN:
SF:router\role.mjs
FN:7,(anonymous_0)
FNF:1
FNH:1
FNDA:3,(anonymous_0)
DA:4,3
DA:7,3
DA:8,3
DA:9,3
DA:10,1
DA:12,2
DA:13,1
DA:15,1
LF:8
LH:8
BRDA:9,0,0,1
BRDA:9,0,1,2
BRF:2
BRH:2
end_of_record
TN:
SF:services\category.mjs
FN:15,(anonymous_0)
FN:19,(anonymous_1)
FNF:2
FNH:2
FNDA:3,(anonymous_0)
FNDA:1,(anonymous_1)
DA:4,1
DA:6,1
DA:15,1
DA:16,3
DA:17,3
DA:19,2
LF:6
LH:6
BRF:0
BRH:0
end_of_record
TN:
SF:services\citizen.mjs
FN:25,(anonymous_0)
FN:35,(anonymous_1)
FN:36,(anonymous_2)
FN:65,(anonymous_3)
FN:79,(anonymous_4)
FN:84,(anonymous_5)
FN:86,(anonymous_6)
FN:104,(anonymous_7)
FN:119,(anonymous_8)
FN:151,(anonymous_9)
FNF:10
FNH:10
FNDA:3,(anonymous_0)
FNDA:3,(anonymous_1)
FNDA:3,(anonymous_2)
FNDA:6,(anonymous_3)
FNDA:3,(anonymous_4)
FNDA:2,(anonymous_5)
FNDA:2,(anonymous_6)
FNDA:2,(anonymous_7)
FNDA:5,(anonymous_8)
FNDA:5,(anonymous_9)
DA:6,1
DA:8,1
DA:16,1
DA:25,1
DA:33,3
DA:35,3
DA:36,3
DA:37,3
DA:40,2
DA:41,2
DA:51,2
DA:52,2
DA:53,1
DA:59,1
DA:65,1
DA:66,6
DA:68,6
DA:69,6
DA:70,5
DA:71,2
DA:73,3
DA:75,1
DA:79,1
DA:80,3
DA:81,3
DA:82,3
DA:84,2
DA:86,2
DA:88,2
DA:95,2
DA:97,2
DA:98,1
DA:100,1
DA:104,1
DA:105,2
DA:106,2
DA:113,1
DA:115,1
DA:119,1
DA:120,5
DA:121,5
DA:122,5
DA:125,5
DA:126,5
DA:129,4
DA:133,4
DA:136,3
DA:137,3
DA:138,2
DA:145,2
DA:147,3
DA:151,1
DA:152,5
DA:153,5
DA:157,5
DA:158,4
DA:159,1
DA:161,3
DA:166,3
DA:167,2
DA:168,0
DA:171,2
DA:172,2
DA:173,1
DA:175,3
LF:65
LH:64
BRDA:37,0,0,1
BRDA:37,0,1,2
BRDA:70,1,0,2
BRDA:70,1,1,3
BRDA:82,2,0,1
BRDA:82,2,1,2
BRDA:137,3,0,2
BRDA:137,3,1,1
BRDA:158,4,0,1
BRDA:158,4,1,3
BRDA:167,5,0,0
BRDA:167,5,1,2
BRF:12
BRH:11
end_of_record
TN:
SF:services\comment.mjs
FN:21,(anonymous_0)
FN:45,(anonymous_1)
FN:64,(anonymous_2)
FN:86,(anonymous_3)
FN:112,(anonymous_4)
FN:127,(anonymous_5)
FNF:6
FNH:6
FNDA:2,(anonymous_0)
FNDA:2,(anonymous_1)
FNDA:1,(anonymous_2)
FNDA:2,(anonymous_3)
FNDA:2,(anonymous_4)
FNDA:1,(anonymous_5)
DA:4,1
DA:6,1
DA:21,1
DA:26,2
DA:32,2
DA:37,1
DA:45,1
DA:46,2
DA:63,2
DA:64,1
DA:86,1
DA:92,2
DA:98,2
DA:104,1
DA:112,1
DA:113,2
DA:126,2
DA:127,1
LF:18
LH:18
BRF:0
BRH:0
end_of_record
TN:
SF:services\company.mjs
FN:15,(anonymous_0)
FN:19,(anonymous_1)
FNF:2
FNH:2
FNDA:3,(anonymous_0)
FNDA:1,(anonymous_1)
DA:4,1
DA:6,1
DA:15,1
DA:16,3
DA:17,3
DA:19,2
LF:6
LH:6
BRF:0
BRH:0
end_of_record
TN:
SF:services\office.mjs
FN:16,(anonymous_0)
FN:19,(anonymous_1)
FNF:2
FNH:2
FNDA:3,(anonymous_0)
FNDA:2,(anonymous_1)
DA:4,1
DA:6,1
DA:16,1
DA:17,3
DA:18,3
DA:19,2
LF:6
LH:6
BRF:0
BRH:0
end_of_record
TN:
SF:services\operator.mjs
FN:16,(anonymous_0)
FN:29,(anonymous_1)
FN:30,(anonymous_2)
FN:52,(anonymous_3)
FN:53,(anonymous_4)
FN:67,(anonymous_5)
FN:74,(anonymous_6)
FN:78,(anonymous_7)
FN:83,(anonymous_8)
FN:87,(anonymous_9)
FN:96,(anonymous_10)
FN:97,(anonymous_11)
FN:111,(anonymous_12)
FN:120,(anonymous_13)
FN:131,(anonymous_14)
FN:134,(anonymous_15)
FN:135,(anonymous_16)
FNF:17
FNH:17
FNDA:11,(anonymous_0)
FNDA:4,(anonymous_1)
FNDA:4,(anonymous_2)
FNDA:4,(anonymous_3)
FNDA:4,(anonymous_4)
FNDA:3,(anonymous_5)
FNDA:1,(anonymous_6)
FNDA:3,(anonymous_7)
FNDA:2,(anonymous_8)
FNDA:4,(anonymous_9)
FNDA:3,(anonymous_10)
FNDA:3,(anonymous_11)
FNDA:1,(anonymous_12)
FNDA:1,(anonymous_13)
FNDA:2,(anonymous_14)
FNDA:2,(anonymous_15)
FNDA:2,(anonymous_16)
DA:5,1
DA:7,1
DA:16,1
DA:18,11
DA:19,11
DA:21,10
DA:22,4
DA:23,4
DA:29,4
DA:30,4
DA:31,4
DA:33,3
DA:38,3
DA:44,6
DA:45,6
DA:47,5
DA:48,5
DA:50,4
DA:52,4
DA:53,4
DA:54,4
DA:56,3
DA:61,3
DA:67,1
DA:68,3
DA:72,3
DA:74,2
DA:78,1
DA:79,3
DA:80,3
DA:82,2
DA:83,2
DA:87,1
DA:88,4
DA:89,4
DA:91,4
DA:92,4
DA:94,3
DA:96,3
DA:97,3
DA:98,3
DA:100,2
DA:105,2
DA:111,1
DA:112,1
DA:119,1
DA:120,1
DA:131,1
DA:132,2
DA:134,2
DA:135,2
DA:136,2
DA:138,2
DA:143,2
DA:145,2
DA:146,2
DA:147,1
DA:149,1
LF:58
LH:58
BRDA:21,0,0,4
BRDA:21,0,1,6
BRDA:31,1,0,1
BRDA:31,1,1,3
BRDA:38,2,0,2
BRDA:38,2,1,1
BRDA:48,3,0,1
BRDA:48,3,1,4
BRDA:54,4,0,1
BRDA:54,4,1,3
BRDA:61,5,0,2
BRDA:61,5,1,1
BRDA:92,6,0,1
BRDA:92,6,1,3
BRDA:98,7,0,1
BRDA:98,7,1,2
BRDA:105,8,0,1
BRDA:105,8,1,1
BRDA:136,9,0,0
BRDA:136,9,1,2
BRF:20
BRH:19
end_of_record
TN:
SF:services\report.mjs
FN:14,(anonymous_0)
FN:67,(anonymous_1)
FN:106,(anonymous_2)
FN:135,(anonymous_3)
FN:178,(anonymous_4)
FN:209,(anonymous_5)
FN:324,(anonymous_6)
FN:358,(anonymous_7)
FN:379,(anonymous_8)
FN:400,(anonymous_9)
FNF:10
FNH:10
FNDA:3,(anonymous_0)
FNDA:3,(anonymous_1)
FNDA:1,(anonymous_2)
FNDA:3,(anonymous_3)
FNDA:1,(anonymous_4)
FNDA:4,(anonymous_5)
FNDA:3,(anonymous_6)
FNDA:2,(anonymous_7)
FNDA:3,(anonymous_8)
FNDA:3,(anonymous_9)
DA:4,1
DA:6,1
DA:14,1
DA:15,3
DA:17,3
DA:18,3
DA:21,3
DA:22,3
DA:24,3
DA:25,1
DA:28,2
DA:31,2
DA:32,2
DA:33,2
DA:35,2
DA:40,2
DA:41,2
DA:42,2
DA:44,2
DA:49,2
DA:50,2
DA:51,2
DA:52,1
DA:55,1
DA:57,1
DA:59,2
DA:60,2
DA:62,3
DA:67,1
DA:68,3
DA:105,3
DA:106,2
DA:135,1
DA:136,3
DA:177,3
DA:178,2
DA:209,1
DA:210,4
DA:211,4
DA:214,4
DA:215,4
DA:216,1
DA:219,4
DA:228,4
DA:230,3
DA:232,1
DA:236,2
DA:278,2
DA:281,2
DA:282,2
DA:284,2
DA:318,1
DA:320,4
DA:324,1
DA:325,3
DA:357,3
DA:358,2
DA:379,1
DA:380,3
DA:391,3
DA:392,2
DA:393,1
DA:396,1
DA:400,1
DA:401,3
DA:413,3
DA:415,2
DA:416,1
DA:419,1
LF:69
LH:69
BRDA:24,0,0,1
BRDA:24,0,1,2
BRDA:40,1,0,2
BRDA:40,1,1,2
BRDA:116,2,0,1
BRDA:116,2,1,0
BRDA:125,3,0,1
BRDA:125,3,1,0
BRDA:130,4,0,1
BRDA:130,4,1,0
BRDA:188,5,0,1
BRDA:188,5,1,0
BRDA:197,6,0,1
BRDA:197,6,1,0
BRDA:203,7,0,0
BRDA:203,7,1,1
BRDA:204,8,0,1
BRDA:204,8,1,0
BRDA:209,9,0,3
BRDA:215,10,0,1
BRDA:215,10,1,3
BRDA:216,11,0,1
BRDA:216,11,1,0
BRDA:230,12,0,1
BRDA:230,12,1,2
BRDA:282,13,0,0
BRDA:282,13,1,2
BRDA:294,14,0,2
BRDA:294,14,1,0
BRDA:303,15,0,0
BRDA:303,15,1,2
BRDA:308,16,0,1
BRDA:308,16,1,1
BRDA:314,17,0,2
BRDA:314,17,1,0
BRDA:367,18,0,1
BRDA:367,18,1,1
BRDA:367,19,0,1
BRDA:367,19,1,0
BRDA:375,20,0,2
BRDA:375,20,1,0
BRDA:392,21,0,1
BRDA:392,21,1,1
BRDA:415,22,0,1
BRDA:415,22,1,1
BRF:45
BRH:31
end_of_record
TN:
SF:services\role.mjs
FN:15,(anonymous_0)
FN:18,(anonymous_1)
FNF:2
FNH:2
FNDA:3,(anonymous_0)
FNDA:1,(anonymous_1)
DA:4,1
DA:6,1
DA:15,1
DA:16,3
DA:17,3
DA:18,2
LF:6
LH:6
BRF:0
BRH:0
end_of_record
